2018-05-11 03:32:44,598 - ST-Steiner - DEBUG - Running ST-Steiner, 2018-05-11 03:32:44.598595 with ID cluster_n2_05
2018-05-11 03:32:44,598 - ST-Steiner - DEBUG - No constraint file list is provided.
2018-05-11 03:32:44,598 - ST-Steiner - DEBUG - Prizes read from data/tada_qval_rubeis14_iossifov14_2015_bspan_mapped.txt
2018-05-11 03:32:44,614 - ST-Steiner - DEBUG - Reading network from data/n2_05.wnetwork
2018-05-11 03:32:44,711 - ST-Steiner - DEBUG - Network has 4,539 nodes, 9,362 edges.
2018-05-11 03:32:44,712 - ST-Steiner - DEBUG - Edge cost mode selected: 1-weightsqd
2018-05-11 03:32:44,712 - ST-Steiner - DEBUG - Computing edge costs
2018-05-11 03:32:44,739 - ST-Steiner - DEBUG - Scaling node prizes by 10.0
2018-05-11 03:32:44,745 - ST-Steiner - DEBUG - Begin computing new node prizes.
2018-05-11 03:32:44,745 - ST-Steiner - DEBUG -   Finding node frequencies in constraining networks
2018-05-11 03:32:44,745 - ST-Steiner - DEBUG -   Computing artifical prizes
2018-05-11 03:32:44,746 - ST-Steiner - DEBUG -     lambda = 0.0
2018-05-11 03:32:44,746 - ST-Steiner - DEBUG -     alpha  = 2.0
2018-05-11 03:32:44,746 - ST-Steiner - DEBUG -     mode   = positive
2018-05-11 03:32:44,746 - ST-Steiner - DEBUG -   Saving artificial prizes, to intermediate_files/cluster_n2_05.txt
2018-05-11 03:32:44,746 - ST-Steiner - DEBUG -   Updating the original prizes
2018-05-11 03:32:44,751 - ST-Steiner - DEBUG - New prizes computed.
2018-05-11 03:32:44,764 - ST-Steiner - DEBUG - Writing msgsteiner stp file to intermediate_files/cluster_n2_05.stp
2018-05-11 03:32:44,795 - ST-Steiner - DEBUG - Executing msgsteiner binary at ../msgsteiner-1.3/msgsteiner
2018-05-11 03:32:44,795 - ST-Steiner - DEBUG - Executing command: ../msgsteiner-1.3/msgsteiner -o -d 30 -r 0 -g 1e-3
2018-05-11 03:32:44,795 - ST-Steiner - DEBUG - (With inhandle intermediate_files/cluster_n2_05.stp)
2018-05-11 03:32:55,447 - ST-Steiner - DEBUG - Done. Duration: 10.651 seconds.
2018-05-11 03:32:55,447 - ST-Steiner - DEBUG - Root: SYNE1
2018-05-11 03:32:55,458 - ST-Steiner - DEBUG - Tree found, 4084 nodes, 4083 edges
2018-05-11 03:32:55,458 - ST-Steiner - DEBUG - Nodes:
2018-05-11 03:32:55,458 - ST-Steiner - DEBUG - Finding Steiner tree is completed.
2018-05-11 03:32:55,461 - ST-Steiner - DEBUG - Saving to intermediate_files/cluster_n2_05.json
2018-05-11 03:32:55,479 - ST-Steiner - DEBUG - Saving to clusters/cluster_n2_05.txt
2018-05-11 03:32:55,486 - ST-Steiner - DEBUG - ST-Steiner 2018-05-11 03:32:55.486658 with ID cluster_n2_05 completed.
2018-05-11 03:33:27,208 - ST-Steiner - DEBUG - Running ST-Steiner, 2018-05-11 03:33:27.208612 with ID cluster_n2_05
2018-05-11 03:33:27,209 - ST-Steiner - DEBUG - Read constraining file list from clusters/cluster_list.txt: 7 files
2018-05-11 03:33:27,209 - ST-Steiner - DEBUG - Files:
2018-05-11 03:33:27,209 - ST-Steiner - DEBUG - 	clusters/cluster_ap1_07.txt
2018-05-11 03:33:27,209 - ST-Steiner - DEBUG - 	clusters/cluster_bp1_07.txt
2018-05-11 03:33:27,209 - ST-Steiner - DEBUG - 	clusters/cluster_ap2_07.txt
2018-05-11 03:33:27,209 - ST-Steiner - DEBUG - 	clusters/cluster_bp2_07.txt
2018-05-11 03:33:27,209 - ST-Steiner - DEBUG - 	clusters/cluster_n1_05.txt
2018-05-11 03:33:27,209 - ST-Steiner - DEBUG - 	clusters/cluster_n2_05.txt
2018-05-11 03:33:27,209 - ST-Steiner - DEBUG - 	clusters/cluster_n3_05.txt
2018-05-11 03:33:27,210 - ST-Steiner - DEBUG - Loaded contraining set from clusters/cluster_ap1_07.txt: 5105 nodes
2018-05-11 03:33:27,227 - ST-Steiner - DEBUG - Loaded contraining set from clusters/cluster_bp1_07.txt: 4955 nodes
2018-05-11 03:33:27,232 - ST-Steiner - DEBUG - Loaded contraining set from clusters/cluster_ap2_07.txt: 3958 nodes
2018-05-11 03:33:27,236 - ST-Steiner - DEBUG - Loaded contraining set from clusters/cluster_bp2_07.txt: 4362 nodes
2018-05-11 03:33:27,240 - ST-Steiner - DEBUG - Loaded contraining set from clusters/cluster_n1_05.txt: 4116 nodes
2018-05-11 03:33:27,245 - ST-Steiner - DEBUG - Loaded contraining set from clusters/cluster_n2_05.txt: 4084 nodes
2018-05-11 03:33:27,248 - ST-Steiner - DEBUG - Loaded contraining set from clusters/cluster_n3_05.txt: 4 nodes
2018-05-11 03:33:27,248 - ST-Steiner - DEBUG - Prizes read from data/tada_qval_rubeis14_iossifov14_2015_bspan_mapped.txt
2018-05-11 03:33:27,265 - ST-Steiner - DEBUG - Reading network from data/n2_05.wnetwork
2018-05-11 03:33:27,346 - ST-Steiner - DEBUG - Network has 4,539 nodes, 9,362 edges.
2018-05-11 03:33:27,346 - ST-Steiner - DEBUG - Edge cost mode selected: 1-weightsqd
2018-05-11 03:33:27,346 - ST-Steiner - DEBUG - Computing edge costs
2018-05-11 03:33:27,374 - ST-Steiner - DEBUG - Scaling node prizes by 10.0
2018-05-11 03:33:27,380 - ST-Steiner - DEBUG - Begin computing new node prizes.
2018-05-11 03:33:27,380 - ST-Steiner - DEBUG -   Finding node frequencies in constraining networks
2018-05-11 03:33:27,387 - ST-Steiner - DEBUG -   Computing artifical prizes
2018-05-11 03:33:27,387 - ST-Steiner - DEBUG -     lambda = 0.001
2018-05-11 03:33:27,387 - ST-Steiner - DEBUG -     alpha  = 2.0
2018-05-11 03:33:27,387 - ST-Steiner - DEBUG -     mode   = positive
2018-05-11 03:33:27,388 - ST-Steiner - DEBUG -   Saving artificial prizes, to intermediate_files/cluster_n2_05.txt
2018-05-11 03:33:27,403 - ST-Steiner - DEBUG -   Updating the original prizes
2018-05-11 03:33:27,418 - ST-Steiner - DEBUG - New prizes computed.
2018-05-11 03:33:27,435 - ST-Steiner - DEBUG - Writing msgsteiner stp file to intermediate_files/cluster_n2_05.stp
2018-05-11 03:33:27,472 - ST-Steiner - DEBUG - Executing msgsteiner binary at ../msgsteiner-1.3/msgsteiner
2018-05-11 03:33:27,472 - ST-Steiner - DEBUG - Executing command: ../msgsteiner-1.3/msgsteiner -o -d 30 -r 0 -g 1e-3
2018-05-11 03:33:27,472 - ST-Steiner - DEBUG - (With inhandle intermediate_files/cluster_n2_05.stp)
2018-05-11 03:33:38,696 - ST-Steiner - DEBUG - Done. Duration: 11.223 seconds.
2018-05-11 03:33:38,697 - ST-Steiner - DEBUG - Root: SYNE1
2018-05-11 03:33:38,721 - ST-Steiner - DEBUG - Tree found, 4084 nodes, 4083 edges
2018-05-11 03:33:38,721 - ST-Steiner - DEBUG - Nodes:
2018-05-11 03:33:38,721 - ST-Steiner - DEBUG - Finding Steiner tree is completed.
2018-05-11 03:33:38,725 - ST-Steiner - DEBUG - Saving to intermediate_files/cluster_n2_05.json
2018-05-11 03:33:38,777 - ST-Steiner - DEBUG - Saving to clusters/cluster_n2_05.txt
2018-05-11 03:33:38,786 - ST-Steiner - DEBUG - ST-Steiner 2018-05-11 03:33:38.786460 with ID cluster_n2_05 completed.
2018-05-11 03:36:30,341 - ST-Steiner - DEBUG - Running ST-Steiner, 2018-05-11 03:36:30.341751 with ID cluster_n2_05
2018-05-11 03:36:30,342 - ST-Steiner - DEBUG - No constraint file list is provided.
2018-05-11 03:36:30,342 - ST-Steiner - DEBUG - Prizes read from data/tada_qval_rubeis14_iossifov14_2015_bspan_mapped.txt
2018-05-11 03:36:30,357 - ST-Steiner - DEBUG - Reading network from data/n2_05.wnetwork
2018-05-11 03:36:30,458 - ST-Steiner - DEBUG - Network has 4,539 nodes, 9,362 edges.
2018-05-11 03:36:30,458 - ST-Steiner - DEBUG - Edge cost mode selected: 1-weightsqd
2018-05-11 03:36:30,458 - ST-Steiner - DEBUG - Computing edge costs
2018-05-11 03:36:30,487 - ST-Steiner - DEBUG - Scaling node prizes by 150.0
2018-05-11 03:36:30,494 - ST-Steiner - DEBUG - Begin computing new node prizes.
2018-05-11 03:36:30,494 - ST-Steiner - DEBUG -   Finding node frequencies in constraining networks
2018-05-11 03:36:30,494 - ST-Steiner - DEBUG -   Computing artifical prizes
2018-05-11 03:36:30,494 - ST-Steiner - DEBUG -     lambda = 0.0
2018-05-11 03:36:30,494 - ST-Steiner - DEBUG -     alpha  = 2.0
2018-05-11 03:36:30,494 - ST-Steiner - DEBUG -     mode   = positive
2018-05-11 03:36:30,494 - ST-Steiner - DEBUG -   Saving artificial prizes, to intermediate_files/cluster_n2_05.txt
2018-05-11 03:36:30,495 - ST-Steiner - DEBUG -   Updating the original prizes
2018-05-11 03:36:30,501 - ST-Steiner - DEBUG - New prizes computed.
2018-05-11 03:36:30,514 - ST-Steiner - DEBUG - Writing msgsteiner stp file to intermediate_files/cluster_n2_05.stp
2018-05-11 03:36:30,545 - ST-Steiner - DEBUG - Executing msgsteiner binary at ../msgsteiner-1.3/msgsteiner
2018-05-11 03:36:30,545 - ST-Steiner - DEBUG - Executing command: ../msgsteiner-1.3/msgsteiner -o -d 30 -r 0 -g 1e-3
2018-05-11 03:36:30,545 - ST-Steiner - DEBUG - (With inhandle intermediate_files/cluster_n2_05.stp)
2018-05-11 03:36:41,117 - ST-Steiner - DEBUG - Done. Duration: 10.572 seconds.
2018-05-11 03:36:41,117 - ST-Steiner - DEBUG - Root: SYNE1
2018-05-11 03:36:41,129 - ST-Steiner - DEBUG - Tree found, 4091 nodes, 4090 edges
2018-05-11 03:36:41,129 - ST-Steiner - DEBUG - Nodes:
2018-05-11 03:36:41,129 - ST-Steiner - DEBUG - Finding Steiner tree is completed.
2018-05-11 03:36:41,131 - ST-Steiner - DEBUG - Saving to intermediate_files/cluster_n2_05.json
2018-05-11 03:36:41,151 - ST-Steiner - DEBUG - Saving to clusters/cluster_n2_05.txt
2018-05-11 03:36:41,158 - ST-Steiner - DEBUG - ST-Steiner 2018-05-11 03:36:41.158939 with ID cluster_n2_05 completed.
2018-05-11 03:37:15,141 - ST-Steiner - DEBUG - Running ST-Steiner, 2018-05-11 03:37:15.141712 with ID cluster_n2_05
2018-05-11 03:37:15,142 - ST-Steiner - DEBUG - Read constraining file list from clusters/cluster_list.txt: 10 files
2018-05-11 03:37:15,142 - ST-Steiner - DEBUG - Files:
2018-05-11 03:37:15,142 - ST-Steiner - DEBUG - 	clusters/cluster_ap1_07.txt
2018-05-11 03:37:15,142 - ST-Steiner - DEBUG - 	clusters/cluster_bp1_07.txt
2018-05-11 03:37:15,142 - ST-Steiner - DEBUG - 	clusters/cluster_ap2_07.txt
2018-05-11 03:37:15,142 - ST-Steiner - DEBUG - 	clusters/cluster_bp2_07.txt
2018-05-11 03:37:15,142 - ST-Steiner - DEBUG - 	clusters/cluster_n1_05.txt
2018-05-11 03:37:15,142 - ST-Steiner - DEBUG - 	clusters/cluster_n2_05.txt
2018-05-11 03:37:15,142 - ST-Steiner - DEBUG - 	clusters/cluster_n3_05.txt
2018-05-11 03:37:15,143 - ST-Steiner - DEBUG - 	clusters/cluster_n1_05.txt
2018-05-11 03:37:15,143 - ST-Steiner - DEBUG - 	clusters/cluster_n2_05.txt
2018-05-11 03:37:15,143 - ST-Steiner - DEBUG - 	clusters/cluster_n3_05.txt
2018-05-11 03:37:15,144 - ST-Steiner - DEBUG - Loaded contraining set from clusters/cluster_ap1_07.txt: 5105 nodes
2018-05-11 03:37:15,160 - ST-Steiner - DEBUG - Loaded contraining set from clusters/cluster_bp1_07.txt: 4955 nodes
2018-05-11 03:37:15,165 - ST-Steiner - DEBUG - Loaded contraining set from clusters/cluster_ap2_07.txt: 3958 nodes
2018-05-11 03:37:15,169 - ST-Steiner - DEBUG - Loaded contraining set from clusters/cluster_bp2_07.txt: 4362 nodes
2018-05-11 03:37:15,173 - ST-Steiner - DEBUG - Loaded contraining set from clusters/cluster_n1_05.txt: 4123 nodes
2018-05-11 03:37:15,177 - ST-Steiner - DEBUG - Loaded contraining set from clusters/cluster_n2_05.txt: 4091 nodes
2018-05-11 03:37:15,180 - ST-Steiner - DEBUG - Loaded contraining set from clusters/cluster_n3_05.txt: 4 nodes
2018-05-11 03:37:15,181 - ST-Steiner - DEBUG - Loaded contraining set from clusters/cluster_n1_05.txt: 4123 nodes
2018-05-11 03:37:15,185 - ST-Steiner - DEBUG - Loaded contraining set from clusters/cluster_n2_05.txt: 4091 nodes
2018-05-11 03:37:15,188 - ST-Steiner - DEBUG - Loaded contraining set from clusters/cluster_n3_05.txt: 4 nodes
2018-05-11 03:37:15,188 - ST-Steiner - DEBUG - Prizes read from data/tada_qval_rubeis14_iossifov14_2015_bspan_mapped.txt
2018-05-11 03:37:15,205 - ST-Steiner - DEBUG - Reading network from data/n2_05.wnetwork
2018-05-11 03:37:15,293 - ST-Steiner - DEBUG - Network has 4,539 nodes, 9,362 edges.
2018-05-11 03:37:15,294 - ST-Steiner - DEBUG - Edge cost mode selected: 1-weightsqd
2018-05-11 03:37:15,294 - ST-Steiner - DEBUG - Computing edge costs
2018-05-11 03:37:15,323 - ST-Steiner - DEBUG - Scaling node prizes by 150.0
2018-05-11 03:37:15,331 - ST-Steiner - DEBUG - Begin computing new node prizes.
2018-05-11 03:37:15,331 - ST-Steiner - DEBUG -   Finding node frequencies in constraining networks
2018-05-11 03:37:15,341 - ST-Steiner - DEBUG -   Computing artifical prizes
2018-05-11 03:37:15,341 - ST-Steiner - DEBUG -     lambda = 0.01
2018-05-11 03:37:15,341 - ST-Steiner - DEBUG -     alpha  = 2.0
2018-05-11 03:37:15,341 - ST-Steiner - DEBUG -     mode   = positive
2018-05-11 03:37:15,342 - ST-Steiner - DEBUG -   Saving artificial prizes, to intermediate_files/cluster_n2_05.txt
2018-05-11 03:37:15,355 - ST-Steiner - DEBUG -   Updating the original prizes
2018-05-11 03:37:15,369 - ST-Steiner - DEBUG - New prizes computed.
2018-05-11 03:37:15,385 - ST-Steiner - DEBUG - Writing msgsteiner stp file to intermediate_files/cluster_n2_05.stp
2018-05-11 03:37:15,418 - ST-Steiner - DEBUG - Executing msgsteiner binary at ../msgsteiner-1.3/msgsteiner
2018-05-11 03:37:15,418 - ST-Steiner - DEBUG - Executing command: ../msgsteiner-1.3/msgsteiner -o -d 30 -r 0 -g 1e-3
2018-05-11 03:37:15,418 - ST-Steiner - DEBUG - (With inhandle intermediate_files/cluster_n2_05.stp)
2018-05-11 03:37:27,623 - ST-Steiner - DEBUG - Done. Duration: 12.205 seconds.
2018-05-11 03:37:27,624 - ST-Steiner - DEBUG - Root: SYNE1
2018-05-11 03:37:27,635 - ST-Steiner - DEBUG - Tree found, 4091 nodes, 4090 edges
2018-05-11 03:37:27,635 - ST-Steiner - DEBUG - Nodes:
2018-05-11 03:37:27,635 - ST-Steiner - DEBUG - Finding Steiner tree is completed.
2018-05-11 03:37:27,638 - ST-Steiner - DEBUG - Saving to intermediate_files/cluster_n2_05.json
2018-05-11 03:37:27,679 - ST-Steiner - DEBUG - Saving to clusters/cluster_n2_05.txt
2018-05-11 03:37:27,686 - ST-Steiner - DEBUG - ST-Steiner 2018-05-11 03:37:27.686614 with ID cluster_n2_05 completed.
2018-05-20 11:42:11,778 - ST-Steiner - DEBUG - Running ST-Steiner, 2018-05-20 11:42:11.778528 with ID cluster_n2_05
2018-05-20 11:42:11,789 - ST-Steiner - DEBUG - No constraint file list is provided.
2018-05-20 11:42:11,789 - ST-Steiner - DEBUG - Prizes read from data/tada_qval_rubeis14_iossifov14_2015_bspan_mapped.txt
2018-05-20 11:42:11,805 - ST-Steiner - DEBUG - Reading network from data/n2_05.wnetwork
2018-05-20 11:42:11,913 - ST-Steiner - DEBUG - Network has 4,539 nodes, 9,362 edges.
2018-05-20 11:42:11,913 - ST-Steiner - DEBUG - Edge cost mode selected: 1-weightsqd
2018-05-20 11:42:11,914 - ST-Steiner - DEBUG - Computing edge costs
2018-05-20 11:42:11,944 - ST-Steiner - DEBUG - Scaling node prizes by 200.0
2018-05-20 11:42:11,951 - ST-Steiner - DEBUG - Begin computing new node prizes.
2018-05-20 11:42:11,951 - ST-Steiner - DEBUG -   Finding node frequencies in constraining networks
2018-05-20 11:42:11,951 - ST-Steiner - DEBUG -   Computing artifical prizes
2018-05-20 11:42:11,951 - ST-Steiner - DEBUG -     lambda = 0.0
2018-05-20 11:42:11,951 - ST-Steiner - DEBUG -     alpha  = 2.0
2018-05-20 11:42:11,951 - ST-Steiner - DEBUG -     mode   = positive
2018-05-20 11:42:11,952 - ST-Steiner - DEBUG -   Saving artificial prizes, to intermediate_files/cluster_n2_05.txt
2018-05-20 11:42:11,952 - ST-Steiner - DEBUG -   Updating the original prizes
2018-05-20 11:42:11,958 - ST-Steiner - DEBUG - New prizes computed.
2018-05-20 11:42:11,971 - ST-Steiner - DEBUG - Writing msgsteiner stp file to intermediate_files/cluster_n2_05.stp
2018-05-20 11:42:12,004 - ST-Steiner - DEBUG - Executing msgsteiner binary at ../msgsteiner-1.3/msgsteiner
2018-05-20 11:42:12,005 - ST-Steiner - DEBUG - Executing command: ../msgsteiner-1.3/msgsteiner -o -d 30 -r 0 -g 1e-3
2018-05-20 11:42:12,005 - ST-Steiner - DEBUG - (With inhandle intermediate_files/cluster_n2_05.stp)
2018-05-20 11:42:26,006 - ST-Steiner - DEBUG - Done. Duration: 14.001 seconds.
2018-05-20 11:42:26,006 - ST-Steiner - DEBUG - Root: SYNE1
2018-05-20 11:42:26,018 - ST-Steiner - DEBUG - Tree found, 4093 nodes, 4092 edges
2018-05-20 11:42:26,018 - ST-Steiner - DEBUG - Nodes:
2018-05-20 11:42:26,018 - ST-Steiner - DEBUG - Finding Steiner tree is completed.
2018-05-20 11:42:26,020 - ST-Steiner - DEBUG - Saving to intermediate_files/cluster_n2_05.json
2018-05-20 11:42:26,040 - ST-Steiner - DEBUG - Saving to clusters/cluster_n2_05.txt
2018-05-20 11:42:26,048 - ST-Steiner - DEBUG - Intermediate files and folder are removed
2018-05-20 11:42:26,049 - ST-Steiner - DEBUG - ST-Steiner 2018-05-20 11:42:26.049047 with ID cluster_n2_05 completed.
2018-05-20 11:42:26,539 - ST-Steiner - DEBUG - Running ST-Steiner, 2018-05-20 11:42:26.539079 with ID cluster_n2_05
2018-05-20 11:42:26,539 - ST-Steiner - DEBUG - No constraint file list is provided.
2018-05-20 11:42:26,539 - ST-Steiner - DEBUG - Prizes read from data/tada_qval_rubeis14_iossifov14_2015_bspan_mapped.txt
2018-05-20 11:42:26,559 - ST-Steiner - DEBUG - Reading network from data/n2_05.wnetwork
2018-05-20 11:42:26,686 - ST-Steiner - DEBUG - Network has 4,539 nodes, 9,362 edges.
2018-05-20 11:42:26,686 - ST-Steiner - DEBUG - Edge cost mode selected: 1-weightsqd
2018-05-20 11:42:26,686 - ST-Steiner - DEBUG - Computing edge costs
2018-05-20 11:42:26,721 - ST-Steiner - DEBUG - Scaling node prizes by 175.0
2018-05-20 11:42:26,728 - ST-Steiner - DEBUG - Begin computing new node prizes.
2018-05-20 11:42:26,728 - ST-Steiner - DEBUG -   Finding node frequencies in constraining networks
2018-05-20 11:42:26,728 - ST-Steiner - DEBUG -   Computing artifical prizes
2018-05-20 11:42:26,728 - ST-Steiner - DEBUG -     lambda = 0.0
2018-05-20 11:42:26,728 - ST-Steiner - DEBUG -     alpha  = 2.0
2018-05-20 11:42:26,728 - ST-Steiner - DEBUG -     mode   = positive
2018-05-20 11:42:26,728 - ST-Steiner - DEBUG -   Saving artificial prizes, to intermediate_files/cluster_n2_05.txt
2018-05-20 11:42:26,729 - ST-Steiner - DEBUG -   Updating the original prizes
2018-05-20 11:42:26,737 - ST-Steiner - DEBUG - New prizes computed.
2018-05-20 11:42:26,755 - ST-Steiner - DEBUG - Writing msgsteiner stp file to intermediate_files/cluster_n2_05.stp
2018-05-20 11:42:26,790 - ST-Steiner - DEBUG - Executing msgsteiner binary at ../msgsteiner-1.3/msgsteiner
2018-05-20 11:42:26,791 - ST-Steiner - DEBUG - Executing command: ../msgsteiner-1.3/msgsteiner -o -d 30 -r 0 -g 1e-3
2018-05-20 11:42:26,791 - ST-Steiner - DEBUG - (With inhandle intermediate_files/cluster_n2_05.stp)
2018-05-20 11:42:38,390 - ST-Steiner - DEBUG - Done. Duration: 11.599 seconds.
2018-05-20 11:42:38,390 - ST-Steiner - DEBUG - Root: SYNE1
2018-05-20 11:42:38,402 - ST-Steiner - DEBUG - Tree found, 4091 nodes, 4090 edges
2018-05-20 11:42:38,403 - ST-Steiner - DEBUG - Nodes:
2018-05-20 11:42:38,403 - ST-Steiner - DEBUG - Finding Steiner tree is completed.
2018-05-20 11:42:38,406 - ST-Steiner - DEBUG - Saving to intermediate_files/cluster_n2_05.json
2018-05-20 11:42:38,425 - ST-Steiner - DEBUG - Saving to clusters/cluster_n2_05.txt
2018-05-20 11:42:38,433 - ST-Steiner - DEBUG - Intermediate files and folder are removed
2018-05-20 11:42:38,434 - ST-Steiner - DEBUG - ST-Steiner 2018-05-20 11:42:38.434088 with ID cluster_n2_05 completed.
2018-05-20 11:42:38,944 - ST-Steiner - DEBUG - Running ST-Steiner, 2018-05-20 11:42:38.944226 with ID cluster_n2_05
2018-05-20 11:42:38,944 - ST-Steiner - DEBUG - No constraint file list is provided.
2018-05-20 11:42:38,944 - ST-Steiner - DEBUG - Prizes read from data/tada_qval_rubeis14_iossifov14_2015_bspan_mapped.txt
2018-05-20 11:42:38,960 - ST-Steiner - DEBUG - Reading network from data/n2_05.wnetwork
2018-05-20 11:42:39,056 - ST-Steiner - DEBUG - Network has 4,539 nodes, 9,362 edges.
2018-05-20 11:42:39,057 - ST-Steiner - DEBUG - Edge cost mode selected: 1-weightsqd
2018-05-20 11:42:39,057 - ST-Steiner - DEBUG - Computing edge costs
2018-05-20 11:42:39,086 - ST-Steiner - DEBUG - Scaling node prizes by 150.0
2018-05-20 11:42:39,093 - ST-Steiner - DEBUG - Begin computing new node prizes.
2018-05-20 11:42:39,094 - ST-Steiner - DEBUG -   Finding node frequencies in constraining networks
2018-05-20 11:42:39,094 - ST-Steiner - DEBUG -   Computing artifical prizes
2018-05-20 11:42:39,094 - ST-Steiner - DEBUG -     lambda = 0.0
2018-05-20 11:42:39,094 - ST-Steiner - DEBUG -     alpha  = 2.0
2018-05-20 11:42:39,094 - ST-Steiner - DEBUG -     mode   = positive
2018-05-20 11:42:39,094 - ST-Steiner - DEBUG -   Saving artificial prizes, to intermediate_files/cluster_n2_05.txt
2018-05-20 11:42:39,094 - ST-Steiner - DEBUG -   Updating the original prizes
2018-05-20 11:42:39,101 - ST-Steiner - DEBUG - New prizes computed.
2018-05-20 11:42:39,116 - ST-Steiner - DEBUG - Writing msgsteiner stp file to intermediate_files/cluster_n2_05.stp
2018-05-20 11:42:39,147 - ST-Steiner - DEBUG - Executing msgsteiner binary at ../msgsteiner-1.3/msgsteiner
2018-05-20 11:42:39,147 - ST-Steiner - DEBUG - Executing command: ../msgsteiner-1.3/msgsteiner -o -d 30 -r 0 -g 1e-3
2018-05-20 11:42:39,147 - ST-Steiner - DEBUG - (With inhandle intermediate_files/cluster_n2_05.stp)
2018-05-20 11:42:51,718 - ST-Steiner - DEBUG - Done. Duration: 12.57 seconds.
2018-05-20 11:42:51,718 - ST-Steiner - DEBUG - Root: SYNE1
2018-05-20 11:42:51,730 - ST-Steiner - DEBUG - Tree found, 4091 nodes, 4090 edges
2018-05-20 11:42:51,730 - ST-Steiner - DEBUG - Nodes:
2018-05-20 11:42:51,731 - ST-Steiner - DEBUG - Finding Steiner tree is completed.
2018-05-20 11:42:51,733 - ST-Steiner - DEBUG - Saving to intermediate_files/cluster_n2_05.json
2018-05-20 11:42:51,754 - ST-Steiner - DEBUG - Saving to clusters/cluster_n2_05.txt
2018-05-20 11:42:51,764 - ST-Steiner - DEBUG - Intermediate files and folder are removed
2018-05-20 11:42:51,764 - ST-Steiner - DEBUG - ST-Steiner 2018-05-20 11:42:51.764430 with ID cluster_n2_05 completed.
2018-05-20 11:42:52,251 - ST-Steiner - DEBUG - Running ST-Steiner, 2018-05-20 11:42:52.251159 with ID cluster_n2_05
2018-05-20 11:42:52,251 - ST-Steiner - DEBUG - No constraint file list is provided.
2018-05-20 11:42:52,251 - ST-Steiner - DEBUG - Prizes read from data/tada_qval_rubeis14_iossifov14_2015_bspan_mapped.txt
2018-05-20 11:42:52,275 - ST-Steiner - DEBUG - Reading network from data/n2_05.wnetwork
2018-05-20 11:42:52,390 - ST-Steiner - DEBUG - Network has 4,539 nodes, 9,362 edges.
2018-05-20 11:42:52,390 - ST-Steiner - DEBUG - Edge cost mode selected: 1-weightsqd
2018-05-20 11:42:52,390 - ST-Steiner - DEBUG - Computing edge costs
2018-05-20 11:42:52,421 - ST-Steiner - DEBUG - Scaling node prizes by 125.0
2018-05-20 11:42:52,429 - ST-Steiner - DEBUG - Begin computing new node prizes.
2018-05-20 11:42:52,429 - ST-Steiner - DEBUG -   Finding node frequencies in constraining networks
2018-05-20 11:42:52,429 - ST-Steiner - DEBUG -   Computing artifical prizes
2018-05-20 11:42:52,429 - ST-Steiner - DEBUG -     lambda = 0.0
2018-05-20 11:42:52,429 - ST-Steiner - DEBUG -     alpha  = 2.0
2018-05-20 11:42:52,430 - ST-Steiner - DEBUG -     mode   = positive
2018-05-20 11:42:52,430 - ST-Steiner - DEBUG -   Saving artificial prizes, to intermediate_files/cluster_n2_05.txt
2018-05-20 11:42:52,430 - ST-Steiner - DEBUG -   Updating the original prizes
2018-05-20 11:42:52,437 - ST-Steiner - DEBUG - New prizes computed.
2018-05-20 11:42:52,453 - ST-Steiner - DEBUG - Writing msgsteiner stp file to intermediate_files/cluster_n2_05.stp
2018-05-20 11:42:52,490 - ST-Steiner - DEBUG - Executing msgsteiner binary at ../msgsteiner-1.3/msgsteiner
2018-05-20 11:42:52,490 - ST-Steiner - DEBUG - Executing command: ../msgsteiner-1.3/msgsteiner -o -d 30 -r 0 -g 1e-3
2018-05-20 11:42:52,490 - ST-Steiner - DEBUG - (With inhandle intermediate_files/cluster_n2_05.stp)
2018-05-20 11:43:06,957 - ST-Steiner - DEBUG - Done. Duration: 14.467 seconds.
2018-05-20 11:43:06,957 - ST-Steiner - DEBUG - Root: SYNE1
2018-05-20 11:43:06,971 - ST-Steiner - DEBUG - Tree found, 4091 nodes, 4090 edges
2018-05-20 11:43:06,971 - ST-Steiner - DEBUG - Nodes:
2018-05-20 11:43:06,972 - ST-Steiner - DEBUG - Finding Steiner tree is completed.
2018-05-20 11:43:06,977 - ST-Steiner - DEBUG - Saving to intermediate_files/cluster_n2_05.json
2018-05-20 11:43:06,999 - ST-Steiner - DEBUG - Saving to clusters/cluster_n2_05.txt
2018-05-20 11:43:07,011 - ST-Steiner - DEBUG - Intermediate files and folder are removed
2018-05-20 11:43:07,011 - ST-Steiner - DEBUG - ST-Steiner 2018-05-20 11:43:07.011910 with ID cluster_n2_05 completed.
2018-05-20 11:43:07,611 - ST-Steiner - DEBUG - Running ST-Steiner, 2018-05-20 11:43:07.611672 with ID cluster_n2_05
2018-05-20 11:43:07,611 - ST-Steiner - DEBUG - No constraint file list is provided.
2018-05-20 11:43:07,612 - ST-Steiner - DEBUG - Prizes read from data/tada_qval_rubeis14_iossifov14_2015_bspan_mapped.txt
2018-05-20 11:43:07,631 - ST-Steiner - DEBUG - Reading network from data/n2_05.wnetwork
2018-05-20 11:43:07,756 - ST-Steiner - DEBUG - Network has 4,539 nodes, 9,362 edges.
2018-05-20 11:43:07,756 - ST-Steiner - DEBUG - Edge cost mode selected: 1-weightsqd
2018-05-20 11:43:07,756 - ST-Steiner - DEBUG - Computing edge costs
2018-05-20 11:43:07,791 - ST-Steiner - DEBUG - Scaling node prizes by 100.0
2018-05-20 11:43:07,802 - ST-Steiner - DEBUG - Begin computing new node prizes.
2018-05-20 11:43:07,803 - ST-Steiner - DEBUG -   Finding node frequencies in constraining networks
2018-05-20 11:43:07,803 - ST-Steiner - DEBUG -   Computing artifical prizes
2018-05-20 11:43:07,803 - ST-Steiner - DEBUG -     lambda = 0.0
2018-05-20 11:43:07,803 - ST-Steiner - DEBUG -     alpha  = 2.0
2018-05-20 11:43:07,803 - ST-Steiner - DEBUG -     mode   = positive
2018-05-20 11:43:07,803 - ST-Steiner - DEBUG -   Saving artificial prizes, to intermediate_files/cluster_n2_05.txt
2018-05-20 11:43:07,803 - ST-Steiner - DEBUG -   Updating the original prizes
2018-05-20 11:43:07,815 - ST-Steiner - DEBUG - New prizes computed.
2018-05-20 11:43:07,838 - ST-Steiner - DEBUG - Writing msgsteiner stp file to intermediate_files/cluster_n2_05.stp
2018-05-20 11:43:07,877 - ST-Steiner - DEBUG - Executing msgsteiner binary at ../msgsteiner-1.3/msgsteiner
2018-05-20 11:43:07,878 - ST-Steiner - DEBUG - Executing command: ../msgsteiner-1.3/msgsteiner -o -d 30 -r 0 -g 1e-3
2018-05-20 11:43:07,878 - ST-Steiner - DEBUG - (With inhandle intermediate_files/cluster_n2_05.stp)
2018-05-20 11:43:23,683 - ST-Steiner - DEBUG - Done. Duration: 15.805 seconds.
2018-05-20 11:43:23,684 - ST-Steiner - DEBUG - Root: SYNE1
2018-05-20 11:43:23,696 - ST-Steiner - DEBUG - Tree found, 4091 nodes, 4090 edges
2018-05-20 11:43:23,696 - ST-Steiner - DEBUG - Nodes:
2018-05-20 11:43:23,696 - ST-Steiner - DEBUG - Finding Steiner tree is completed.
2018-05-20 11:43:23,699 - ST-Steiner - DEBUG - Saving to intermediate_files/cluster_n2_05.json
2018-05-20 11:43:23,719 - ST-Steiner - DEBUG - Saving to clusters/cluster_n2_05.txt
2018-05-20 11:43:23,728 - ST-Steiner - DEBUG - Intermediate files and folder are removed
2018-05-20 11:43:23,728 - ST-Steiner - DEBUG - ST-Steiner 2018-05-20 11:43:23.728489 with ID cluster_n2_05 completed.
2018-05-20 11:43:24,236 - ST-Steiner - DEBUG - Running ST-Steiner, 2018-05-20 11:43:24.236673 with ID cluster_n2_05
2018-05-20 11:43:24,237 - ST-Steiner - DEBUG - No constraint file list is provided.
2018-05-20 11:43:24,237 - ST-Steiner - DEBUG - Prizes read from data/tada_qval_rubeis14_iossifov14_2015_bspan_mapped.txt
2018-05-20 11:43:24,253 - ST-Steiner - DEBUG - Reading network from data/n2_05.wnetwork
2018-05-20 11:43:24,356 - ST-Steiner - DEBUG - Network has 4,539 nodes, 9,362 edges.
2018-05-20 11:43:24,357 - ST-Steiner - DEBUG - Edge cost mode selected: 1-weightsqd
2018-05-20 11:43:24,357 - ST-Steiner - DEBUG - Computing edge costs
2018-05-20 11:43:24,388 - ST-Steiner - DEBUG - Scaling node prizes by 75.0
2018-05-20 11:43:24,395 - ST-Steiner - DEBUG - Begin computing new node prizes.
2018-05-20 11:43:24,396 - ST-Steiner - DEBUG -   Finding node frequencies in constraining networks
2018-05-20 11:43:24,396 - ST-Steiner - DEBUG -   Computing artifical prizes
2018-05-20 11:43:24,396 - ST-Steiner - DEBUG -     lambda = 0.0
2018-05-20 11:43:24,396 - ST-Steiner - DEBUG -     alpha  = 2.0
2018-05-20 11:43:24,396 - ST-Steiner - DEBUG -     mode   = positive
2018-05-20 11:43:24,396 - ST-Steiner - DEBUG -   Saving artificial prizes, to intermediate_files/cluster_n2_05.txt
2018-05-20 11:43:24,396 - ST-Steiner - DEBUG -   Updating the original prizes
2018-05-20 11:43:24,405 - ST-Steiner - DEBUG - New prizes computed.
2018-05-20 11:43:24,419 - ST-Steiner - DEBUG - Writing msgsteiner stp file to intermediate_files/cluster_n2_05.stp
2018-05-20 11:43:24,453 - ST-Steiner - DEBUG - Executing msgsteiner binary at ../msgsteiner-1.3/msgsteiner
2018-05-20 11:43:24,454 - ST-Steiner - DEBUG - Executing command: ../msgsteiner-1.3/msgsteiner -o -d 30 -r 0 -g 1e-3
2018-05-20 11:43:24,454 - ST-Steiner - DEBUG - (With inhandle intermediate_files/cluster_n2_05.stp)
2018-05-20 11:43:38,175 - ST-Steiner - DEBUG - Done. Duration: 13.721 seconds.
2018-05-20 11:43:38,175 - ST-Steiner - DEBUG - Root: SYNE1
2018-05-20 11:43:38,193 - ST-Steiner - DEBUG - Tree found, 4091 nodes, 4090 edges
2018-05-20 11:43:38,193 - ST-Steiner - DEBUG - Nodes:
2018-05-20 11:43:38,193 - ST-Steiner - DEBUG - Finding Steiner tree is completed.
2018-05-20 11:43:38,197 - ST-Steiner - DEBUG - Saving to intermediate_files/cluster_n2_05.json
2018-05-20 11:43:38,217 - ST-Steiner - DEBUG - Saving to clusters/cluster_n2_05.txt
2018-05-20 11:43:38,226 - ST-Steiner - DEBUG - Intermediate files and folder are removed
2018-05-20 11:43:38,226 - ST-Steiner - DEBUG - ST-Steiner 2018-05-20 11:43:38.226128 with ID cluster_n2_05 completed.
2018-05-20 11:43:38,794 - ST-Steiner - DEBUG - Running ST-Steiner, 2018-05-20 11:43:38.794159 with ID cluster_n2_05
2018-05-20 11:43:38,794 - ST-Steiner - DEBUG - No constraint file list is provided.
2018-05-20 11:43:38,794 - ST-Steiner - DEBUG - Prizes read from data/tada_qval_rubeis14_iossifov14_2015_bspan_mapped.txt
2018-05-20 11:43:38,814 - ST-Steiner - DEBUG - Reading network from data/n2_05.wnetwork
2018-05-20 11:43:38,949 - ST-Steiner - DEBUG - Network has 4,539 nodes, 9,362 edges.
2018-05-20 11:43:38,949 - ST-Steiner - DEBUG - Edge cost mode selected: 1-weightsqd
2018-05-20 11:43:38,949 - ST-Steiner - DEBUG - Computing edge costs
2018-05-20 11:43:38,982 - ST-Steiner - DEBUG - Scaling node prizes by 50.0
2018-05-20 11:43:38,991 - ST-Steiner - DEBUG - Begin computing new node prizes.
2018-05-20 11:43:38,992 - ST-Steiner - DEBUG -   Finding node frequencies in constraining networks
2018-05-20 11:43:38,992 - ST-Steiner - DEBUG -   Computing artifical prizes
2018-05-20 11:43:38,992 - ST-Steiner - DEBUG -     lambda = 0.0
2018-05-20 11:43:38,992 - ST-Steiner - DEBUG -     alpha  = 2.0
2018-05-20 11:43:38,992 - ST-Steiner - DEBUG -     mode   = positive
2018-05-20 11:43:38,992 - ST-Steiner - DEBUG -   Saving artificial prizes, to intermediate_files/cluster_n2_05.txt
2018-05-20 11:43:38,992 - ST-Steiner - DEBUG -   Updating the original prizes
2018-05-20 11:43:39,005 - ST-Steiner - DEBUG - New prizes computed.
2018-05-20 11:43:39,023 - ST-Steiner - DEBUG - Writing msgsteiner stp file to intermediate_files/cluster_n2_05.stp
2018-05-20 11:43:39,064 - ST-Steiner - DEBUG - Executing msgsteiner binary at ../msgsteiner-1.3/msgsteiner
2018-05-20 11:43:39,064 - ST-Steiner - DEBUG - Executing command: ../msgsteiner-1.3/msgsteiner -o -d 30 -r 0 -g 1e-3
2018-05-20 11:43:39,065 - ST-Steiner - DEBUG - (With inhandle intermediate_files/cluster_n2_05.stp)
2018-05-20 11:43:54,095 - ST-Steiner - DEBUG - Done. Duration: 15.031 seconds.
2018-05-20 11:43:54,096 - ST-Steiner - DEBUG - Root: SYNE1
2018-05-20 11:43:54,124 - ST-Steiner - DEBUG - Tree found, 4091 nodes, 4090 edges
2018-05-20 11:43:54,124 - ST-Steiner - DEBUG - Nodes:
2018-05-20 11:43:54,124 - ST-Steiner - DEBUG - Finding Steiner tree is completed.
2018-05-20 11:43:54,127 - ST-Steiner - DEBUG - Saving to intermediate_files/cluster_n2_05.json
2018-05-20 11:43:54,151 - ST-Steiner - DEBUG - Saving to clusters/cluster_n2_05.txt
2018-05-20 11:43:54,160 - ST-Steiner - DEBUG - Intermediate files and folder are removed
2018-05-20 11:43:54,160 - ST-Steiner - DEBUG - ST-Steiner 2018-05-20 11:43:54.160173 with ID cluster_n2_05 completed.
2018-05-20 11:50:20,641 - ST-Steiner - DEBUG - Running ST-Steiner, 2018-05-20 11:50:20.641083 with ID cluster_n2_05
2018-05-20 11:50:20,641 - ST-Steiner - DEBUG - No constraint file list is provided.
2018-05-20 11:50:20,641 - ST-Steiner - DEBUG - Prizes read from data/tada_qval_rubeis14_iossifov14_2015_bspan_mapped.txt
2018-05-20 11:50:20,657 - ST-Steiner - DEBUG - Reading network from data/n2_05.wnetwork
2018-05-20 11:50:20,790 - ST-Steiner - DEBUG - Network has 4,539 nodes, 9,362 edges.
2018-05-20 11:50:20,791 - ST-Steiner - DEBUG - Edge cost mode selected: 1-weightsqd
2018-05-20 11:50:20,791 - ST-Steiner - DEBUG - Computing edge costs
2018-05-20 11:50:20,834 - ST-Steiner - DEBUG - Scaling node prizes by 10000.0
2018-05-20 11:50:20,847 - ST-Steiner - DEBUG - Begin computing new node prizes.
2018-05-20 11:50:20,847 - ST-Steiner - DEBUG -   Finding node frequencies in constraining networks
2018-05-20 11:50:20,847 - ST-Steiner - DEBUG -   Computing artifical prizes
2018-05-20 11:50:20,848 - ST-Steiner - DEBUG -     lambda = 0.0
2018-05-20 11:50:20,848 - ST-Steiner - DEBUG -     alpha  = 2.0
2018-05-20 11:50:20,848 - ST-Steiner - DEBUG -     mode   = positive
2018-05-20 11:50:20,848 - ST-Steiner - DEBUG -   Saving artificial prizes, to intermediate_files/cluster_n2_05.txt
2018-05-20 11:50:20,848 - ST-Steiner - DEBUG -   Updating the original prizes
2018-05-20 11:50:20,863 - ST-Steiner - DEBUG - New prizes computed.
2018-05-20 11:50:20,890 - ST-Steiner - DEBUG - Writing msgsteiner stp file to intermediate_files/cluster_n2_05.stp
2018-05-20 11:50:20,937 - ST-Steiner - DEBUG - Executing msgsteiner binary at ../msgsteiner-1.3/msgsteiner
2018-05-20 11:50:20,937 - ST-Steiner - DEBUG - Executing command: ../msgsteiner-1.3/msgsteiner -o -d 30 -r 0 -g 1e-3
2018-05-20 11:50:20,937 - ST-Steiner - DEBUG - (With inhandle intermediate_files/cluster_n2_05.stp)
2018-05-20 11:50:33,377 - ST-Steiner - DEBUG - Done. Duration: 12.44 seconds.
2018-05-20 11:50:33,377 - ST-Steiner - DEBUG - Root: SYNE1
2018-05-20 11:50:33,389 - ST-Steiner - DEBUG - Tree found, 4094 nodes, 4093 edges
2018-05-20 11:50:33,389 - ST-Steiner - DEBUG - Nodes:
2018-05-20 11:50:33,389 - ST-Steiner - DEBUG - Finding Steiner tree is completed.
2018-05-20 11:50:33,392 - ST-Steiner - DEBUG - Saving to intermediate_files/cluster_n2_05.json
2018-05-20 11:50:33,411 - ST-Steiner - DEBUG - Saving to clusters/cluster_n2_05.txt
2018-05-20 11:50:33,419 - ST-Steiner - DEBUG - Intermediate files and folder are removed
2018-05-20 11:50:33,419 - ST-Steiner - DEBUG - ST-Steiner 2018-05-20 11:50:33.419628 with ID cluster_n2_05 completed.
2018-05-20 11:50:33,889 - ST-Steiner - DEBUG - Running ST-Steiner, 2018-05-20 11:50:33.889581 with ID cluster_n2_05
2018-05-20 11:50:33,889 - ST-Steiner - DEBUG - No constraint file list is provided.
2018-05-20 11:50:33,889 - ST-Steiner - DEBUG - Prizes read from data/tada_qval_rubeis14_iossifov14_2015_bspan_mapped.txt
2018-05-20 11:50:33,906 - ST-Steiner - DEBUG - Reading network from data/n2_05.wnetwork
2018-05-20 11:50:34,000 - ST-Steiner - DEBUG - Network has 4,539 nodes, 9,362 edges.
2018-05-20 11:50:34,001 - ST-Steiner - DEBUG - Edge cost mode selected: 1-weightsqd
2018-05-20 11:50:34,001 - ST-Steiner - DEBUG - Computing edge costs
2018-05-20 11:50:34,030 - ST-Steiner - DEBUG - Scaling node prizes by 9980.0
2018-05-20 11:50:34,038 - ST-Steiner - DEBUG - Begin computing new node prizes.
2018-05-20 11:50:34,039 - ST-Steiner - DEBUG -   Finding node frequencies in constraining networks
2018-05-20 11:50:34,039 - ST-Steiner - DEBUG -   Computing artifical prizes
2018-05-20 11:50:34,039 - ST-Steiner - DEBUG -     lambda = 0.0
2018-05-20 11:50:34,039 - ST-Steiner - DEBUG -     alpha  = 2.0
2018-05-20 11:50:34,039 - ST-Steiner - DEBUG -     mode   = positive
2018-05-20 11:50:34,039 - ST-Steiner - DEBUG -   Saving artificial prizes, to intermediate_files/cluster_n2_05.txt
2018-05-20 11:50:34,039 - ST-Steiner - DEBUG -   Updating the original prizes
2018-05-20 11:50:34,047 - ST-Steiner - DEBUG - New prizes computed.
2018-05-20 11:50:34,062 - ST-Steiner - DEBUG - Writing msgsteiner stp file to intermediate_files/cluster_n2_05.stp
2018-05-20 11:50:34,093 - ST-Steiner - DEBUG - Executing msgsteiner binary at ../msgsteiner-1.3/msgsteiner
2018-05-20 11:50:34,093 - ST-Steiner - DEBUG - Executing command: ../msgsteiner-1.3/msgsteiner -o -d 30 -r 0 -g 1e-3
2018-05-20 11:50:34,093 - ST-Steiner - DEBUG - (With inhandle intermediate_files/cluster_n2_05.stp)
2018-05-20 11:50:47,340 - ST-Steiner - DEBUG - Done. Duration: 13.247 seconds.
2018-05-20 11:50:47,340 - ST-Steiner - DEBUG - Root: SYNE1
2018-05-20 11:50:47,352 - ST-Steiner - DEBUG - Tree found, 4094 nodes, 4093 edges
2018-05-20 11:50:47,352 - ST-Steiner - DEBUG - Nodes:
2018-05-20 11:50:47,352 - ST-Steiner - DEBUG - Finding Steiner tree is completed.
2018-05-20 11:50:47,355 - ST-Steiner - DEBUG - Saving to intermediate_files/cluster_n2_05.json
2018-05-20 11:50:47,374 - ST-Steiner - DEBUG - Saving to clusters/cluster_n2_05.txt
2018-05-20 11:50:47,382 - ST-Steiner - DEBUG - Intermediate files and folder are removed
2018-05-20 11:50:47,382 - ST-Steiner - DEBUG - ST-Steiner 2018-05-20 11:50:47.382124 with ID cluster_n2_05 completed.
2018-05-20 11:50:47,872 - ST-Steiner - DEBUG - Running ST-Steiner, 2018-05-20 11:50:47.872494 with ID cluster_n2_05
2018-05-20 11:50:47,872 - ST-Steiner - DEBUG - No constraint file list is provided.
2018-05-20 11:50:47,872 - ST-Steiner - DEBUG - Prizes read from data/tada_qval_rubeis14_iossifov14_2015_bspan_mapped.txt
2018-05-20 11:50:47,888 - ST-Steiner - DEBUG - Reading network from data/n2_05.wnetwork
2018-05-20 11:50:47,983 - ST-Steiner - DEBUG - Network has 4,539 nodes, 9,362 edges.
2018-05-20 11:50:47,983 - ST-Steiner - DEBUG - Edge cost mode selected: 1-weightsqd
2018-05-20 11:50:47,983 - ST-Steiner - DEBUG - Computing edge costs
2018-05-20 11:50:48,011 - ST-Steiner - DEBUG - Scaling node prizes by 9960.0
2018-05-20 11:50:48,018 - ST-Steiner - DEBUG - Begin computing new node prizes.
2018-05-20 11:50:48,018 - ST-Steiner - DEBUG -   Finding node frequencies in constraining networks
2018-05-20 11:50:48,018 - ST-Steiner - DEBUG -   Computing artifical prizes
2018-05-20 11:50:48,018 - ST-Steiner - DEBUG -     lambda = 0.0
2018-05-20 11:50:48,018 - ST-Steiner - DEBUG -     alpha  = 2.0
2018-05-20 11:50:48,018 - ST-Steiner - DEBUG -     mode   = positive
2018-05-20 11:50:48,018 - ST-Steiner - DEBUG -   Saving artificial prizes, to intermediate_files/cluster_n2_05.txt
2018-05-20 11:50:48,019 - ST-Steiner - DEBUG -   Updating the original prizes
2018-05-20 11:50:48,025 - ST-Steiner - DEBUG - New prizes computed.
2018-05-20 11:50:48,042 - ST-Steiner - DEBUG - Writing msgsteiner stp file to intermediate_files/cluster_n2_05.stp
2018-05-20 11:50:48,076 - ST-Steiner - DEBUG - Executing msgsteiner binary at ../msgsteiner-1.3/msgsteiner
2018-05-20 11:50:48,076 - ST-Steiner - DEBUG - Executing command: ../msgsteiner-1.3/msgsteiner -o -d 30 -r 0 -g 1e-3
2018-05-20 11:50:48,076 - ST-Steiner - DEBUG - (With inhandle intermediate_files/cluster_n2_05.stp)
2018-05-20 11:50:59,913 - ST-Steiner - DEBUG - Done. Duration: 11.837 seconds.
2018-05-20 11:50:59,914 - ST-Steiner - DEBUG - Root: SYNE1
2018-05-20 11:50:59,925 - ST-Steiner - DEBUG - Tree found, 4094 nodes, 4093 edges
2018-05-20 11:50:59,925 - ST-Steiner - DEBUG - Nodes:
2018-05-20 11:50:59,926 - ST-Steiner - DEBUG - Finding Steiner tree is completed.
2018-05-20 11:50:59,928 - ST-Steiner - DEBUG - Saving to intermediate_files/cluster_n2_05.json
2018-05-20 11:50:59,947 - ST-Steiner - DEBUG - Saving to clusters/cluster_n2_05.txt
2018-05-20 11:50:59,955 - ST-Steiner - DEBUG - Intermediate files and folder are removed
2018-05-20 11:50:59,956 - ST-Steiner - DEBUG - ST-Steiner 2018-05-20 11:50:59.956007 with ID cluster_n2_05 completed.
2018-05-20 11:51:00,442 - ST-Steiner - DEBUG - Running ST-Steiner, 2018-05-20 11:51:00.442389 with ID cluster_n2_05
2018-05-20 11:51:00,442 - ST-Steiner - DEBUG - No constraint file list is provided.
2018-05-20 11:51:00,442 - ST-Steiner - DEBUG - Prizes read from data/tada_qval_rubeis14_iossifov14_2015_bspan_mapped.txt
2018-05-20 11:51:00,458 - ST-Steiner - DEBUG - Reading network from data/n2_05.wnetwork
2018-05-20 11:51:00,554 - ST-Steiner - DEBUG - Network has 4,539 nodes, 9,362 edges.
2018-05-20 11:51:00,554 - ST-Steiner - DEBUG - Edge cost mode selected: 1-weightsqd
2018-05-20 11:51:00,554 - ST-Steiner - DEBUG - Computing edge costs
2018-05-20 11:51:00,589 - ST-Steiner - DEBUG - Scaling node prizes by 9940.0
2018-05-20 11:51:00,597 - ST-Steiner - DEBUG - Begin computing new node prizes.
2018-05-20 11:51:00,597 - ST-Steiner - DEBUG -   Finding node frequencies in constraining networks
2018-05-20 11:51:00,597 - ST-Steiner - DEBUG -   Computing artifical prizes
2018-05-20 11:51:00,597 - ST-Steiner - DEBUG -     lambda = 0.0
2018-05-20 11:51:00,597 - ST-Steiner - DEBUG -     alpha  = 2.0
2018-05-20 11:51:00,597 - ST-Steiner - DEBUG -     mode   = positive
2018-05-20 11:51:00,598 - ST-Steiner - DEBUG -   Saving artificial prizes, to intermediate_files/cluster_n2_05.txt
2018-05-20 11:51:00,598 - ST-Steiner - DEBUG -   Updating the original prizes
2018-05-20 11:51:00,604 - ST-Steiner - DEBUG - New prizes computed.
2018-05-20 11:51:00,618 - ST-Steiner - DEBUG - Writing msgsteiner stp file to intermediate_files/cluster_n2_05.stp
2018-05-20 11:51:00,650 - ST-Steiner - DEBUG - Executing msgsteiner binary at ../msgsteiner-1.3/msgsteiner
2018-05-20 11:51:00,650 - ST-Steiner - DEBUG - Executing command: ../msgsteiner-1.3/msgsteiner -o -d 30 -r 0 -g 1e-3
2018-05-20 11:51:00,650 - ST-Steiner - DEBUG - (With inhandle intermediate_files/cluster_n2_05.stp)
2018-05-20 11:51:12,128 - ST-Steiner - DEBUG - Done. Duration: 11.478 seconds.
2018-05-20 11:51:12,129 - ST-Steiner - DEBUG - Root: SYNE1
2018-05-20 11:51:12,141 - ST-Steiner - DEBUG - Tree found, 4094 nodes, 4093 edges
2018-05-20 11:51:12,141 - ST-Steiner - DEBUG - Nodes:
2018-05-20 11:51:12,141 - ST-Steiner - DEBUG - Finding Steiner tree is completed.
2018-05-20 11:51:12,144 - ST-Steiner - DEBUG - Saving to intermediate_files/cluster_n2_05.json
2018-05-20 11:51:12,163 - ST-Steiner - DEBUG - Saving to clusters/cluster_n2_05.txt
2018-05-20 11:51:12,171 - ST-Steiner - DEBUG - Intermediate files and folder are removed
2018-05-20 11:51:12,172 - ST-Steiner - DEBUG - ST-Steiner 2018-05-20 11:51:12.172014 with ID cluster_n2_05 completed.
2018-05-20 11:51:12,653 - ST-Steiner - DEBUG - Running ST-Steiner, 2018-05-20 11:51:12.653081 with ID cluster_n2_05
2018-05-20 11:51:12,653 - ST-Steiner - DEBUG - No constraint file list is provided.
2018-05-20 11:51:12,653 - ST-Steiner - DEBUG - Prizes read from data/tada_qval_rubeis14_iossifov14_2015_bspan_mapped.txt
2018-05-20 11:51:12,669 - ST-Steiner - DEBUG - Reading network from data/n2_05.wnetwork
2018-05-20 11:51:12,765 - ST-Steiner - DEBUG - Network has 4,539 nodes, 9,362 edges.
2018-05-20 11:51:12,765 - ST-Steiner - DEBUG - Edge cost mode selected: 1-weightsqd
2018-05-20 11:51:12,765 - ST-Steiner - DEBUG - Computing edge costs
2018-05-20 11:51:12,795 - ST-Steiner - DEBUG - Scaling node prizes by 9920.0
2018-05-20 11:51:12,801 - ST-Steiner - DEBUG - Begin computing new node prizes.
2018-05-20 11:51:12,801 - ST-Steiner - DEBUG -   Finding node frequencies in constraining networks
2018-05-20 11:51:12,802 - ST-Steiner - DEBUG -   Computing artifical prizes
2018-05-20 11:51:12,802 - ST-Steiner - DEBUG -     lambda = 0.0
2018-05-20 11:51:12,802 - ST-Steiner - DEBUG -     alpha  = 2.0
2018-05-20 11:51:12,802 - ST-Steiner - DEBUG -     mode   = positive
2018-05-20 11:51:12,802 - ST-Steiner - DEBUG -   Saving artificial prizes, to intermediate_files/cluster_n2_05.txt
2018-05-20 11:51:12,802 - ST-Steiner - DEBUG -   Updating the original prizes
2018-05-20 11:51:12,808 - ST-Steiner - DEBUG - New prizes computed.
2018-05-20 11:51:12,822 - ST-Steiner - DEBUG - Writing msgsteiner stp file to intermediate_files/cluster_n2_05.stp
2018-05-20 11:51:12,852 - ST-Steiner - DEBUG - Executing msgsteiner binary at ../msgsteiner-1.3/msgsteiner
2018-05-20 11:51:12,853 - ST-Steiner - DEBUG - Executing command: ../msgsteiner-1.3/msgsteiner -o -d 30 -r 0 -g 1e-3
2018-05-20 11:51:12,853 - ST-Steiner - DEBUG - (With inhandle intermediate_files/cluster_n2_05.stp)
2018-05-20 11:51:24,435 - ST-Steiner - DEBUG - Done. Duration: 11.582 seconds.
2018-05-20 11:51:24,436 - ST-Steiner - DEBUG - Root: SYNE1
2018-05-20 11:51:24,447 - ST-Steiner - DEBUG - Tree found, 4095 nodes, 4094 edges
2018-05-20 11:51:24,448 - ST-Steiner - DEBUG - Nodes:
2018-05-20 11:51:24,448 - ST-Steiner - DEBUG - Finding Steiner tree is completed.
2018-05-20 11:51:24,450 - ST-Steiner - DEBUG - Saving to intermediate_files/cluster_n2_05.json
2018-05-20 11:51:24,469 - ST-Steiner - DEBUG - Saving to clusters/cluster_n2_05.txt
2018-05-20 11:51:24,478 - ST-Steiner - DEBUG - Intermediate files and folder are removed
2018-05-20 11:51:24,478 - ST-Steiner - DEBUG - ST-Steiner 2018-05-20 11:51:24.478122 with ID cluster_n2_05 completed.
2018-05-20 11:51:24,942 - ST-Steiner - DEBUG - Running ST-Steiner, 2018-05-20 11:51:24.942724 with ID cluster_n2_05
2018-05-20 11:51:24,943 - ST-Steiner - DEBUG - No constraint file list is provided.
2018-05-20 11:51:24,943 - ST-Steiner - DEBUG - Prizes read from data/tada_qval_rubeis14_iossifov14_2015_bspan_mapped.txt
2018-05-20 11:51:24,959 - ST-Steiner - DEBUG - Reading network from data/n2_05.wnetwork
2018-05-20 11:51:25,057 - ST-Steiner - DEBUG - Network has 4,539 nodes, 9,362 edges.
2018-05-20 11:51:25,058 - ST-Steiner - DEBUG - Edge cost mode selected: 1-weightsqd
2018-05-20 11:51:25,058 - ST-Steiner - DEBUG - Computing edge costs
2018-05-20 11:51:25,088 - ST-Steiner - DEBUG - Scaling node prizes by 9900.0
2018-05-20 11:51:25,095 - ST-Steiner - DEBUG - Begin computing new node prizes.
2018-05-20 11:51:25,095 - ST-Steiner - DEBUG -   Finding node frequencies in constraining networks
2018-05-20 11:51:25,096 - ST-Steiner - DEBUG -   Computing artifical prizes
2018-05-20 11:51:25,096 - ST-Steiner - DEBUG -     lambda = 0.0
2018-05-20 11:51:25,096 - ST-Steiner - DEBUG -     alpha  = 2.0
2018-05-20 11:51:25,096 - ST-Steiner - DEBUG -     mode   = positive
2018-05-20 11:51:25,096 - ST-Steiner - DEBUG -   Saving artificial prizes, to intermediate_files/cluster_n2_05.txt
2018-05-20 11:51:25,096 - ST-Steiner - DEBUG -   Updating the original prizes
2018-05-20 11:51:25,102 - ST-Steiner - DEBUG - New prizes computed.
2018-05-20 11:51:25,118 - ST-Steiner - DEBUG - Writing msgsteiner stp file to intermediate_files/cluster_n2_05.stp
2018-05-20 11:51:25,160 - ST-Steiner - DEBUG - Executing msgsteiner binary at ../msgsteiner-1.3/msgsteiner
2018-05-20 11:51:25,160 - ST-Steiner - DEBUG - Executing command: ../msgsteiner-1.3/msgsteiner -o -d 30 -r 0 -g 1e-3
2018-05-20 11:51:25,160 - ST-Steiner - DEBUG - (With inhandle intermediate_files/cluster_n2_05.stp)
2018-05-20 11:51:36,404 - ST-Steiner - DEBUG - Done. Duration: 11.243 seconds.
2018-05-20 11:51:36,404 - ST-Steiner - DEBUG - Root: SYNE1
2018-05-20 11:51:36,416 - ST-Steiner - DEBUG - Tree found, 4094 nodes, 4093 edges
2018-05-20 11:51:36,416 - ST-Steiner - DEBUG - Nodes:
2018-05-20 11:51:36,416 - ST-Steiner - DEBUG - Finding Steiner tree is completed.
2018-05-20 11:51:36,419 - ST-Steiner - DEBUG - Saving to intermediate_files/cluster_n2_05.json
2018-05-20 11:51:36,438 - ST-Steiner - DEBUG - Saving to clusters/cluster_n2_05.txt
2018-05-20 11:51:36,446 - ST-Steiner - DEBUG - Intermediate files and folder are removed
2018-05-20 11:51:36,446 - ST-Steiner - DEBUG - ST-Steiner 2018-05-20 11:51:36.446640 with ID cluster_n2_05 completed.
2018-05-20 11:51:36,946 - ST-Steiner - DEBUG - Running ST-Steiner, 2018-05-20 11:51:36.946806 with ID cluster_n2_05
2018-05-20 11:51:36,947 - ST-Steiner - DEBUG - No constraint file list is provided.
2018-05-20 11:51:36,947 - ST-Steiner - DEBUG - Prizes read from data/tada_qval_rubeis14_iossifov14_2015_bspan_mapped.txt
2018-05-20 11:51:36,963 - ST-Steiner - DEBUG - Reading network from data/n2_05.wnetwork
2018-05-20 11:51:37,057 - ST-Steiner - DEBUG - Network has 4,539 nodes, 9,362 edges.
2018-05-20 11:51:37,057 - ST-Steiner - DEBUG - Edge cost mode selected: 1-weightsqd
2018-05-20 11:51:37,057 - ST-Steiner - DEBUG - Computing edge costs
2018-05-20 11:51:37,086 - ST-Steiner - DEBUG - Scaling node prizes by 9880.0
2018-05-20 11:51:37,093 - ST-Steiner - DEBUG - Begin computing new node prizes.
2018-05-20 11:51:37,093 - ST-Steiner - DEBUG -   Finding node frequencies in constraining networks
2018-05-20 11:51:37,093 - ST-Steiner - DEBUG -   Computing artifical prizes
2018-05-20 11:51:37,093 - ST-Steiner - DEBUG -     lambda = 0.0
2018-05-20 11:51:37,093 - ST-Steiner - DEBUG -     alpha  = 2.0
2018-05-20 11:51:37,093 - ST-Steiner - DEBUG -     mode   = positive
2018-05-20 11:51:37,093 - ST-Steiner - DEBUG -   Saving artificial prizes, to intermediate_files/cluster_n2_05.txt
2018-05-20 11:51:37,093 - ST-Steiner - DEBUG -   Updating the original prizes
2018-05-20 11:51:37,099 - ST-Steiner - DEBUG - New prizes computed.
2018-05-20 11:51:37,113 - ST-Steiner - DEBUG - Writing msgsteiner stp file to intermediate_files/cluster_n2_05.stp
2018-05-20 11:51:37,145 - ST-Steiner - DEBUG - Executing msgsteiner binary at ../msgsteiner-1.3/msgsteiner
2018-05-20 11:51:37,145 - ST-Steiner - DEBUG - Executing command: ../msgsteiner-1.3/msgsteiner -o -d 30 -r 0 -g 1e-3
2018-05-20 11:51:37,145 - ST-Steiner - DEBUG - (With inhandle intermediate_files/cluster_n2_05.stp)
2018-05-20 11:51:51,813 - ST-Steiner - DEBUG - Done. Duration: 14.668 seconds.
2018-05-20 11:51:51,814 - ST-Steiner - DEBUG - Root: SYNE1
2018-05-20 11:51:51,831 - ST-Steiner - DEBUG - Tree found, 4094 nodes, 4093 edges
2018-05-20 11:51:51,831 - ST-Steiner - DEBUG - Nodes:
2018-05-20 11:51:51,832 - ST-Steiner - DEBUG - Finding Steiner tree is completed.
2018-05-20 11:51:51,835 - ST-Steiner - DEBUG - Saving to intermediate_files/cluster_n2_05.json
2018-05-20 11:51:51,858 - ST-Steiner - DEBUG - Saving to clusters/cluster_n2_05.txt
2018-05-20 11:51:51,875 - ST-Steiner - DEBUG - Intermediate files and folder are removed
2018-05-20 11:51:51,875 - ST-Steiner - DEBUG - ST-Steiner 2018-05-20 11:51:51.875177 with ID cluster_n2_05 completed.
2018-05-20 11:51:52,405 - ST-Steiner - DEBUG - Running ST-Steiner, 2018-05-20 11:51:52.405099 with ID cluster_n2_05
2018-05-20 11:51:52,405 - ST-Steiner - DEBUG - No constraint file list is provided.
2018-05-20 11:51:52,405 - ST-Steiner - DEBUG - Prizes read from data/tada_qval_rubeis14_iossifov14_2015_bspan_mapped.txt
2018-05-20 11:51:52,422 - ST-Steiner - DEBUG - Reading network from data/n2_05.wnetwork
2018-05-20 11:51:52,540 - ST-Steiner - DEBUG - Network has 4,539 nodes, 9,362 edges.
2018-05-20 11:51:52,541 - ST-Steiner - DEBUG - Edge cost mode selected: 1-weightsqd
2018-05-20 11:51:52,541 - ST-Steiner - DEBUG - Computing edge costs
2018-05-20 11:51:52,576 - ST-Steiner - DEBUG - Scaling node prizes by 9860.0
2018-05-20 11:51:52,582 - ST-Steiner - DEBUG - Begin computing new node prizes.
2018-05-20 11:51:52,582 - ST-Steiner - DEBUG -   Finding node frequencies in constraining networks
2018-05-20 11:51:52,582 - ST-Steiner - DEBUG -   Computing artifical prizes
2018-05-20 11:51:52,582 - ST-Steiner - DEBUG -     lambda = 0.0
2018-05-20 11:51:52,582 - ST-Steiner - DEBUG -     alpha  = 2.0
2018-05-20 11:51:52,583 - ST-Steiner - DEBUG -     mode   = positive
2018-05-20 11:51:52,583 - ST-Steiner - DEBUG -   Saving artificial prizes, to intermediate_files/cluster_n2_05.txt
2018-05-20 11:51:52,583 - ST-Steiner - DEBUG -   Updating the original prizes
2018-05-20 11:51:52,589 - ST-Steiner - DEBUG - New prizes computed.
2018-05-20 11:51:52,604 - ST-Steiner - DEBUG - Writing msgsteiner stp file to intermediate_files/cluster_n2_05.stp
2018-05-20 11:51:52,642 - ST-Steiner - DEBUG - Executing msgsteiner binary at ../msgsteiner-1.3/msgsteiner
2018-05-20 11:51:52,642 - ST-Steiner - DEBUG - Executing command: ../msgsteiner-1.3/msgsteiner -o -d 30 -r 0 -g 1e-3
2018-05-20 11:51:52,642 - ST-Steiner - DEBUG - (With inhandle intermediate_files/cluster_n2_05.stp)
2018-05-20 11:52:04,747 - ST-Steiner - DEBUG - Done. Duration: 12.104 seconds.
2018-05-20 11:52:04,747 - ST-Steiner - DEBUG - Root: SYNE1
2018-05-20 11:52:04,759 - ST-Steiner - DEBUG - Tree found, 4094 nodes, 4093 edges
2018-05-20 11:52:04,759 - ST-Steiner - DEBUG - Nodes:
2018-05-20 11:52:04,759 - ST-Steiner - DEBUG - Finding Steiner tree is completed.
2018-05-20 11:52:04,762 - ST-Steiner - DEBUG - Saving to intermediate_files/cluster_n2_05.json
2018-05-20 11:52:04,781 - ST-Steiner - DEBUG - Saving to clusters/cluster_n2_05.txt
2018-05-20 11:52:04,789 - ST-Steiner - DEBUG - Intermediate files and folder are removed
2018-05-20 11:52:04,789 - ST-Steiner - DEBUG - ST-Steiner 2018-05-20 11:52:04.789697 with ID cluster_n2_05 completed.
2018-05-20 11:52:05,250 - ST-Steiner - DEBUG - Running ST-Steiner, 2018-05-20 11:52:05.250596 with ID cluster_n2_05
2018-05-20 11:52:05,250 - ST-Steiner - DEBUG - No constraint file list is provided.
2018-05-20 11:52:05,250 - ST-Steiner - DEBUG - Prizes read from data/tada_qval_rubeis14_iossifov14_2015_bspan_mapped.txt
2018-05-20 11:52:05,266 - ST-Steiner - DEBUG - Reading network from data/n2_05.wnetwork
2018-05-20 11:52:05,364 - ST-Steiner - DEBUG - Network has 4,539 nodes, 9,362 edges.
2018-05-20 11:52:05,364 - ST-Steiner - DEBUG - Edge cost mode selected: 1-weightsqd
2018-05-20 11:52:05,364 - ST-Steiner - DEBUG - Computing edge costs
2018-05-20 11:52:05,393 - ST-Steiner - DEBUG - Scaling node prizes by 9840.0
2018-05-20 11:52:05,399 - ST-Steiner - DEBUG - Begin computing new node prizes.
2018-05-20 11:52:05,399 - ST-Steiner - DEBUG -   Finding node frequencies in constraining networks
2018-05-20 11:52:05,399 - ST-Steiner - DEBUG -   Computing artifical prizes
2018-05-20 11:52:05,399 - ST-Steiner - DEBUG -     lambda = 0.0
2018-05-20 11:52:05,399 - ST-Steiner - DEBUG -     alpha  = 2.0
2018-05-20 11:52:05,400 - ST-Steiner - DEBUG -     mode   = positive
2018-05-20 11:52:05,400 - ST-Steiner - DEBUG -   Saving artificial prizes, to intermediate_files/cluster_n2_05.txt
2018-05-20 11:52:05,400 - ST-Steiner - DEBUG -   Updating the original prizes
2018-05-20 11:52:05,406 - ST-Steiner - DEBUG - New prizes computed.
2018-05-20 11:52:05,420 - ST-Steiner - DEBUG - Writing msgsteiner stp file to intermediate_files/cluster_n2_05.stp
2018-05-20 11:52:05,455 - ST-Steiner - DEBUG - Executing msgsteiner binary at ../msgsteiner-1.3/msgsteiner
2018-05-20 11:52:05,456 - ST-Steiner - DEBUG - Executing command: ../msgsteiner-1.3/msgsteiner -o -d 30 -r 0 -g 1e-3
2018-05-20 11:52:05,456 - ST-Steiner - DEBUG - (With inhandle intermediate_files/cluster_n2_05.stp)
2018-05-20 11:52:19,185 - ST-Steiner - DEBUG - Done. Duration: 13.729 seconds.
2018-05-20 11:52:19,186 - ST-Steiner - DEBUG - Root: SYNE1
2018-05-20 11:52:19,198 - ST-Steiner - DEBUG - Tree found, 4095 nodes, 4094 edges
2018-05-20 11:52:19,198 - ST-Steiner - DEBUG - Nodes:
2018-05-20 11:52:19,198 - ST-Steiner - DEBUG - Finding Steiner tree is completed.
2018-05-20 11:52:19,200 - ST-Steiner - DEBUG - Saving to intermediate_files/cluster_n2_05.json
2018-05-20 11:52:19,219 - ST-Steiner - DEBUG - Saving to clusters/cluster_n2_05.txt
2018-05-20 11:52:19,228 - ST-Steiner - DEBUG - Intermediate files and folder are removed
2018-05-20 11:52:19,228 - ST-Steiner - DEBUG - ST-Steiner 2018-05-20 11:52:19.228143 with ID cluster_n2_05 completed.
2018-05-20 11:52:19,705 - ST-Steiner - DEBUG - Running ST-Steiner, 2018-05-20 11:52:19.705483 with ID cluster_n2_05
2018-05-20 11:52:19,705 - ST-Steiner - DEBUG - No constraint file list is provided.
2018-05-20 11:52:19,705 - ST-Steiner - DEBUG - Prizes read from data/tada_qval_rubeis14_iossifov14_2015_bspan_mapped.txt
2018-05-20 11:52:19,722 - ST-Steiner - DEBUG - Reading network from data/n2_05.wnetwork
2018-05-20 11:52:19,828 - ST-Steiner - DEBUG - Network has 4,539 nodes, 9,362 edges.
2018-05-20 11:52:19,828 - ST-Steiner - DEBUG - Edge cost mode selected: 1-weightsqd
2018-05-20 11:52:19,828 - ST-Steiner - DEBUG - Computing edge costs
2018-05-20 11:52:19,862 - ST-Steiner - DEBUG - Scaling node prizes by 9820.0
2018-05-20 11:52:19,872 - ST-Steiner - DEBUG - Begin computing new node prizes.
2018-05-20 11:52:19,873 - ST-Steiner - DEBUG -   Finding node frequencies in constraining networks
2018-05-20 11:52:19,873 - ST-Steiner - DEBUG -   Computing artifical prizes
2018-05-20 11:52:19,873 - ST-Steiner - DEBUG -     lambda = 0.0
2018-05-20 11:52:19,873 - ST-Steiner - DEBUG -     alpha  = 2.0
2018-05-20 11:52:19,873 - ST-Steiner - DEBUG -     mode   = positive
2018-05-20 11:52:19,874 - ST-Steiner - DEBUG -   Saving artificial prizes, to intermediate_files/cluster_n2_05.txt
2018-05-20 11:52:19,874 - ST-Steiner - DEBUG -   Updating the original prizes
2018-05-20 11:52:19,882 - ST-Steiner - DEBUG - New prizes computed.
2018-05-20 11:52:19,901 - ST-Steiner - DEBUG - Writing msgsteiner stp file to intermediate_files/cluster_n2_05.stp
2018-05-20 11:52:19,935 - ST-Steiner - DEBUG - Executing msgsteiner binary at ../msgsteiner-1.3/msgsteiner
2018-05-20 11:52:19,936 - ST-Steiner - DEBUG - Executing command: ../msgsteiner-1.3/msgsteiner -o -d 30 -r 0 -g 1e-3
2018-05-20 11:52:19,936 - ST-Steiner - DEBUG - (With inhandle intermediate_files/cluster_n2_05.stp)
2018-05-20 11:52:33,697 - ST-Steiner - DEBUG - Done. Duration: 13.761 seconds.
2018-05-20 11:52:33,697 - ST-Steiner - DEBUG - Root: SYNE1
2018-05-20 11:52:33,708 - ST-Steiner - DEBUG - Tree found, 4094 nodes, 4093 edges
2018-05-20 11:52:33,709 - ST-Steiner - DEBUG - Nodes:
2018-05-20 11:52:33,709 - ST-Steiner - DEBUG - Finding Steiner tree is completed.
2018-05-20 11:52:33,711 - ST-Steiner - DEBUG - Saving to intermediate_files/cluster_n2_05.json
2018-05-20 11:52:33,730 - ST-Steiner - DEBUG - Saving to clusters/cluster_n2_05.txt
2018-05-20 11:52:33,738 - ST-Steiner - DEBUG - Intermediate files and folder are removed
2018-05-20 11:52:33,738 - ST-Steiner - DEBUG - ST-Steiner 2018-05-20 11:52:33.738824 with ID cluster_n2_05 completed.
