2018-05-20 14:11:22,331 - ST-Steiner - DEBUG - Running ST-Steiner, 2018-05-20 14:11:22.331088 with ID temp_cluster_bp2_07
2018-05-20 14:11:22,331 - ST-Steiner - DEBUG - No constraint file list is provided.
2018-05-20 14:11:22,331 - ST-Steiner - DEBUG - Prizes read from data/tada_qval_rubeis14_iossifov14_2015_bspan_mapped.txt
2018-05-20 14:11:22,347 - ST-Steiner - DEBUG - Reading network from data/bp2_07.wnetwork
2018-05-20 14:11:25,709 - ST-Steiner - DEBUG - Network has 4,527 nodes, 349,518 edges.
2018-05-20 14:11:25,710 - ST-Steiner - DEBUG - Edge cost mode selected: 1-weightsqd
2018-05-20 14:11:25,710 - ST-Steiner - DEBUG - Computing edge costs
2018-05-20 14:11:26,550 - ST-Steiner - DEBUG - Scaling node prizes by 100.0
2018-05-20 14:11:26,557 - ST-Steiner - DEBUG - Begin computing new node prizes.
2018-05-20 14:11:26,558 - ST-Steiner - DEBUG -   Finding node frequencies in constraining networks
2018-05-20 14:11:26,558 - ST-Steiner - DEBUG -   Computing artifical prizes
2018-05-20 14:11:26,558 - ST-Steiner - DEBUG -     lambda = 0.0
2018-05-20 14:11:26,558 - ST-Steiner - DEBUG -     alpha  = 2.0
2018-05-20 14:11:26,558 - ST-Steiner - DEBUG -     mode   = positive
2018-05-20 14:11:26,558 - ST-Steiner - DEBUG -   Saving artificial prizes, to intermediate_files/temp_cluster_bp2_07.txt
2018-05-20 14:11:26,558 - ST-Steiner - DEBUG -   Updating the original prizes
2018-05-20 14:11:26,565 - ST-Steiner - DEBUG - New prizes computed.
2018-05-20 14:11:27,008 - ST-Steiner - DEBUG - Writing msgsteiner stp file to intermediate_files/temp_cluster_bp2_07.stp
2018-05-20 14:11:27,924 - ST-Steiner - DEBUG - Executing msgsteiner binary at ../msgsteiner-1.3/msgsteiner
2018-05-20 14:11:27,924 - ST-Steiner - DEBUG - Executing command: ../msgsteiner-1.3/msgsteiner -o -d 30 -r 0 -g 1e-3
2018-05-20 14:11:27,924 - ST-Steiner - DEBUG - (With inhandle intermediate_files/temp_cluster_bp2_07.stp)
2018-05-20 14:18:27,967 - ST-Steiner - DEBUG - Done. Duration: 420.043 seconds.
2018-05-20 14:18:27,968 - ST-Steiner - DEBUG - Root: KIAA1109
2018-05-20 14:18:27,981 - ST-Steiner - DEBUG - Tree found, 4309 nodes, 4308 edges
2018-05-20 14:18:27,982 - ST-Steiner - DEBUG - Nodes:
2018-05-20 14:18:27,982 - ST-Steiner - DEBUG - Finding Steiner tree is completed.
2018-05-20 14:18:27,985 - ST-Steiner - DEBUG - Saving to intermediate_files/temp_cluster_bp2_07.json
2018-05-20 14:18:28,007 - ST-Steiner - DEBUG - Saving to clusters/temp_cluster_bp2_07.txt
2018-05-20 14:18:28,017 - ST-Steiner - DEBUG - Intermediate files and folder are removed
2018-05-20 14:18:28,017 - ST-Steiner - DEBUG - ST-Steiner 2018-05-20 14:18:28.017814 with ID temp_cluster_bp2_07 completed.
2018-05-20 14:18:28,756 - ST-Steiner - DEBUG - Running ST-Steiner, 2018-05-20 14:18:28.756100 with ID temp_cluster_bp2_07
2018-05-20 14:18:28,756 - ST-Steiner - DEBUG - No constraint file list is provided.
2018-05-20 14:18:28,756 - ST-Steiner - DEBUG - Prizes read from data/tada_qval_rubeis14_iossifov14_2015_bspan_mapped.txt
2018-05-20 14:18:28,772 - ST-Steiner - DEBUG - Reading network from data/bp2_07.wnetwork
2018-05-20 14:18:32,126 - ST-Steiner - DEBUG - Network has 4,527 nodes, 349,518 edges.
2018-05-20 14:18:32,126 - ST-Steiner - DEBUG - Edge cost mode selected: 1-weightsqd
2018-05-20 14:18:32,126 - ST-Steiner - DEBUG - Computing edge costs
2018-05-20 14:18:32,966 - ST-Steiner - DEBUG - Scaling node prizes by 120.0
2018-05-20 14:18:32,976 - ST-Steiner - DEBUG - Begin computing new node prizes.
2018-05-20 14:18:32,976 - ST-Steiner - DEBUG -   Finding node frequencies in constraining networks
2018-05-20 14:18:32,976 - ST-Steiner - DEBUG -   Computing artifical prizes
2018-05-20 14:18:32,976 - ST-Steiner - DEBUG -     lambda = 0.0
2018-05-20 14:18:32,976 - ST-Steiner - DEBUG -     alpha  = 2.0
2018-05-20 14:18:32,976 - ST-Steiner - DEBUG -     mode   = positive
2018-05-20 14:18:32,976 - ST-Steiner - DEBUG -   Saving artificial prizes, to intermediate_files/temp_cluster_bp2_07.txt
2018-05-20 14:18:32,976 - ST-Steiner - DEBUG -   Updating the original prizes
2018-05-20 14:18:32,984 - ST-Steiner - DEBUG - New prizes computed.
2018-05-20 14:18:33,405 - ST-Steiner - DEBUG - Writing msgsteiner stp file to intermediate_files/temp_cluster_bp2_07.stp
2018-05-20 14:18:34,316 - ST-Steiner - DEBUG - Executing msgsteiner binary at ../msgsteiner-1.3/msgsteiner
2018-05-20 14:18:34,316 - ST-Steiner - DEBUG - Executing command: ../msgsteiner-1.3/msgsteiner -o -d 30 -r 0 -g 1e-3
2018-05-20 14:18:34,316 - ST-Steiner - DEBUG - (With inhandle intermediate_files/temp_cluster_bp2_07.stp)
2018-05-20 14:25:17,307 - ST-Steiner - DEBUG - Done. Duration: 402.99 seconds.
2018-05-20 14:25:17,307 - ST-Steiner - DEBUG - Root: KIAA1109
2018-05-20 14:25:17,319 - ST-Steiner - DEBUG - Tree found, 4320 nodes, 4319 edges
2018-05-20 14:25:17,319 - ST-Steiner - DEBUG - Nodes:
2018-05-20 14:25:17,319 - ST-Steiner - DEBUG - Finding Steiner tree is completed.
2018-05-20 14:25:17,322 - ST-Steiner - DEBUG - Saving to intermediate_files/temp_cluster_bp2_07.json
2018-05-20 14:25:17,342 - ST-Steiner - DEBUG - Saving to clusters/temp_cluster_bp2_07.txt
2018-05-20 14:25:17,352 - ST-Steiner - DEBUG - Intermediate files and folder are removed
2018-05-20 14:25:17,352 - ST-Steiner - DEBUG - ST-Steiner 2018-05-20 14:25:17.352312 with ID temp_cluster_bp2_07 completed.
2018-05-20 16:28:37,891 - ST-Steiner - DEBUG - Running ST-Steiner, 2018-05-20 16:28:37.891948 with ID temp_cluster_bp2_07
2018-05-20 16:28:37,892 - ST-Steiner - DEBUG - Read constraining file list from clusters/cluster_list.txt: 7 files
2018-05-20 16:28:37,892 - ST-Steiner - DEBUG - Files:
2018-05-20 16:28:37,892 - ST-Steiner - DEBUG - 	clusters/cluster_ap1_07.txt
2018-05-20 16:28:37,892 - ST-Steiner - DEBUG - 	clusters/cluster_bp1_07.txt
2018-05-20 16:28:37,892 - ST-Steiner - DEBUG - 	clusters/cluster_ap2_07.txt
2018-05-20 16:28:37,892 - ST-Steiner - DEBUG - 	clusters/cluster_bp2_07.txt
2018-05-20 16:28:37,892 - ST-Steiner - DEBUG - 	clusters/cluster_n1_05.txt
2018-05-20 16:28:37,892 - ST-Steiner - DEBUG - 	clusters/cluster_n2_05.txt
2018-05-20 16:28:37,892 - ST-Steiner - DEBUG - 	clusters/cluster_n3_05.txt
2018-05-20 16:28:37,894 - ST-Steiner - DEBUG - Loaded contraining set from clusters/cluster_ap1_07.txt: 5159 nodes
2018-05-20 16:28:37,911 - ST-Steiner - DEBUG - Loaded contraining set from clusters/cluster_bp1_07.txt: 5018 nodes
2018-05-20 16:28:37,916 - ST-Steiner - DEBUG - Loaded contraining set from clusters/cluster_ap2_07.txt: 3995 nodes
2018-05-20 16:28:37,921 - ST-Steiner - DEBUG - Loaded contraining set from clusters/cluster_bp2_07.txt: 4309 nodes
2018-05-20 16:28:37,926 - ST-Steiner - DEBUG - Loaded contraining set from clusters/cluster_n1_05.txt: 4123 nodes
2018-05-20 16:28:37,930 - ST-Steiner - DEBUG - Loaded contraining set from clusters/cluster_n2_05.txt: 4092 nodes
2018-05-20 16:28:37,933 - ST-Steiner - DEBUG - Loaded contraining set from clusters/cluster_n3_05.txt: 1270 nodes
2018-05-20 16:28:37,934 - ST-Steiner - DEBUG - Prizes read from data/tada_qval_rubeis14_iossifov14_2015_bspan_mapped.txt
2018-05-20 16:28:37,951 - ST-Steiner - DEBUG - Reading network from data/bp2_07.wnetwork
2018-05-20 16:28:41,630 - ST-Steiner - DEBUG - Network has 4,527 nodes, 349,518 edges.
2018-05-20 16:28:41,630 - ST-Steiner - DEBUG - Edge cost mode selected: 1-weightsqd
2018-05-20 16:28:41,630 - ST-Steiner - DEBUG - Computing edge costs
2018-05-20 16:28:42,595 - ST-Steiner - DEBUG - Scaling node prizes by 120.0
2018-05-20 16:28:42,605 - ST-Steiner - DEBUG - Begin computing new node prizes.
2018-05-20 16:28:42,605 - ST-Steiner - DEBUG -   Finding node frequencies in constraining networks
2018-05-20 16:28:42,618 - ST-Steiner - DEBUG -   Computing artifical prizes
2018-05-20 16:28:42,618 - ST-Steiner - DEBUG -     lambda = 2.0
2018-05-20 16:28:42,618 - ST-Steiner - DEBUG -     alpha  = 2.0
2018-05-20 16:28:42,619 - ST-Steiner - DEBUG -     mode   = positive
2018-05-20 16:28:42,620 - ST-Steiner - DEBUG -   Saving artificial prizes, to intermediate_files/temp_cluster_bp2_07.txt
2018-05-20 16:28:42,634 - ST-Steiner - DEBUG -   Updating the original prizes
2018-05-20 16:28:42,648 - ST-Steiner - DEBUG - New prizes computed.
2018-05-20 16:28:43,209 - ST-Steiner - DEBUG - Writing msgsteiner stp file to intermediate_files/temp_cluster_bp2_07.stp
2018-05-20 16:28:44,169 - ST-Steiner - DEBUG - Executing msgsteiner binary at ../msgsteiner-1.3/msgsteiner
2018-05-20 16:28:44,169 - ST-Steiner - DEBUG - Executing command: ../msgsteiner-1.3/msgsteiner -o -d 30 -r 0 -g 1e-3
2018-05-20 16:28:44,169 - ST-Steiner - DEBUG - (With inhandle intermediate_files/temp_cluster_bp2_07.stp)
2018-05-20 16:35:34,622 - ST-Steiner - DEBUG - Done. Duration: 410.453 seconds.
2018-05-20 16:35:34,623 - ST-Steiner - DEBUG - Root: FANCM
2018-05-20 16:35:34,636 - ST-Steiner - DEBUG - Tree found, 4413 nodes, 4412 edges
2018-05-20 16:35:34,636 - ST-Steiner - DEBUG - Nodes:
2018-05-20 16:35:34,636 - ST-Steiner - DEBUG - Finding Steiner tree is completed.
2018-05-20 16:35:34,640 - ST-Steiner - DEBUG - Saving to intermediate_files/temp_cluster_bp2_07.json
2018-05-20 16:35:34,680 - ST-Steiner - DEBUG - Saving to clusters/temp_cluster_bp2_07.txt
2018-05-20 16:35:34,691 - ST-Steiner - DEBUG - Intermediate files and folder are removed
2018-05-20 16:35:34,692 - ST-Steiner - DEBUG - ST-Steiner 2018-05-20 16:35:34.692030 with ID temp_cluster_bp2_07 completed.
2018-05-20 16:43:46,048 - ST-Steiner - DEBUG - Running ST-Steiner, 2018-05-20 16:43:46.048947 with ID temp_cluster_bp2_07
2018-05-20 16:43:46,049 - ST-Steiner - DEBUG - Read constraining file list from clusters/cluster_list.txt: 7 files
2018-05-20 16:43:46,049 - ST-Steiner - DEBUG - Files:
2018-05-20 16:43:46,049 - ST-Steiner - DEBUG - 	clusters/cluster_ap1_07.txt
2018-05-20 16:43:46,049 - ST-Steiner - DEBUG - 	clusters/cluster_bp1_07.txt
2018-05-20 16:43:46,049 - ST-Steiner - DEBUG - 	clusters/cluster_ap2_07.txt
2018-05-20 16:43:46,049 - ST-Steiner - DEBUG - 	clusters/cluster_bp2_07.txt
2018-05-20 16:43:46,049 - ST-Steiner - DEBUG - 	clusters/cluster_n1_05.txt
2018-05-20 16:43:46,049 - ST-Steiner - DEBUG - 	clusters/cluster_n2_05.txt
2018-05-20 16:43:46,049 - ST-Steiner - DEBUG - 	clusters/cluster_n3_05.txt
2018-05-20 16:43:46,051 - ST-Steiner - DEBUG - Loaded contraining set from clusters/cluster_ap1_07.txt: 5159 nodes
2018-05-20 16:43:46,068 - ST-Steiner - DEBUG - Loaded contraining set from clusters/cluster_bp1_07.txt: 5018 nodes
2018-05-20 16:43:46,072 - ST-Steiner - DEBUG - Loaded contraining set from clusters/cluster_ap2_07.txt: 3995 nodes
2018-05-20 16:43:46,076 - ST-Steiner - DEBUG - Loaded contraining set from clusters/cluster_bp2_07.txt: 4413 nodes
2018-05-20 16:43:46,081 - ST-Steiner - DEBUG - Loaded contraining set from clusters/cluster_n1_05.txt: 4123 nodes
2018-05-20 16:43:46,085 - ST-Steiner - DEBUG - Loaded contraining set from clusters/cluster_n2_05.txt: 4092 nodes
2018-05-20 16:43:46,088 - ST-Steiner - DEBUG - Loaded contraining set from clusters/cluster_n3_05.txt: 1270 nodes
2018-05-20 16:43:46,089 - ST-Steiner - DEBUG - Prizes read from data/tada_qval_rubeis14_iossifov14_2015_bspan_mapped.txt
2018-05-20 16:43:46,105 - ST-Steiner - DEBUG - Reading network from data/bp2_07.wnetwork
2018-05-20 16:43:49,262 - ST-Steiner - DEBUG - Network has 4,527 nodes, 349,518 edges.
2018-05-20 16:43:49,263 - ST-Steiner - DEBUG - Edge cost mode selected: 1-weightsqd
2018-05-20 16:43:49,263 - ST-Steiner - DEBUG - Computing edge costs
2018-05-20 16:43:50,092 - ST-Steiner - DEBUG - Scaling node prizes by 120.0
2018-05-20 16:43:50,100 - ST-Steiner - DEBUG - Begin computing new node prizes.
2018-05-20 16:43:50,100 - ST-Steiner - DEBUG -   Finding node frequencies in constraining networks
2018-05-20 16:43:50,109 - ST-Steiner - DEBUG -   Computing artifical prizes
2018-05-20 16:43:50,109 - ST-Steiner - DEBUG -     lambda = 1.0
2018-05-20 16:43:50,109 - ST-Steiner - DEBUG -     alpha  = 2.0
2018-05-20 16:43:50,109 - ST-Steiner - DEBUG -     mode   = positive
2018-05-20 16:43:50,111 - ST-Steiner - DEBUG -   Saving artificial prizes, to intermediate_files/temp_cluster_bp2_07.txt
2018-05-20 16:43:50,124 - ST-Steiner - DEBUG -   Updating the original prizes
2018-05-20 16:43:50,138 - ST-Steiner - DEBUG - New prizes computed.
2018-05-20 16:43:50,555 - ST-Steiner - DEBUG - Writing msgsteiner stp file to intermediate_files/temp_cluster_bp2_07.stp
2018-05-20 16:43:51,439 - ST-Steiner - DEBUG - Executing msgsteiner binary at ../msgsteiner-1.3/msgsteiner
2018-05-20 16:43:51,439 - ST-Steiner - DEBUG - Executing command: ../msgsteiner-1.3/msgsteiner -o -d 30 -r 0 -g 1e-3
2018-05-20 16:43:51,439 - ST-Steiner - DEBUG - (With inhandle intermediate_files/temp_cluster_bp2_07.stp)
2018-05-20 16:50:11,263 - ST-Steiner - DEBUG - Done. Duration: 379.824 seconds.
2018-05-20 16:50:11,264 - ST-Steiner - DEBUG - Root: FANCM
2018-05-20 16:50:11,276 - ST-Steiner - DEBUG - Tree found, 4418 nodes, 4417 edges
2018-05-20 16:50:11,276 - ST-Steiner - DEBUG - Nodes:
2018-05-20 16:50:11,276 - ST-Steiner - DEBUG - Finding Steiner tree is completed.
2018-05-20 16:50:11,279 - ST-Steiner - DEBUG - Saving to intermediate_files/temp_cluster_bp2_07.json
2018-05-20 16:50:11,318 - ST-Steiner - DEBUG - Saving to clusters/temp_cluster_bp2_07.txt
2018-05-20 16:50:11,329 - ST-Steiner - DEBUG - Intermediate files and folder are removed
2018-05-20 16:50:11,329 - ST-Steiner - DEBUG - ST-Steiner 2018-05-20 16:50:11.329508 with ID temp_cluster_bp2_07 completed.
2018-05-20 16:58:18,191 - ST-Steiner - DEBUG - Running ST-Steiner, 2018-05-20 16:58:18.191339 with ID temp_cluster_bp2_07
2018-05-20 16:58:18,191 - ST-Steiner - DEBUG - Read constraining file list from clusters/cluster_list.txt: 7 files
2018-05-20 16:58:18,191 - ST-Steiner - DEBUG - Files:
2018-05-20 16:58:18,191 - ST-Steiner - DEBUG - 	clusters/cluster_ap1_07.txt
2018-05-20 16:58:18,192 - ST-Steiner - DEBUG - 	clusters/cluster_bp1_07.txt
2018-05-20 16:58:18,192 - ST-Steiner - DEBUG - 	clusters/cluster_ap2_07.txt
2018-05-20 16:58:18,192 - ST-Steiner - DEBUG - 	clusters/cluster_bp2_07.txt
2018-05-20 16:58:18,192 - ST-Steiner - DEBUG - 	clusters/cluster_n1_05.txt
2018-05-20 16:58:18,192 - ST-Steiner - DEBUG - 	clusters/cluster_n2_05.txt
2018-05-20 16:58:18,192 - ST-Steiner - DEBUG - 	clusters/cluster_n3_05.txt
2018-05-20 16:58:18,193 - ST-Steiner - DEBUG - Loaded contraining set from clusters/cluster_ap1_07.txt: 5206 nodes
2018-05-20 16:58:18,213 - ST-Steiner - DEBUG - Loaded contraining set from clusters/cluster_bp1_07.txt: 5034 nodes
2018-05-20 16:58:18,220 - ST-Steiner - DEBUG - Loaded contraining set from clusters/cluster_ap2_07.txt: 4011 nodes
2018-05-20 16:58:18,224 - ST-Steiner - DEBUG - Loaded contraining set from clusters/cluster_bp2_07.txt: 4418 nodes
2018-05-20 16:58:18,228 - ST-Steiner - DEBUG - Loaded contraining set from clusters/cluster_n1_05.txt: 4123 nodes
2018-05-20 16:58:18,232 - ST-Steiner - DEBUG - Loaded contraining set from clusters/cluster_n2_05.txt: 4092 nodes
2018-05-20 16:58:18,235 - ST-Steiner - DEBUG - Loaded contraining set from clusters/cluster_n3_05.txt: 1270 nodes
2018-05-20 16:58:18,236 - ST-Steiner - DEBUG - Prizes read from data/tada_qval_rubeis14_iossifov14_2015_bspan_mapped.txt
2018-05-20 16:58:18,252 - ST-Steiner - DEBUG - Reading network from data/bp2_07.wnetwork
2018-05-20 16:58:21,445 - ST-Steiner - DEBUG - Network has 4,527 nodes, 349,518 edges.
2018-05-20 16:58:21,445 - ST-Steiner - DEBUG - Edge cost mode selected: 1-weightsqd
2018-05-20 16:58:21,445 - ST-Steiner - DEBUG - Computing edge costs
2018-05-20 16:58:22,237 - ST-Steiner - DEBUG - Scaling node prizes by 120.0
2018-05-20 16:58:22,243 - ST-Steiner - DEBUG - Begin computing new node prizes.
2018-05-20 16:58:22,244 - ST-Steiner - DEBUG -   Finding node frequencies in constraining networks
2018-05-20 16:58:22,250 - ST-Steiner - DEBUG -   Computing artifical prizes
2018-05-20 16:58:22,251 - ST-Steiner - DEBUG -     lambda = 0.5
2018-05-20 16:58:22,251 - ST-Steiner - DEBUG -     alpha  = 2.0
2018-05-20 16:58:22,251 - ST-Steiner - DEBUG -     mode   = positive
2018-05-20 16:58:22,252 - ST-Steiner - DEBUG -   Saving artificial prizes, to intermediate_files/temp_cluster_bp2_07.txt
2018-05-20 16:58:22,265 - ST-Steiner - DEBUG -   Updating the original prizes
2018-05-20 16:58:22,278 - ST-Steiner - DEBUG - New prizes computed.
2018-05-20 16:58:22,702 - ST-Steiner - DEBUG - Writing msgsteiner stp file to intermediate_files/temp_cluster_bp2_07.stp
2018-05-20 16:58:23,644 - ST-Steiner - DEBUG - Executing msgsteiner binary at ../msgsteiner-1.3/msgsteiner
2018-05-20 16:58:23,645 - ST-Steiner - DEBUG - Executing command: ../msgsteiner-1.3/msgsteiner -o -d 30 -r 0 -g 1e-3
2018-05-20 16:58:23,645 - ST-Steiner - DEBUG - (With inhandle intermediate_files/temp_cluster_bp2_07.stp)
2018-05-20 17:04:43,806 - ST-Steiner - DEBUG - Done. Duration: 380.161 seconds.
2018-05-20 17:04:43,806 - ST-Steiner - DEBUG - Root: FANCM
2018-05-20 17:04:43,819 - ST-Steiner - DEBUG - Tree found, 4418 nodes, 4417 edges
2018-05-20 17:04:43,819 - ST-Steiner - DEBUG - Nodes:
2018-05-20 17:04:43,819 - ST-Steiner - DEBUG - Finding Steiner tree is completed.
2018-05-20 17:04:43,822 - ST-Steiner - DEBUG - Saving to intermediate_files/temp_cluster_bp2_07.json
2018-05-20 17:04:43,860 - ST-Steiner - DEBUG - Saving to clusters/temp_cluster_bp2_07.txt
2018-05-20 17:04:43,870 - ST-Steiner - DEBUG - Intermediate files and folder are removed
2018-05-20 17:04:43,870 - ST-Steiner - DEBUG - ST-Steiner 2018-05-20 17:04:43.870779 with ID temp_cluster_bp2_07 completed.
2018-05-20 17:12:58,677 - ST-Steiner - DEBUG - Running ST-Steiner, 2018-05-20 17:12:58.677844 with ID temp_cluster_bp2_07
2018-05-20 17:12:58,678 - ST-Steiner - DEBUG - Read constraining file list from clusters/cluster_list.txt: 7 files
2018-05-20 17:12:58,678 - ST-Steiner - DEBUG - Files:
2018-05-20 17:12:58,678 - ST-Steiner - DEBUG - 	clusters/cluster_ap1_07.txt
2018-05-20 17:12:58,678 - ST-Steiner - DEBUG - 	clusters/cluster_bp1_07.txt
2018-05-20 17:12:58,678 - ST-Steiner - DEBUG - 	clusters/cluster_ap2_07.txt
2018-05-20 17:12:58,678 - ST-Steiner - DEBUG - 	clusters/cluster_bp2_07.txt
2018-05-20 17:12:58,678 - ST-Steiner - DEBUG - 	clusters/cluster_n1_05.txt
2018-05-20 17:12:58,678 - ST-Steiner - DEBUG - 	clusters/cluster_n2_05.txt
2018-05-20 17:12:58,678 - ST-Steiner - DEBUG - 	clusters/cluster_n3_05.txt
2018-05-20 17:12:58,679 - ST-Steiner - DEBUG - Loaded contraining set from clusters/cluster_ap1_07.txt: 5206 nodes
2018-05-20 17:12:58,696 - ST-Steiner - DEBUG - Loaded contraining set from clusters/cluster_bp1_07.txt: 5034 nodes
2018-05-20 17:12:58,701 - ST-Steiner - DEBUG - Loaded contraining set from clusters/cluster_ap2_07.txt: 4011 nodes
2018-05-20 17:12:58,705 - ST-Steiner - DEBUG - Loaded contraining set from clusters/cluster_bp2_07.txt: 4418 nodes
2018-05-20 17:12:58,709 - ST-Steiner - DEBUG - Loaded contraining set from clusters/cluster_n1_05.txt: 4123 nodes
2018-05-20 17:12:58,713 - ST-Steiner - DEBUG - Loaded contraining set from clusters/cluster_n2_05.txt: 4092 nodes
2018-05-20 17:12:58,716 - ST-Steiner - DEBUG - Loaded contraining set from clusters/cluster_n3_05.txt: 1270 nodes
2018-05-20 17:12:58,717 - ST-Steiner - DEBUG - Prizes read from data/tada_qval_rubeis14_iossifov14_2015_bspan_mapped.txt
2018-05-20 17:12:58,733 - ST-Steiner - DEBUG - Reading network from data/bp2_07.wnetwork
2018-05-20 17:13:01,884 - ST-Steiner - DEBUG - Network has 4,527 nodes, 349,518 edges.
2018-05-20 17:13:01,884 - ST-Steiner - DEBUG - Edge cost mode selected: 1-weightsqd
2018-05-20 17:13:01,884 - ST-Steiner - DEBUG - Computing edge costs
2018-05-20 17:13:02,697 - ST-Steiner - DEBUG - Scaling node prizes by 120.0
2018-05-20 17:13:02,704 - ST-Steiner - DEBUG - Begin computing new node prizes.
2018-05-20 17:13:02,704 - ST-Steiner - DEBUG -   Finding node frequencies in constraining networks
2018-05-20 17:13:02,712 - ST-Steiner - DEBUG -   Computing artifical prizes
2018-05-20 17:13:02,712 - ST-Steiner - DEBUG -     lambda = 0.25
2018-05-20 17:13:02,712 - ST-Steiner - DEBUG -     alpha  = 2.0
2018-05-20 17:13:02,712 - ST-Steiner - DEBUG -     mode   = positive
2018-05-20 17:13:02,713 - ST-Steiner - DEBUG -   Saving artificial prizes, to intermediate_files/temp_cluster_bp2_07.txt
2018-05-20 17:13:02,726 - ST-Steiner - DEBUG -   Updating the original prizes
2018-05-20 17:13:02,739 - ST-Steiner - DEBUG - New prizes computed.
2018-05-20 17:13:03,162 - ST-Steiner - DEBUG - Writing msgsteiner stp file to intermediate_files/temp_cluster_bp2_07.stp
2018-05-20 17:13:04,061 - ST-Steiner - DEBUG - Executing msgsteiner binary at ../msgsteiner-1.3/msgsteiner
2018-05-20 17:13:04,062 - ST-Steiner - DEBUG - Executing command: ../msgsteiner-1.3/msgsteiner -o -d 30 -r 0 -g 1e-3
2018-05-20 17:13:04,062 - ST-Steiner - DEBUG - (With inhandle intermediate_files/temp_cluster_bp2_07.stp)
2018-05-20 17:19:12,948 - ST-Steiner - DEBUG - Done. Duration: 368.886 seconds.
2018-05-20 17:19:12,948 - ST-Steiner - DEBUG - Root: FANCM
2018-05-20 17:19:12,961 - ST-Steiner - DEBUG - Tree found, 4408 nodes, 4407 edges
2018-05-20 17:19:12,961 - ST-Steiner - DEBUG - Nodes:
2018-05-20 17:19:12,961 - ST-Steiner - DEBUG - Finding Steiner tree is completed.
2018-05-20 17:19:12,963 - ST-Steiner - DEBUG - Saving to intermediate_files/temp_cluster_bp2_07.json
2018-05-20 17:19:13,002 - ST-Steiner - DEBUG - Saving to clusters/temp_cluster_bp2_07.txt
2018-05-20 17:19:13,012 - ST-Steiner - DEBUG - Intermediate files and folder are removed
2018-05-20 17:19:13,012 - ST-Steiner - DEBUG - ST-Steiner 2018-05-20 17:19:13.012836 with ID temp_cluster_bp2_07 completed.
2018-05-28 10:42:16,264 - ST-Steiner - DEBUG - Running ST-Steiner, 2018-05-28 10:42:16.264026 with ID temp_cluster_bp2_07
2018-05-28 10:42:16,264 - ST-Steiner - DEBUG - No constraint file list is provided.
2018-05-28 10:42:16,264 - ST-Steiner - DEBUG - Prizes read from data/tada_qval_rubeis14_iossifov14_2015_bspan_mapped.txt
2018-05-28 10:42:16,282 - ST-Steiner - DEBUG - Reading network from data/bp2_07.wnetwork
2018-05-28 10:42:19,436 - ST-Steiner - DEBUG - Network has 4,527 nodes, 349,518 edges.
2018-05-28 10:42:19,436 - ST-Steiner - DEBUG - Edge cost mode selected: 1-weightsqd
2018-05-28 10:42:19,436 - ST-Steiner - DEBUG - Computing edge costs
2018-05-28 10:42:20,238 - ST-Steiner - DEBUG - Scaling node prizes by 1.0
2018-05-28 10:42:20,246 - ST-Steiner - DEBUG - Begin computing new node prizes.
2018-05-28 10:42:20,246 - ST-Steiner - DEBUG -   Finding node frequencies in constraining networks
2018-05-28 10:42:20,246 - ST-Steiner - DEBUG -   Computing artifical prizes
2018-05-28 10:42:20,246 - ST-Steiner - DEBUG -     lambda = 0.0
2018-05-28 10:42:20,246 - ST-Steiner - DEBUG -     alpha  = 2.0
2018-05-28 10:42:20,246 - ST-Steiner - DEBUG -     mode   = positive
2018-05-28 10:42:20,246 - ST-Steiner - DEBUG -   Saving artificial prizes, to intermediate_files/temp_cluster_bp2_07.txt
2018-05-28 10:42:20,246 - ST-Steiner - DEBUG -   Updating the original prizes
2018-05-28 10:42:20,253 - ST-Steiner - DEBUG - New prizes computed.
2018-05-28 10:42:20,680 - ST-Steiner - DEBUG - Writing msgsteiner stp file to intermediate_files/temp_cluster_bp2_07.stp
2018-05-28 10:42:21,570 - ST-Steiner - DEBUG - Executing msgsteiner binary at ../msgsteiner-1.3/msgsteiner
2018-05-28 10:42:21,570 - ST-Steiner - DEBUG - Executing command: ../msgsteiner-1.3/msgsteiner -o -d 30 -r 0 -g 1e-3
2018-05-28 10:42:21,570 - ST-Steiner - DEBUG - (With inhandle intermediate_files/temp_cluster_bp2_07.stp)
2018-05-28 10:48:37,897 - ST-Steiner - DEBUG - Done. Duration: 376.327 seconds.
2018-05-28 10:48:37,897 - ST-Steiner - DEBUG - Root: KIAA1109
2018-05-28 10:48:37,910 - ST-Steiner - DEBUG - Tree found, 4303 nodes, 4302 edges
2018-05-28 10:48:37,910 - ST-Steiner - DEBUG - Nodes:
2018-05-28 10:48:37,910 - ST-Steiner - DEBUG - Finding Steiner tree is completed.
2018-05-28 10:48:37,913 - ST-Steiner - DEBUG - Saving to intermediate_files/temp_cluster_bp2_07.json
2018-05-28 10:48:37,933 - ST-Steiner - DEBUG - Saving to clusters/temp_cluster_bp2_07.txt
2018-05-28 10:48:37,943 - ST-Steiner - DEBUG - Intermediate files and folder are removed
2018-05-28 10:48:37,943 - ST-Steiner - DEBUG - ST-Steiner 2018-05-28 10:48:37.943457 with ID temp_cluster_bp2_07 completed.
2018-05-28 10:48:38,638 - ST-Steiner - DEBUG - Running ST-Steiner, 2018-05-28 10:48:38.638353 with ID temp_cluster_bp2_07
2018-05-28 10:48:38,638 - ST-Steiner - DEBUG - No constraint file list is provided.
2018-05-28 10:48:38,638 - ST-Steiner - DEBUG - Prizes read from data/tada_qval_rubeis14_iossifov14_2015_bspan_mapped.txt
2018-05-28 10:48:38,654 - ST-Steiner - DEBUG - Reading network from data/bp2_07.wnetwork
2018-05-28 10:48:41,765 - ST-Steiner - DEBUG - Network has 4,527 nodes, 349,518 edges.
2018-05-28 10:48:41,765 - ST-Steiner - DEBUG - Edge cost mode selected: 1-weightsqd
2018-05-28 10:48:41,765 - ST-Steiner - DEBUG - Computing edge costs
2018-05-28 10:48:42,572 - ST-Steiner - DEBUG - Scaling node prizes by 1.1
2018-05-28 10:48:42,578 - ST-Steiner - DEBUG - Begin computing new node prizes.
2018-05-28 10:48:42,578 - ST-Steiner - DEBUG -   Finding node frequencies in constraining networks
2018-05-28 10:48:42,578 - ST-Steiner - DEBUG -   Computing artifical prizes
2018-05-28 10:48:42,578 - ST-Steiner - DEBUG -     lambda = 0.0
2018-05-28 10:48:42,579 - ST-Steiner - DEBUG -     alpha  = 2.0
2018-05-28 10:48:42,579 - ST-Steiner - DEBUG -     mode   = positive
2018-05-28 10:48:42,579 - ST-Steiner - DEBUG -   Saving artificial prizes, to intermediate_files/temp_cluster_bp2_07.txt
2018-05-28 10:48:42,579 - ST-Steiner - DEBUG -   Updating the original prizes
2018-05-28 10:48:42,585 - ST-Steiner - DEBUG - New prizes computed.
2018-05-28 10:48:43,028 - ST-Steiner - DEBUG - Writing msgsteiner stp file to intermediate_files/temp_cluster_bp2_07.stp
2018-05-28 10:48:43,900 - ST-Steiner - DEBUG - Executing msgsteiner binary at ../msgsteiner-1.3/msgsteiner
2018-05-28 10:48:43,900 - ST-Steiner - DEBUG - Executing command: ../msgsteiner-1.3/msgsteiner -o -d 30 -r 0 -g 1e-3
2018-05-28 10:48:43,900 - ST-Steiner - DEBUG - (With inhandle intermediate_files/temp_cluster_bp2_07.stp)
2018-05-28 10:55:03,051 - ST-Steiner - DEBUG - Done. Duration: 379.151 seconds.
2018-05-28 10:55:03,052 - ST-Steiner - DEBUG - Root: KIAA1109
2018-05-28 10:55:03,064 - ST-Steiner - DEBUG - Tree found, 4310 nodes, 4309 edges
2018-05-28 10:55:03,064 - ST-Steiner - DEBUG - Nodes:
2018-05-28 10:55:03,064 - ST-Steiner - DEBUG - Finding Steiner tree is completed.
2018-05-28 10:55:03,067 - ST-Steiner - DEBUG - Saving to intermediate_files/temp_cluster_bp2_07.json
2018-05-28 10:55:03,088 - ST-Steiner - DEBUG - Saving to clusters/temp_cluster_bp2_07.txt
2018-05-28 10:55:03,098 - ST-Steiner - DEBUG - Intermediate files and folder are removed
2018-05-28 10:55:03,098 - ST-Steiner - DEBUG - ST-Steiner 2018-05-28 10:55:03.098609 with ID temp_cluster_bp2_07 completed.
2018-05-28 10:55:03,803 - ST-Steiner - DEBUG - Running ST-Steiner, 2018-05-28 10:55:03.802960 with ID temp_cluster_bp2_07
2018-05-28 10:55:03,803 - ST-Steiner - DEBUG - No constraint file list is provided.
2018-05-28 10:55:03,803 - ST-Steiner - DEBUG - Prizes read from data/tada_qval_rubeis14_iossifov14_2015_bspan_mapped.txt
2018-05-28 10:55:03,819 - ST-Steiner - DEBUG - Reading network from data/bp2_07.wnetwork
2018-05-28 10:55:06,898 - ST-Steiner - DEBUG - Network has 4,527 nodes, 349,518 edges.
2018-05-28 10:55:06,898 - ST-Steiner - DEBUG - Edge cost mode selected: 1-weightsqd
2018-05-28 10:55:06,898 - ST-Steiner - DEBUG - Computing edge costs
2018-05-28 10:55:07,693 - ST-Steiner - DEBUG - Scaling node prizes by 1.2000000000000002
2018-05-28 10:55:07,700 - ST-Steiner - DEBUG - Begin computing new node prizes.
2018-05-28 10:55:07,700 - ST-Steiner - DEBUG -   Finding node frequencies in constraining networks
2018-05-28 10:55:07,700 - ST-Steiner - DEBUG -   Computing artifical prizes
2018-05-28 10:55:07,700 - ST-Steiner - DEBUG -     lambda = 0.0
2018-05-28 10:55:07,700 - ST-Steiner - DEBUG -     alpha  = 2.0
2018-05-28 10:55:07,700 - ST-Steiner - DEBUG -     mode   = positive
2018-05-28 10:55:07,700 - ST-Steiner - DEBUG -   Saving artificial prizes, to intermediate_files/temp_cluster_bp2_07.txt
2018-05-28 10:55:07,700 - ST-Steiner - DEBUG -   Updating the original prizes
2018-05-28 10:55:07,706 - ST-Steiner - DEBUG - New prizes computed.
2018-05-28 10:55:08,140 - ST-Steiner - DEBUG - Writing msgsteiner stp file to intermediate_files/temp_cluster_bp2_07.stp
2018-05-28 10:55:09,022 - ST-Steiner - DEBUG - Executing msgsteiner binary at ../msgsteiner-1.3/msgsteiner
2018-05-28 10:55:09,022 - ST-Steiner - DEBUG - Executing command: ../msgsteiner-1.3/msgsteiner -o -d 30 -r 0 -g 1e-3
2018-05-28 10:55:09,022 - ST-Steiner - DEBUG - (With inhandle intermediate_files/temp_cluster_bp2_07.stp)
2018-05-28 11:01:12,511 - ST-Steiner - DEBUG - Done. Duration: 363.489 seconds.
2018-05-28 11:01:12,511 - ST-Steiner - DEBUG - Root: KIAA1109
2018-05-28 11:01:12,524 - ST-Steiner - DEBUG - Tree found, 4311 nodes, 4310 edges
2018-05-28 11:01:12,524 - ST-Steiner - DEBUG - Nodes:
2018-05-28 11:01:12,524 - ST-Steiner - DEBUG - Finding Steiner tree is completed.
2018-05-28 11:01:12,528 - ST-Steiner - DEBUG - Saving to intermediate_files/temp_cluster_bp2_07.json
2018-05-28 11:01:12,548 - ST-Steiner - DEBUG - Saving to clusters/temp_cluster_bp2_07.txt
2018-05-28 11:01:12,559 - ST-Steiner - DEBUG - Intermediate files and folder are removed
2018-05-28 11:01:12,559 - ST-Steiner - DEBUG - ST-Steiner 2018-05-28 11:01:12.559761 with ID temp_cluster_bp2_07 completed.
2018-05-28 13:19:26,764 - ST-Steiner - DEBUG - Running ST-Steiner, 2018-05-28 13:19:26.764449 with ID temp_cluster_bp2_07
2018-05-28 13:19:26,764 - ST-Steiner - DEBUG - No constraint file list is provided.
2018-05-28 13:19:26,764 - ST-Steiner - DEBUG - Prizes read from data/tada_qval_rubeis14_iossifov14_2015_bspan_mapped.txt
2018-05-28 13:19:26,780 - ST-Steiner - DEBUG - Reading network from data/bp2_07.wnetwork
2018-05-28 13:19:29,835 - ST-Steiner - DEBUG - Network has 4,527 nodes, 349,518 edges.
2018-05-28 13:19:29,835 - ST-Steiner - DEBUG - Edge cost mode selected: 1-weightsqd
2018-05-28 13:19:29,836 - ST-Steiner - DEBUG - Computing edge costs
2018-05-28 13:19:30,629 - ST-Steiner - DEBUG - Scaling node prizes by 0.1
2018-05-28 13:19:30,635 - ST-Steiner - DEBUG - Begin computing new node prizes.
2018-05-28 13:19:30,636 - ST-Steiner - DEBUG -   Finding node frequencies in constraining networks
2018-05-28 13:19:30,636 - ST-Steiner - DEBUG -   Computing artifical prizes
2018-05-28 13:19:30,636 - ST-Steiner - DEBUG -     lambda = 0.0
2018-05-28 13:19:30,636 - ST-Steiner - DEBUG -     alpha  = 2.0
2018-05-28 13:19:30,636 - ST-Steiner - DEBUG -     mode   = positive
2018-05-28 13:19:30,636 - ST-Steiner - DEBUG -   Saving artificial prizes, to intermediate_files/temp_cluster_bp2_07.txt
2018-05-28 13:19:30,636 - ST-Steiner - DEBUG -   Updating the original prizes
2018-05-28 13:19:30,642 - ST-Steiner - DEBUG - New prizes computed.
2018-05-28 13:19:31,072 - ST-Steiner - DEBUG - Writing msgsteiner stp file to intermediate_files/temp_cluster_bp2_07.stp
2018-05-28 13:19:31,954 - ST-Steiner - DEBUG - Executing msgsteiner binary at ../msgsteiner-1.3/msgsteiner
2018-05-28 13:19:31,954 - ST-Steiner - DEBUG - Executing command: ../msgsteiner-1.3/msgsteiner -o -d 30 -r 0 -g 1e-3
2018-05-28 13:19:31,954 - ST-Steiner - DEBUG - (With inhandle intermediate_files/temp_cluster_bp2_07.stp)
2018-05-28 13:25:48,895 - ST-Steiner - DEBUG - Done. Duration: 376.941 seconds.
2018-05-28 13:25:48,895 - ST-Steiner - DEBUG - Root: KIAA1109
2018-05-28 13:25:48,903 - ST-Steiner - DEBUG - Tree found, 2818 nodes, 2817 edges
2018-05-28 13:25:48,903 - ST-Steiner - DEBUG - Nodes:
2018-05-28 13:25:48,903 - ST-Steiner - DEBUG - Finding Steiner tree is completed.
2018-05-28 13:25:48,905 - ST-Steiner - DEBUG - Saving to intermediate_files/temp_cluster_bp2_07.json
2018-05-28 13:25:48,918 - ST-Steiner - DEBUG - Saving to clusters/temp_cluster_bp2_07.txt
2018-05-28 13:25:48,925 - ST-Steiner - DEBUG - Intermediate files and folder are removed
2018-05-28 13:25:48,925 - ST-Steiner - DEBUG - ST-Steiner 2018-05-28 13:25:48.925646 with ID temp_cluster_bp2_07 completed.
2018-05-28 13:25:49,624 - ST-Steiner - DEBUG - Running ST-Steiner, 2018-05-28 13:25:49.624567 with ID temp_cluster_bp2_07
2018-05-28 13:25:49,624 - ST-Steiner - DEBUG - No constraint file list is provided.
2018-05-28 13:25:49,624 - ST-Steiner - DEBUG - Prizes read from data/tada_qval_rubeis14_iossifov14_2015_bspan_mapped.txt
2018-05-28 13:25:49,640 - ST-Steiner - DEBUG - Reading network from data/bp2_07.wnetwork
2018-05-28 13:25:52,765 - ST-Steiner - DEBUG - Network has 4,527 nodes, 349,518 edges.
2018-05-28 13:25:52,765 - ST-Steiner - DEBUG - Edge cost mode selected: 1-weightsqd
2018-05-28 13:25:52,765 - ST-Steiner - DEBUG - Computing edge costs
2018-05-28 13:25:53,588 - ST-Steiner - DEBUG - Scaling node prizes by 0.08
2018-05-28 13:25:53,596 - ST-Steiner - DEBUG - Begin computing new node prizes.
2018-05-28 13:25:53,596 - ST-Steiner - DEBUG -   Finding node frequencies in constraining networks
2018-05-28 13:25:53,596 - ST-Steiner - DEBUG -   Computing artifical prizes
2018-05-28 13:25:53,597 - ST-Steiner - DEBUG -     lambda = 0.0
2018-05-28 13:25:53,597 - ST-Steiner - DEBUG -     alpha  = 2.0
2018-05-28 13:25:53,597 - ST-Steiner - DEBUG -     mode   = positive
2018-05-28 13:25:53,597 - ST-Steiner - DEBUG -   Saving artificial prizes, to intermediate_files/temp_cluster_bp2_07.txt
2018-05-28 13:25:53,597 - ST-Steiner - DEBUG -   Updating the original prizes
2018-05-28 13:25:53,603 - ST-Steiner - DEBUG - New prizes computed.
2018-05-28 13:25:54,030 - ST-Steiner - DEBUG - Writing msgsteiner stp file to intermediate_files/temp_cluster_bp2_07.stp
2018-05-28 13:25:54,914 - ST-Steiner - DEBUG - Executing msgsteiner binary at ../msgsteiner-1.3/msgsteiner
2018-05-28 13:25:54,915 - ST-Steiner - DEBUG - Executing command: ../msgsteiner-1.3/msgsteiner -o -d 30 -r 0 -g 1e-3
2018-05-28 13:25:54,915 - ST-Steiner - DEBUG - (With inhandle intermediate_files/temp_cluster_bp2_07.stp)
2018-05-28 13:32:23,197 - ST-Steiner - DEBUG - Done. Duration: 388.282 seconds.
2018-05-28 13:32:23,197 - ST-Steiner - DEBUG - Root: KIAA1109
2018-05-28 13:32:23,204 - ST-Steiner - DEBUG - Tree found, 2505 nodes, 2504 edges
2018-05-28 13:32:23,204 - ST-Steiner - DEBUG - Nodes:
2018-05-28 13:32:23,204 - ST-Steiner - DEBUG - Finding Steiner tree is completed.
2018-05-28 13:32:23,205 - ST-Steiner - DEBUG - Saving to intermediate_files/temp_cluster_bp2_07.json
2018-05-28 13:32:23,217 - ST-Steiner - DEBUG - Saving to clusters/temp_cluster_bp2_07.txt
2018-05-28 13:32:23,224 - ST-Steiner - DEBUG - Intermediate files and folder are removed
2018-05-28 13:32:23,224 - ST-Steiner - DEBUG - ST-Steiner 2018-05-28 13:32:23.224138 with ID temp_cluster_bp2_07 completed.
2018-05-28 13:32:23,944 - ST-Steiner - DEBUG - Running ST-Steiner, 2018-05-28 13:32:23.944058 with ID temp_cluster_bp2_07
2018-05-28 13:32:23,944 - ST-Steiner - DEBUG - No constraint file list is provided.
2018-05-28 13:32:23,944 - ST-Steiner - DEBUG - Prizes read from data/tada_qval_rubeis14_iossifov14_2015_bspan_mapped.txt
2018-05-28 13:32:23,959 - ST-Steiner - DEBUG - Reading network from data/bp2_07.wnetwork
2018-05-28 13:32:27,072 - ST-Steiner - DEBUG - Network has 4,527 nodes, 349,518 edges.
2018-05-28 13:32:27,073 - ST-Steiner - DEBUG - Edge cost mode selected: 1-weightsqd
2018-05-28 13:32:27,073 - ST-Steiner - DEBUG - Computing edge costs
2018-05-28 13:32:27,863 - ST-Steiner - DEBUG - Scaling node prizes by 0.06
2018-05-28 13:32:27,873 - ST-Steiner - DEBUG - Begin computing new node prizes.
2018-05-28 13:32:27,873 - ST-Steiner - DEBUG -   Finding node frequencies in constraining networks
2018-05-28 13:32:27,873 - ST-Steiner - DEBUG -   Computing artifical prizes
2018-05-28 13:32:27,873 - ST-Steiner - DEBUG -     lambda = 0.0
2018-05-28 13:32:27,873 - ST-Steiner - DEBUG -     alpha  = 2.0
2018-05-28 13:32:27,873 - ST-Steiner - DEBUG -     mode   = positive
2018-05-28 13:32:27,873 - ST-Steiner - DEBUG -   Saving artificial prizes, to intermediate_files/temp_cluster_bp2_07.txt
2018-05-28 13:32:27,873 - ST-Steiner - DEBUG -   Updating the original prizes
2018-05-28 13:32:27,879 - ST-Steiner - DEBUG - New prizes computed.
2018-05-28 13:32:28,306 - ST-Steiner - DEBUG - Writing msgsteiner stp file to intermediate_files/temp_cluster_bp2_07.stp
2018-05-28 13:32:29,192 - ST-Steiner - DEBUG - Executing msgsteiner binary at ../msgsteiner-1.3/msgsteiner
2018-05-28 13:32:29,192 - ST-Steiner - DEBUG - Executing command: ../msgsteiner-1.3/msgsteiner -o -d 30 -r 0 -g 1e-3
2018-05-28 13:32:29,192 - ST-Steiner - DEBUG - (With inhandle intermediate_files/temp_cluster_bp2_07.stp)
2018-05-28 13:38:48,896 - ST-Steiner - DEBUG - Done. Duration: 379.703 seconds.
2018-05-28 13:38:48,896 - ST-Steiner - DEBUG - Root: KIAA1109
2018-05-28 13:38:48,902 - ST-Steiner - DEBUG - Tree found, 2181 nodes, 2180 edges
2018-05-28 13:38:48,902 - ST-Steiner - DEBUG - Nodes:
2018-05-28 13:38:48,902 - ST-Steiner - DEBUG - Finding Steiner tree is completed.
2018-05-28 13:38:48,903 - ST-Steiner - DEBUG - Saving to intermediate_files/temp_cluster_bp2_07.json
2018-05-28 13:38:48,914 - ST-Steiner - DEBUG - Saving to clusters/temp_cluster_bp2_07.txt
2018-05-28 13:38:48,920 - ST-Steiner - DEBUG - Intermediate files and folder are removed
2018-05-28 13:38:48,921 - ST-Steiner - DEBUG - ST-Steiner 2018-05-28 13:38:48.920995 with ID temp_cluster_bp2_07 completed.
2018-05-28 19:56:24,309 - ST-Steiner - DEBUG - Running ST-Steiner, 2018-05-28 19:56:24.309461 with ID temp_cluster_bp2_07
2018-05-28 19:56:24,337 - ST-Steiner - DEBUG - No constraint file list is provided.
2018-05-28 19:56:24,337 - ST-Steiner - DEBUG - Prizes read from data/tada_qval_rubeis14_iossifov14_2015_bspan_mapped.txt
2018-05-28 19:56:24,354 - ST-Steiner - DEBUG - Reading network from data/bp2_07.wnetwork
2018-05-28 19:56:27,719 - ST-Steiner - DEBUG - Network has 4,527 nodes, 349,518 edges.
2018-05-28 19:56:27,719 - ST-Steiner - DEBUG - Edge cost mode selected: 1-weightsqd
2018-05-28 19:56:27,719 - ST-Steiner - DEBUG - Computing edge costs
2018-05-28 19:56:28,511 - ST-Steiner - DEBUG - Scaling node prizes by 0.1
2018-05-28 19:56:28,517 - ST-Steiner - DEBUG - Begin computing new node prizes.
2018-05-28 19:56:28,517 - ST-Steiner - DEBUG -   Finding node frequencies in constraining networks
2018-05-28 19:56:28,517 - ST-Steiner - DEBUG -   Computing artifical prizes
2018-05-28 19:56:28,517 - ST-Steiner - DEBUG -     lambda = 0.0
2018-05-28 19:56:28,517 - ST-Steiner - DEBUG -     alpha  = 2.0
2018-05-28 19:56:28,517 - ST-Steiner - DEBUG -     mode   = positive
2018-05-28 19:56:28,517 - ST-Steiner - DEBUG -   Saving artificial prizes, to intermediate_files/temp_cluster_bp2_07.txt
2018-05-28 19:56:28,518 - ST-Steiner - DEBUG -   Updating the original prizes
2018-05-28 19:56:28,523 - ST-Steiner - DEBUG - New prizes computed.
2018-05-28 19:56:28,944 - ST-Steiner - DEBUG - Writing msgsteiner stp file to intermediate_files/temp_cluster_bp2_07.stp
2018-05-28 19:56:29,852 - ST-Steiner - DEBUG - Executing msgsteiner binary at ../msgsteiner-1.3/msgsteiner
2018-05-28 19:56:29,853 - ST-Steiner - DEBUG - Executing command: ../msgsteiner-1.3/msgsteiner -o -d 30 -r 0 -g 1e-3
2018-05-28 19:56:29,853 - ST-Steiner - DEBUG - (With inhandle intermediate_files/temp_cluster_bp2_07.stp)
2018-05-28 20:03:03,155 - ST-Steiner - DEBUG - Done. Duration: 393.302 seconds.
2018-05-28 20:03:03,155 - ST-Steiner - DEBUG - Root: KIAA1109
2018-05-28 20:03:03,163 - ST-Steiner - DEBUG - Tree found, 2811 nodes, 2810 edges
2018-05-28 20:03:03,164 - ST-Steiner - DEBUG - Nodes:
2018-05-28 20:03:03,164 - ST-Steiner - DEBUG - Finding Steiner tree is completed.
2018-05-28 20:03:03,165 - ST-Steiner - DEBUG - Saving to intermediate_files/temp_cluster_bp2_07.json
2018-05-28 20:03:03,179 - ST-Steiner - DEBUG - Saving to clusters/temp_cluster_bp2_07.txt
2018-05-28 20:03:03,185 - ST-Steiner - DEBUG - Intermediate files and folder are removed
2018-05-28 20:03:03,185 - ST-Steiner - DEBUG - ST-Steiner 2018-05-28 20:03:03.185909 with ID temp_cluster_bp2_07 completed.
2018-05-28 20:03:03,842 - ST-Steiner - DEBUG - Running ST-Steiner, 2018-05-28 20:03:03.842916 with ID temp_cluster_bp2_07
2018-05-28 20:03:03,843 - ST-Steiner - DEBUG - No constraint file list is provided.
2018-05-28 20:03:03,843 - ST-Steiner - DEBUG - Prizes read from data/tada_qval_rubeis14_iossifov14_2015_bspan_mapped.txt
2018-05-28 20:03:03,859 - ST-Steiner - DEBUG - Reading network from data/bp2_07.wnetwork
2018-05-28 20:03:07,079 - ST-Steiner - DEBUG - Network has 4,527 nodes, 349,518 edges.
2018-05-28 20:03:07,079 - ST-Steiner - DEBUG - Edge cost mode selected: 1-weightsqd
2018-05-28 20:03:07,079 - ST-Steiner - DEBUG - Computing edge costs
2018-05-28 20:03:07,899 - ST-Steiner - DEBUG - Scaling node prizes by 0.08
2018-05-28 20:03:07,907 - ST-Steiner - DEBUG - Begin computing new node prizes.
2018-05-28 20:03:07,907 - ST-Steiner - DEBUG -   Finding node frequencies in constraining networks
2018-05-28 20:03:07,907 - ST-Steiner - DEBUG -   Computing artifical prizes
2018-05-28 20:03:07,907 - ST-Steiner - DEBUG -     lambda = 0.0
2018-05-28 20:03:07,907 - ST-Steiner - DEBUG -     alpha  = 2.0
2018-05-28 20:03:07,907 - ST-Steiner - DEBUG -     mode   = positive
2018-05-28 20:03:07,907 - ST-Steiner - DEBUG -   Saving artificial prizes, to intermediate_files/temp_cluster_bp2_07.txt
2018-05-28 20:03:07,908 - ST-Steiner - DEBUG -   Updating the original prizes
2018-05-28 20:03:07,914 - ST-Steiner - DEBUG - New prizes computed.
2018-05-28 20:03:08,360 - ST-Steiner - DEBUG - Writing msgsteiner stp file to intermediate_files/temp_cluster_bp2_07.stp
2018-05-28 20:03:09,248 - ST-Steiner - DEBUG - Executing msgsteiner binary at ../msgsteiner-1.3/msgsteiner
2018-05-28 20:03:09,248 - ST-Steiner - DEBUG - Executing command: ../msgsteiner-1.3/msgsteiner -o -d 30 -r 0 -g 1e-3
2018-05-28 20:03:09,248 - ST-Steiner - DEBUG - (With inhandle intermediate_files/temp_cluster_bp2_07.stp)
2018-05-28 20:09:39,315 - ST-Steiner - DEBUG - Done. Duration: 390.066 seconds.
2018-05-28 20:09:39,315 - ST-Steiner - DEBUG - Root: KIAA1109
2018-05-28 20:09:39,322 - ST-Steiner - DEBUG - Tree found, 2514 nodes, 2513 edges
2018-05-28 20:09:39,322 - ST-Steiner - DEBUG - Nodes:
2018-05-28 20:09:39,322 - ST-Steiner - DEBUG - Finding Steiner tree is completed.
2018-05-28 20:09:39,324 - ST-Steiner - DEBUG - Saving to intermediate_files/temp_cluster_bp2_07.json
2018-05-28 20:09:39,336 - ST-Steiner - DEBUG - Saving to clusters/temp_cluster_bp2_07.txt
2018-05-28 20:09:39,342 - ST-Steiner - DEBUG - Intermediate files and folder are removed
2018-05-28 20:09:39,342 - ST-Steiner - DEBUG - ST-Steiner 2018-05-28 20:09:39.342936 with ID temp_cluster_bp2_07 completed.
2018-05-28 20:28:17,522 - ST-Steiner - DEBUG - Running ST-Steiner, 2018-05-28 20:28:17.522523 with ID temp_cluster_bp2_07
2018-05-28 20:28:17,523 - ST-Steiner - DEBUG - Read constraining file list from clusters/cluster_list.txt: 8 files
2018-05-28 20:28:17,523 - ST-Steiner - DEBUG - Files:
2018-05-28 20:28:17,523 - ST-Steiner - DEBUG - 	clusters/cluster_n3_05.txt
2018-05-28 20:28:17,523 - ST-Steiner - DEBUG - 	clusters/cluster_ap1_07.txt
2018-05-28 20:28:17,523 - ST-Steiner - DEBUG - 	clusters/cluster_bp1_07.txt
2018-05-28 20:28:17,523 - ST-Steiner - DEBUG - 	clusters/cluster_ap2_07.txt
2018-05-28 20:28:17,523 - ST-Steiner - DEBUG - 	clusters/cluster_bp2_07.txt
2018-05-28 20:28:17,523 - ST-Steiner - DEBUG - 	clusters/cluster_n1_05.txt
2018-05-28 20:28:17,523 - ST-Steiner - DEBUG - 	clusters/cluster_n2_05.txt
2018-05-28 20:28:17,523 - ST-Steiner - DEBUG - 	clusters/cluster_n3_05.txt
2018-05-28 20:28:17,524 - ST-Steiner - DEBUG - Loaded contraining set from clusters/cluster_n3_05.txt: 1271 nodes
2018-05-28 20:28:17,546 - ST-Steiner - DEBUG - Loaded contraining set from clusters/cluster_ap1_07.txt: 2089 nodes
2018-05-28 20:28:17,549 - ST-Steiner - DEBUG - Loaded contraining set from clusters/cluster_bp1_07.txt: 2892 nodes
2018-05-28 20:28:17,552 - ST-Steiner - DEBUG - Loaded contraining set from clusters/cluster_ap2_07.txt: 3328 nodes
2018-05-28 20:28:17,557 - ST-Steiner - DEBUG - Loaded contraining set from clusters/cluster_bp2_07.txt: 2811 nodes
2018-05-28 20:28:17,560 - ST-Steiner - DEBUG - Loaded contraining set from clusters/cluster_n1_05.txt: 303 nodes
2018-05-28 20:28:17,561 - ST-Steiner - DEBUG - Loaded contraining set from clusters/cluster_n2_05.txt: 388 nodes
2018-05-28 20:28:17,561 - ST-Steiner - DEBUG - Loaded contraining set from clusters/cluster_n3_05.txt: 1271 nodes
2018-05-28 20:28:17,562 - ST-Steiner - DEBUG - Prizes read from data/tada_qval_rubeis14_iossifov14_2015_bspan_mapped.txt
2018-05-28 20:28:17,582 - ST-Steiner - DEBUG - Reading network from data/bp2_07.wnetwork
2018-05-28 20:28:21,043 - ST-Steiner - DEBUG - Network has 4,527 nodes, 349,518 edges.
2018-05-28 20:28:21,044 - ST-Steiner - DEBUG - Edge cost mode selected: 1-weightsqd
2018-05-28 20:28:21,044 - ST-Steiner - DEBUG - Computing edge costs
2018-05-28 20:28:21,871 - ST-Steiner - DEBUG - Scaling node prizes by 0.1
2018-05-28 20:28:21,879 - ST-Steiner - DEBUG - Begin computing new node prizes.
2018-05-28 20:28:21,879 - ST-Steiner - DEBUG -   Finding node frequencies in constraining networks
2018-05-28 20:28:21,883 - ST-Steiner - DEBUG -   Computing artifical prizes
2018-05-28 20:28:21,883 - ST-Steiner - DEBUG -     lambda = 0.1
2018-05-28 20:28:21,883 - ST-Steiner - DEBUG -     alpha  = 2.0
2018-05-28 20:28:21,884 - ST-Steiner - DEBUG -     mode   = positive
2018-05-28 20:28:21,885 - ST-Steiner - DEBUG -   Saving artificial prizes, to intermediate_files/temp_cluster_bp2_07.txt
2018-05-28 20:28:21,895 - ST-Steiner - DEBUG -   Updating the original prizes
2018-05-28 20:28:21,906 - ST-Steiner - DEBUG - New prizes computed.
2018-05-28 20:28:22,346 - ST-Steiner - DEBUG - Writing msgsteiner stp file to intermediate_files/temp_cluster_bp2_07.stp
2018-05-28 20:28:23,249 - ST-Steiner - DEBUG - Executing msgsteiner binary at ../msgsteiner-1.3/msgsteiner
2018-05-28 20:28:23,250 - ST-Steiner - DEBUG - Executing command: ../msgsteiner-1.3/msgsteiner -o -d 30 -r 0 -g 1e-3
2018-05-28 20:28:23,250 - ST-Steiner - DEBUG - (With inhandle intermediate_files/temp_cluster_bp2_07.stp)
2018-05-28 20:35:16,061 - ST-Steiner - DEBUG - Done. Duration: 412.811 seconds.
2018-05-28 20:35:16,062 - ST-Steiner - DEBUG - Root: FAM21C
2018-05-28 20:35:16,071 - ST-Steiner - DEBUG - Tree found, 2934 nodes, 2933 edges
2018-05-28 20:35:16,071 - ST-Steiner - DEBUG - Nodes:
2018-05-28 20:35:16,071 - ST-Steiner - DEBUG - Finding Steiner tree is completed.
2018-05-28 20:35:16,073 - ST-Steiner - DEBUG - Saving to intermediate_files/temp_cluster_bp2_07.json
2018-05-28 20:35:16,100 - ST-Steiner - DEBUG - Saving to clusters/temp_cluster_bp2_07.txt
2018-05-28 20:35:16,109 - ST-Steiner - DEBUG - Intermediate files and folder are removed
2018-05-28 20:35:16,109 - ST-Steiner - DEBUG - ST-Steiner 2018-05-28 20:35:16.109661 with ID temp_cluster_bp2_07 completed.
2018-05-28 20:44:33,165 - ST-Steiner - DEBUG - Running ST-Steiner, 2018-05-28 20:44:33.165233 with ID temp_cluster_bp2_07
2018-05-28 20:44:33,165 - ST-Steiner - DEBUG - Read constraining file list from clusters/cluster_list.txt: 8 files
2018-05-28 20:44:33,165 - ST-Steiner - DEBUG - Files:
2018-05-28 20:44:33,165 - ST-Steiner - DEBUG - 	clusters/cluster_n3_05.txt
2018-05-28 20:44:33,165 - ST-Steiner - DEBUG - 	clusters/cluster_ap1_07.txt
2018-05-28 20:44:33,165 - ST-Steiner - DEBUG - 	clusters/cluster_bp1_07.txt
2018-05-28 20:44:33,165 - ST-Steiner - DEBUG - 	clusters/cluster_ap2_07.txt
2018-05-28 20:44:33,165 - ST-Steiner - DEBUG - 	clusters/cluster_bp2_07.txt
2018-05-28 20:44:33,166 - ST-Steiner - DEBUG - 	clusters/cluster_n1_05.txt
2018-05-28 20:44:33,166 - ST-Steiner - DEBUG - 	clusters/cluster_n2_05.txt
2018-05-28 20:44:33,166 - ST-Steiner - DEBUG - 	clusters/cluster_n3_05.txt
2018-05-28 20:44:33,166 - ST-Steiner - DEBUG - Loaded contraining set from clusters/cluster_n3_05.txt: 1271 nodes
2018-05-28 20:44:33,179 - ST-Steiner - DEBUG - Loaded contraining set from clusters/cluster_ap1_07.txt: 2070 nodes
2018-05-28 20:44:33,181 - ST-Steiner - DEBUG - Loaded contraining set from clusters/cluster_bp1_07.txt: 2892 nodes
2018-05-28 20:44:33,184 - ST-Steiner - DEBUG - Loaded contraining set from clusters/cluster_ap2_07.txt: 3322 nodes
2018-05-28 20:44:33,187 - ST-Steiner - DEBUG - Loaded contraining set from clusters/cluster_bp2_07.txt: 2934 nodes
2018-05-28 20:44:33,190 - ST-Steiner - DEBUG - Loaded contraining set from clusters/cluster_n1_05.txt: 303 nodes
2018-05-28 20:44:33,190 - ST-Steiner - DEBUG - Loaded contraining set from clusters/cluster_n2_05.txt: 388 nodes
2018-05-28 20:44:33,191 - ST-Steiner - DEBUG - Loaded contraining set from clusters/cluster_n3_05.txt: 1271 nodes
2018-05-28 20:44:33,192 - ST-Steiner - DEBUG - Prizes read from data/tada_qval_rubeis14_iossifov14_2015_bspan_mapped.txt
2018-05-28 20:44:33,209 - ST-Steiner - DEBUG - Reading network from data/bp2_07.wnetwork
2018-05-28 20:44:36,522 - ST-Steiner - DEBUG - Network has 4,527 nodes, 349,518 edges.
2018-05-28 20:44:36,522 - ST-Steiner - DEBUG - Edge cost mode selected: 1-weightsqd
2018-05-28 20:44:36,522 - ST-Steiner - DEBUG - Computing edge costs
2018-05-28 20:44:37,360 - ST-Steiner - DEBUG - Scaling node prizes by 0.1
2018-05-28 20:44:37,368 - ST-Steiner - DEBUG - Begin computing new node prizes.
2018-05-28 20:44:37,368 - ST-Steiner - DEBUG -   Finding node frequencies in constraining networks
2018-05-28 20:44:37,373 - ST-Steiner - DEBUG -   Computing artifical prizes
2018-05-28 20:44:37,373 - ST-Steiner - DEBUG -     lambda = 0.05
2018-05-28 20:44:37,373 - ST-Steiner - DEBUG -     alpha  = 2.0
2018-05-28 20:44:37,373 - ST-Steiner - DEBUG -     mode   = positive
2018-05-28 20:44:37,374 - ST-Steiner - DEBUG -   Saving artificial prizes, to intermediate_files/temp_cluster_bp2_07.txt
2018-05-28 20:44:37,384 - ST-Steiner - DEBUG -   Updating the original prizes
2018-05-28 20:44:37,396 - ST-Steiner - DEBUG - New prizes computed.
2018-05-28 20:44:37,835 - ST-Steiner - DEBUG - Writing msgsteiner stp file to intermediate_files/temp_cluster_bp2_07.stp
2018-05-28 20:44:38,740 - ST-Steiner - DEBUG - Executing msgsteiner binary at ../msgsteiner-1.3/msgsteiner
2018-05-28 20:44:38,740 - ST-Steiner - DEBUG - Executing command: ../msgsteiner-1.3/msgsteiner -o -d 30 -r 0 -g 1e-3
2018-05-28 20:44:38,741 - ST-Steiner - DEBUG - (With inhandle intermediate_files/temp_cluster_bp2_07.stp)
2018-05-28 20:51:54,545 - ST-Steiner - DEBUG - Done. Duration: 435.804 seconds.
2018-05-28 20:51:54,545 - ST-Steiner - DEBUG - Root: FAM21C
2018-05-28 20:51:54,553 - ST-Steiner - DEBUG - Tree found, 2914 nodes, 2913 edges
2018-05-28 20:51:54,553 - ST-Steiner - DEBUG - Nodes:
2018-05-28 20:51:54,553 - ST-Steiner - DEBUG - Finding Steiner tree is completed.
2018-05-28 20:51:54,555 - ST-Steiner - DEBUG - Saving to intermediate_files/temp_cluster_bp2_07.json
2018-05-28 20:51:54,579 - ST-Steiner - DEBUG - Saving to clusters/temp_cluster_bp2_07.txt
2018-05-28 20:51:54,586 - ST-Steiner - DEBUG - Intermediate files and folder are removed
2018-05-28 20:51:54,586 - ST-Steiner - DEBUG - ST-Steiner 2018-05-28 20:51:54.586706 with ID temp_cluster_bp2_07 completed.
2018-05-28 21:00:44,114 - ST-Steiner - DEBUG - Running ST-Steiner, 2018-05-28 21:00:44.114467 with ID temp_cluster_bp2_07
2018-05-28 21:00:44,114 - ST-Steiner - DEBUG - Read constraining file list from clusters/cluster_list.txt: 8 files
2018-05-28 21:00:44,115 - ST-Steiner - DEBUG - Files:
2018-05-28 21:00:44,115 - ST-Steiner - DEBUG - 	clusters/cluster_n3_05.txt
2018-05-28 21:00:44,115 - ST-Steiner - DEBUG - 	clusters/cluster_ap1_07.txt
2018-05-28 21:00:44,115 - ST-Steiner - DEBUG - 	clusters/cluster_bp1_07.txt
2018-05-28 21:00:44,115 - ST-Steiner - DEBUG - 	clusters/cluster_ap2_07.txt
2018-05-28 21:00:44,115 - ST-Steiner - DEBUG - 	clusters/cluster_bp2_07.txt
2018-05-28 21:00:44,115 - ST-Steiner - DEBUG - 	clusters/cluster_n1_05.txt
2018-05-28 21:00:44,115 - ST-Steiner - DEBUG - 	clusters/cluster_n2_05.txt
2018-05-28 21:00:44,115 - ST-Steiner - DEBUG - 	clusters/cluster_n3_05.txt
2018-05-28 21:00:44,115 - ST-Steiner - DEBUG - Loaded contraining set from clusters/cluster_n3_05.txt: 1271 nodes
2018-05-28 21:00:44,128 - ST-Steiner - DEBUG - Loaded contraining set from clusters/cluster_ap1_07.txt: 2028 nodes
2018-05-28 21:00:44,131 - ST-Steiner - DEBUG - Loaded contraining set from clusters/cluster_bp1_07.txt: 2892 nodes
2018-05-28 21:00:44,134 - ST-Steiner - DEBUG - Loaded contraining set from clusters/cluster_ap2_07.txt: 3322 nodes
2018-05-28 21:00:44,138 - ST-Steiner - DEBUG - Loaded contraining set from clusters/cluster_bp2_07.txt: 2934 nodes
2018-05-28 21:00:44,140 - ST-Steiner - DEBUG - Loaded contraining set from clusters/cluster_n1_05.txt: 303 nodes
2018-05-28 21:00:44,141 - ST-Steiner - DEBUG - Loaded contraining set from clusters/cluster_n2_05.txt: 388 nodes
2018-05-28 21:00:44,142 - ST-Steiner - DEBUG - Loaded contraining set from clusters/cluster_n3_05.txt: 1271 nodes
2018-05-28 21:00:44,142 - ST-Steiner - DEBUG - Prizes read from data/tada_qval_rubeis14_iossifov14_2015_bspan_mapped.txt
2018-05-28 21:00:44,158 - ST-Steiner - DEBUG - Reading network from data/bp2_07.wnetwork
2018-05-28 21:00:47,571 - ST-Steiner - DEBUG - Network has 4,527 nodes, 349,518 edges.
2018-05-28 21:00:47,571 - ST-Steiner - DEBUG - Edge cost mode selected: 1-weightsqd
2018-05-28 21:00:47,571 - ST-Steiner - DEBUG - Computing edge costs
2018-05-28 21:00:48,433 - ST-Steiner - DEBUG - Scaling node prizes by 0.1
2018-05-28 21:00:48,442 - ST-Steiner - DEBUG - Begin computing new node prizes.
2018-05-28 21:00:48,442 - ST-Steiner - DEBUG -   Finding node frequencies in constraining networks
2018-05-28 21:00:48,447 - ST-Steiner - DEBUG -   Computing artifical prizes
2018-05-28 21:00:48,447 - ST-Steiner - DEBUG -     lambda = 0.1
2018-05-28 21:00:48,447 - ST-Steiner - DEBUG -     alpha  = 2.0
2018-05-28 21:00:48,447 - ST-Steiner - DEBUG -     mode   = positive
2018-05-28 21:00:48,448 - ST-Steiner - DEBUG -   Saving artificial prizes, to intermediate_files/temp_cluster_bp2_07.txt
2018-05-28 21:00:48,459 - ST-Steiner - DEBUG -   Updating the original prizes
2018-05-28 21:00:48,472 - ST-Steiner - DEBUG - New prizes computed.
2018-05-28 21:00:48,906 - ST-Steiner - DEBUG - Writing msgsteiner stp file to intermediate_files/temp_cluster_bp2_07.stp
2018-05-28 21:00:49,831 - ST-Steiner - DEBUG - Executing msgsteiner binary at ../msgsteiner-1.3/msgsteiner
2018-05-28 21:00:49,832 - ST-Steiner - DEBUG - Executing command: ../msgsteiner-1.3/msgsteiner -o -d 30 -r 0 -g 1e-3
2018-05-28 21:00:49,832 - ST-Steiner - DEBUG - (With inhandle intermediate_files/temp_cluster_bp2_07.stp)
2018-05-28 21:08:29,625 - ST-Steiner - DEBUG - Done. Duration: 459.793 seconds.
2018-05-28 21:08:29,625 - ST-Steiner - DEBUG - Root: FAM21C
2018-05-28 21:08:29,634 - ST-Steiner - DEBUG - Tree found, 2966 nodes, 2965 edges
2018-05-28 21:08:29,634 - ST-Steiner - DEBUG - Nodes:
2018-05-28 21:08:29,634 - ST-Steiner - DEBUG - Finding Steiner tree is completed.
2018-05-28 21:08:29,638 - ST-Steiner - DEBUG - Saving to intermediate_files/temp_cluster_bp2_07.json
2018-05-28 21:08:29,665 - ST-Steiner - DEBUG - Saving to clusters/temp_cluster_bp2_07.txt
2018-05-28 21:08:29,673 - ST-Steiner - DEBUG - Intermediate files and folder are removed
2018-05-28 21:08:29,673 - ST-Steiner - DEBUG - ST-Steiner 2018-05-28 21:08:29.673170 with ID temp_cluster_bp2_07 completed.
2018-05-28 21:17:26,673 - ST-Steiner - DEBUG - Running ST-Steiner, 2018-05-28 21:17:26.673044 with ID temp_cluster_bp2_07
2018-05-28 21:17:26,673 - ST-Steiner - DEBUG - Read constraining file list from clusters/cluster_list.txt: 7 files
2018-05-28 21:17:26,673 - ST-Steiner - DEBUG - Files:
2018-05-28 21:17:26,673 - ST-Steiner - DEBUG - 	clusters/cluster_ap1_07.txt
2018-05-28 21:17:26,673 - ST-Steiner - DEBUG - 	clusters/cluster_bp1_07.txt
2018-05-28 21:17:26,673 - ST-Steiner - DEBUG - 	clusters/cluster_ap2_07.txt
2018-05-28 21:17:26,673 - ST-Steiner - DEBUG - 	clusters/cluster_bp2_07.txt
2018-05-28 21:17:26,673 - ST-Steiner - DEBUG - 	clusters/cluster_n1_05.txt
2018-05-28 21:17:26,673 - ST-Steiner - DEBUG - 	clusters/cluster_n2_05.txt
2018-05-28 21:17:26,673 - ST-Steiner - DEBUG - 	clusters/cluster_n3_05.txt
2018-05-28 21:17:26,674 - ST-Steiner - DEBUG - Loaded contraining set from clusters/cluster_ap1_07.txt: 1982 nodes
2018-05-28 21:17:26,689 - ST-Steiner - DEBUG - Loaded contraining set from clusters/cluster_bp1_07.txt: 3079 nodes
2018-05-28 21:17:26,692 - ST-Steiner - DEBUG - Loaded contraining set from clusters/cluster_ap2_07.txt: 3317 nodes
2018-05-28 21:17:26,695 - ST-Steiner - DEBUG - Loaded contraining set from clusters/cluster_bp2_07.txt: 2934 nodes
2018-05-28 21:17:26,697 - ST-Steiner - DEBUG - Loaded contraining set from clusters/cluster_n1_05.txt: 303 nodes
2018-05-28 21:17:26,698 - ST-Steiner - DEBUG - Loaded contraining set from clusters/cluster_n2_05.txt: 388 nodes
2018-05-28 21:17:26,699 - ST-Steiner - DEBUG - Loaded contraining set from clusters/cluster_n3_05.txt: 1271 nodes
2018-05-28 21:17:26,699 - ST-Steiner - DEBUG - Prizes read from data/tada_qval_rubeis14_iossifov14_2015_bspan_mapped.txt
2018-05-28 21:17:26,716 - ST-Steiner - DEBUG - Reading network from data/bp2_07.wnetwork
2018-05-28 21:17:30,409 - ST-Steiner - DEBUG - Network has 4,527 nodes, 349,518 edges.
2018-05-28 21:17:30,409 - ST-Steiner - DEBUG - Edge cost mode selected: 1-weightsqd
2018-05-28 21:17:30,409 - ST-Steiner - DEBUG - Computing edge costs
2018-05-28 21:17:31,340 - ST-Steiner - DEBUG - Scaling node prizes by 0.1
2018-05-28 21:17:31,349 - ST-Steiner - DEBUG - Begin computing new node prizes.
2018-05-28 21:17:31,349 - ST-Steiner - DEBUG -   Finding node frequencies in constraining networks
2018-05-28 21:17:31,355 - ST-Steiner - DEBUG -   Computing artifical prizes
2018-05-28 21:17:31,355 - ST-Steiner - DEBUG -     lambda = 0.2
2018-05-28 21:17:31,355 - ST-Steiner - DEBUG -     alpha  = 2.0
2018-05-28 21:17:31,355 - ST-Steiner - DEBUG -     mode   = positive
2018-05-28 21:17:31,357 - ST-Steiner - DEBUG -   Saving artificial prizes, to intermediate_files/temp_cluster_bp2_07.txt
2018-05-28 21:17:31,372 - ST-Steiner - DEBUG -   Updating the original prizes
2018-05-28 21:17:31,387 - ST-Steiner - DEBUG - New prizes computed.
2018-05-28 21:17:31,879 - ST-Steiner - DEBUG - Writing msgsteiner stp file to intermediate_files/temp_cluster_bp2_07.stp
2018-05-28 21:17:32,840 - ST-Steiner - DEBUG - Executing msgsteiner binary at ../msgsteiner-1.3/msgsteiner
2018-05-28 21:17:32,840 - ST-Steiner - DEBUG - Executing command: ../msgsteiner-1.3/msgsteiner -o -d 30 -r 0 -g 1e-3
2018-05-28 21:17:32,840 - ST-Steiner - DEBUG - (With inhandle intermediate_files/temp_cluster_bp2_07.stp)
2018-05-28 21:24:26,003 - ST-Steiner - DEBUG - Done. Duration: 413.163 seconds.
2018-05-28 21:24:26,003 - ST-Steiner - DEBUG - Root: FAM21C
2018-05-28 21:24:26,012 - ST-Steiner - DEBUG - Tree found, 3059 nodes, 3058 edges
2018-05-28 21:24:26,012 - ST-Steiner - DEBUG - Nodes:
2018-05-28 21:24:26,012 - ST-Steiner - DEBUG - Finding Steiner tree is completed.
2018-05-28 21:24:26,014 - ST-Steiner - DEBUG - Saving to intermediate_files/temp_cluster_bp2_07.json
2018-05-28 21:24:26,036 - ST-Steiner - DEBUG - Saving to clusters/temp_cluster_bp2_07.txt
2018-05-28 21:24:26,044 - ST-Steiner - DEBUG - Intermediate files and folder are removed
2018-05-28 21:24:26,044 - ST-Steiner - DEBUG - ST-Steiner 2018-05-28 21:24:26.044238 with ID temp_cluster_bp2_07 completed.
