2018-05-20 14:10:28,170 - ST-Steiner - DEBUG - Running ST-Steiner, 2018-05-20 14:10:28.170838 with ID temp_cluster_ap2_07
2018-05-20 14:10:28,171 - ST-Steiner - DEBUG - No constraint file list is provided.
2018-05-20 14:10:28,171 - ST-Steiner - DEBUG - Prizes read from data/tada_qval_rubeis14_iossifov14_2015_bspan_mapped.txt
2018-05-20 14:10:28,187 - ST-Steiner - DEBUG - Reading network from data/ap2_07.wnetwork
2018-05-20 14:10:28,359 - ST-Steiner - DEBUG - Network has 4,436 nodes, 16,646 edges.
2018-05-20 14:10:28,360 - ST-Steiner - DEBUG - Edge cost mode selected: 1-weightsqd
2018-05-20 14:10:28,360 - ST-Steiner - DEBUG - Computing edge costs
2018-05-20 14:10:28,409 - ST-Steiner - DEBUG - Scaling node prizes by 100.0
2018-05-20 14:10:28,417 - ST-Steiner - DEBUG - Begin computing new node prizes.
2018-05-20 14:10:28,417 - ST-Steiner - DEBUG -   Finding node frequencies in constraining networks
2018-05-20 14:10:28,417 - ST-Steiner - DEBUG -   Computing artifical prizes
2018-05-20 14:10:28,417 - ST-Steiner - DEBUG -     lambda = 0.0
2018-05-20 14:10:28,417 - ST-Steiner - DEBUG -     alpha  = 2.0
2018-05-20 14:10:28,418 - ST-Steiner - DEBUG -     mode   = positive
2018-05-20 14:10:28,418 - ST-Steiner - DEBUG -   Saving artificial prizes, to intermediate_files/temp_cluster_ap2_07.txt
2018-05-20 14:10:28,418 - ST-Steiner - DEBUG -   Updating the original prizes
2018-05-20 14:10:28,425 - ST-Steiner - DEBUG - New prizes computed.
2018-05-20 14:10:28,450 - ST-Steiner - DEBUG - Writing msgsteiner stp file to intermediate_files/temp_cluster_ap2_07.stp
2018-05-20 14:10:28,501 - ST-Steiner - DEBUG - Executing msgsteiner binary at ../msgsteiner-1.3/msgsteiner
2018-05-20 14:10:28,501 - ST-Steiner - DEBUG - Executing command: ../msgsteiner-1.3/msgsteiner -o -d 30 -r 0 -g 1e-3
2018-05-20 14:10:28,501 - ST-Steiner - DEBUG - (With inhandle intermediate_files/temp_cluster_ap2_07.stp)
2018-05-20 14:10:45,464 - ST-Steiner - DEBUG - Done. Duration: 16.963 seconds.
2018-05-20 14:10:45,465 - ST-Steiner - DEBUG - Root: SYNE1
2018-05-20 14:10:45,477 - ST-Steiner - DEBUG - Tree found, 3963 nodes, 3962 edges
2018-05-20 14:10:45,477 - ST-Steiner - DEBUG - Nodes:
2018-05-20 14:10:45,477 - ST-Steiner - DEBUG - Finding Steiner tree is completed.
2018-05-20 14:10:45,480 - ST-Steiner - DEBUG - Saving to intermediate_files/temp_cluster_ap2_07.json
2018-05-20 14:10:45,499 - ST-Steiner - DEBUG - Saving to clusters/temp_cluster_ap2_07.txt
2018-05-20 14:10:45,508 - ST-Steiner - DEBUG - Intermediate files and folder are removed
2018-05-20 14:10:45,508 - ST-Steiner - DEBUG - ST-Steiner 2018-05-20 14:10:45.508956 with ID temp_cluster_ap2_07 completed.
2018-05-20 14:10:46,004 - ST-Steiner - DEBUG - Running ST-Steiner, 2018-05-20 14:10:46.004603 with ID temp_cluster_ap2_07
2018-05-20 14:10:46,004 - ST-Steiner - DEBUG - No constraint file list is provided.
2018-05-20 14:10:46,004 - ST-Steiner - DEBUG - Prizes read from data/tada_qval_rubeis14_iossifov14_2015_bspan_mapped.txt
2018-05-20 14:10:46,020 - ST-Steiner - DEBUG - Reading network from data/ap2_07.wnetwork
2018-05-20 14:10:46,189 - ST-Steiner - DEBUG - Network has 4,436 nodes, 16,646 edges.
2018-05-20 14:10:46,189 - ST-Steiner - DEBUG - Edge cost mode selected: 1-weightsqd
2018-05-20 14:10:46,189 - ST-Steiner - DEBUG - Computing edge costs
2018-05-20 14:10:46,237 - ST-Steiner - DEBUG - Scaling node prizes by 120.0
2018-05-20 14:10:46,244 - ST-Steiner - DEBUG - Begin computing new node prizes.
2018-05-20 14:10:46,244 - ST-Steiner - DEBUG -   Finding node frequencies in constraining networks
2018-05-20 14:10:46,244 - ST-Steiner - DEBUG -   Computing artifical prizes
2018-05-20 14:10:46,244 - ST-Steiner - DEBUG -     lambda = 0.0
2018-05-20 14:10:46,244 - ST-Steiner - DEBUG -     alpha  = 2.0
2018-05-20 14:10:46,245 - ST-Steiner - DEBUG -     mode   = positive
2018-05-20 14:10:46,245 - ST-Steiner - DEBUG -   Saving artificial prizes, to intermediate_files/temp_cluster_ap2_07.txt
2018-05-20 14:10:46,245 - ST-Steiner - DEBUG -   Updating the original prizes
2018-05-20 14:10:46,252 - ST-Steiner - DEBUG - New prizes computed.
2018-05-20 14:10:46,273 - ST-Steiner - DEBUG - Writing msgsteiner stp file to intermediate_files/temp_cluster_ap2_07.stp
2018-05-20 14:10:46,324 - ST-Steiner - DEBUG - Executing msgsteiner binary at ../msgsteiner-1.3/msgsteiner
2018-05-20 14:10:46,324 - ST-Steiner - DEBUG - Executing command: ../msgsteiner-1.3/msgsteiner -o -d 30 -r 0 -g 1e-3
2018-05-20 14:10:46,324 - ST-Steiner - DEBUG - (With inhandle intermediate_files/temp_cluster_ap2_07.stp)
2018-05-20 14:11:04,587 - ST-Steiner - DEBUG - Done. Duration: 18.262 seconds.
2018-05-20 14:11:04,587 - ST-Steiner - DEBUG - Root: SYNE1
2018-05-20 14:11:04,600 - ST-Steiner - DEBUG - Tree found, 3963 nodes, 3962 edges
2018-05-20 14:11:04,601 - ST-Steiner - DEBUG - Nodes:
2018-05-20 14:11:04,601 - ST-Steiner - DEBUG - Finding Steiner tree is completed.
2018-05-20 14:11:04,604 - ST-Steiner - DEBUG - Saving to intermediate_files/temp_cluster_ap2_07.json
2018-05-20 14:11:04,623 - ST-Steiner - DEBUG - Saving to clusters/temp_cluster_ap2_07.txt
2018-05-20 14:11:04,631 - ST-Steiner - DEBUG - Intermediate files and folder are removed
2018-05-20 14:11:04,632 - ST-Steiner - DEBUG - ST-Steiner 2018-05-20 14:11:04.632066 with ID temp_cluster_ap2_07 completed.
2018-05-20 14:11:05,158 - ST-Steiner - DEBUG - Running ST-Steiner, 2018-05-20 14:11:05.158249 with ID temp_cluster_ap2_07
2018-05-20 14:11:05,158 - ST-Steiner - DEBUG - No constraint file list is provided.
2018-05-20 14:11:05,158 - ST-Steiner - DEBUG - Prizes read from data/tada_qval_rubeis14_iossifov14_2015_bspan_mapped.txt
2018-05-20 14:11:05,175 - ST-Steiner - DEBUG - Reading network from data/ap2_07.wnetwork
2018-05-20 14:11:05,352 - ST-Steiner - DEBUG - Network has 4,436 nodes, 16,646 edges.
2018-05-20 14:11:05,352 - ST-Steiner - DEBUG - Edge cost mode selected: 1-weightsqd
2018-05-20 14:11:05,352 - ST-Steiner - DEBUG - Computing edge costs
2018-05-20 14:11:05,401 - ST-Steiner - DEBUG - Scaling node prizes by 140.0
2018-05-20 14:11:05,408 - ST-Steiner - DEBUG - Begin computing new node prizes.
2018-05-20 14:11:05,409 - ST-Steiner - DEBUG -   Finding node frequencies in constraining networks
2018-05-20 14:11:05,409 - ST-Steiner - DEBUG -   Computing artifical prizes
2018-05-20 14:11:05,409 - ST-Steiner - DEBUG -     lambda = 0.0
2018-05-20 14:11:05,409 - ST-Steiner - DEBUG -     alpha  = 2.0
2018-05-20 14:11:05,409 - ST-Steiner - DEBUG -     mode   = positive
2018-05-20 14:11:05,409 - ST-Steiner - DEBUG -   Saving artificial prizes, to intermediate_files/temp_cluster_ap2_07.txt
2018-05-20 14:11:05,409 - ST-Steiner - DEBUG -   Updating the original prizes
2018-05-20 14:11:05,416 - ST-Steiner - DEBUG - New prizes computed.
2018-05-20 14:11:05,438 - ST-Steiner - DEBUG - Writing msgsteiner stp file to intermediate_files/temp_cluster_ap2_07.stp
2018-05-20 14:11:05,490 - ST-Steiner - DEBUG - Executing msgsteiner binary at ../msgsteiner-1.3/msgsteiner
2018-05-20 14:11:05,490 - ST-Steiner - DEBUG - Executing command: ../msgsteiner-1.3/msgsteiner -o -d 30 -r 0 -g 1e-3
2018-05-20 14:11:05,490 - ST-Steiner - DEBUG - (With inhandle intermediate_files/temp_cluster_ap2_07.stp)
2018-05-20 14:11:21,781 - ST-Steiner - DEBUG - Done. Duration: 16.291 seconds.
2018-05-20 14:11:21,781 - ST-Steiner - DEBUG - Root: SYNE1
2018-05-20 14:11:21,793 - ST-Steiner - DEBUG - Tree found, 3960 nodes, 3959 edges
2018-05-20 14:11:21,793 - ST-Steiner - DEBUG - Nodes:
2018-05-20 14:11:21,793 - ST-Steiner - DEBUG - Finding Steiner tree is completed.
2018-05-20 14:11:21,797 - ST-Steiner - DEBUG - Saving to intermediate_files/temp_cluster_ap2_07.json
2018-05-20 14:11:21,816 - ST-Steiner - DEBUG - Saving to clusters/temp_cluster_ap2_07.txt
2018-05-20 14:11:21,824 - ST-Steiner - DEBUG - Intermediate files and folder are removed
2018-05-20 14:11:21,824 - ST-Steiner - DEBUG - ST-Steiner 2018-05-20 14:11:21.824873 with ID temp_cluster_ap2_07 completed.
2018-05-20 16:28:19,683 - ST-Steiner - DEBUG - Running ST-Steiner, 2018-05-20 16:28:19.683107 with ID temp_cluster_ap2_07
2018-05-20 16:28:19,683 - ST-Steiner - DEBUG - Read constraining file list from clusters/cluster_list.txt: 7 files
2018-05-20 16:28:19,683 - ST-Steiner - DEBUG - Files:
2018-05-20 16:28:19,683 - ST-Steiner - DEBUG - 	clusters/cluster_ap1_07.txt
2018-05-20 16:28:19,683 - ST-Steiner - DEBUG - 	clusters/cluster_bp1_07.txt
2018-05-20 16:28:19,683 - ST-Steiner - DEBUG - 	clusters/cluster_ap2_07.txt
2018-05-20 16:28:19,683 - ST-Steiner - DEBUG - 	clusters/cluster_bp2_07.txt
2018-05-20 16:28:19,683 - ST-Steiner - DEBUG - 	clusters/cluster_n1_05.txt
2018-05-20 16:28:19,683 - ST-Steiner - DEBUG - 	clusters/cluster_n2_05.txt
2018-05-20 16:28:19,683 - ST-Steiner - DEBUG - 	clusters/cluster_n3_05.txt
2018-05-20 16:28:19,685 - ST-Steiner - DEBUG - Loaded contraining set from clusters/cluster_ap1_07.txt: 5159 nodes
2018-05-20 16:28:19,703 - ST-Steiner - DEBUG - Loaded contraining set from clusters/cluster_bp1_07.txt: 5018 nodes
2018-05-20 16:28:19,709 - ST-Steiner - DEBUG - Loaded contraining set from clusters/cluster_ap2_07.txt: 3963 nodes
2018-05-20 16:28:19,713 - ST-Steiner - DEBUG - Loaded contraining set from clusters/cluster_bp2_07.txt: 4309 nodes
2018-05-20 16:28:19,718 - ST-Steiner - DEBUG - Loaded contraining set from clusters/cluster_n1_05.txt: 4123 nodes
2018-05-20 16:28:19,722 - ST-Steiner - DEBUG - Loaded contraining set from clusters/cluster_n2_05.txt: 4092 nodes
2018-05-20 16:28:19,725 - ST-Steiner - DEBUG - Loaded contraining set from clusters/cluster_n3_05.txt: 1270 nodes
2018-05-20 16:28:19,726 - ST-Steiner - DEBUG - Prizes read from data/tada_qval_rubeis14_iossifov14_2015_bspan_mapped.txt
2018-05-20 16:28:19,743 - ST-Steiner - DEBUG - Reading network from data/ap2_07.wnetwork
2018-05-20 16:28:19,900 - ST-Steiner - DEBUG - Network has 4,436 nodes, 16,646 edges.
2018-05-20 16:28:19,900 - ST-Steiner - DEBUG - Edge cost mode selected: 1-weightsqd
2018-05-20 16:28:19,900 - ST-Steiner - DEBUG - Computing edge costs
2018-05-20 16:28:19,956 - ST-Steiner - DEBUG - Scaling node prizes by 140.0
2018-05-20 16:28:19,966 - ST-Steiner - DEBUG - Begin computing new node prizes.
2018-05-20 16:28:19,966 - ST-Steiner - DEBUG -   Finding node frequencies in constraining networks
2018-05-20 16:28:19,978 - ST-Steiner - DEBUG -   Computing artifical prizes
2018-05-20 16:28:19,978 - ST-Steiner - DEBUG -     lambda = 2.0
2018-05-20 16:28:19,978 - ST-Steiner - DEBUG -     alpha  = 2.0
2018-05-20 16:28:19,978 - ST-Steiner - DEBUG -     mode   = positive
2018-05-20 16:28:19,980 - ST-Steiner - DEBUG -   Saving artificial prizes, to intermediate_files/temp_cluster_ap2_07.txt
2018-05-20 16:28:20,000 - ST-Steiner - DEBUG -   Updating the original prizes
2018-05-20 16:28:20,028 - ST-Steiner - DEBUG - New prizes computed.
2018-05-20 16:28:20,060 - ST-Steiner - DEBUG - Writing msgsteiner stp file to intermediate_files/temp_cluster_ap2_07.stp
2018-05-20 16:28:20,128 - ST-Steiner - DEBUG - Executing msgsteiner binary at ../msgsteiner-1.3/msgsteiner
2018-05-20 16:28:20,128 - ST-Steiner - DEBUG - Executing command: ../msgsteiner-1.3/msgsteiner -o -d 30 -r 0 -g 1e-3
2018-05-20 16:28:20,128 - ST-Steiner - DEBUG - (With inhandle intermediate_files/temp_cluster_ap2_07.stp)
2018-05-20 16:28:37,264 - ST-Steiner - DEBUG - Done. Duration: 17.135 seconds.
2018-05-20 16:28:37,264 - ST-Steiner - DEBUG - Root: FANCM
2018-05-20 16:28:37,277 - ST-Steiner - DEBUG - Tree found, 3995 nodes, 3994 edges
2018-05-20 16:28:37,277 - ST-Steiner - DEBUG - Nodes:
2018-05-20 16:28:37,277 - ST-Steiner - DEBUG - Finding Steiner tree is completed.
2018-05-20 16:28:37,280 - ST-Steiner - DEBUG - Saving to intermediate_files/temp_cluster_ap2_07.json
2018-05-20 16:28:37,319 - ST-Steiner - DEBUG - Saving to clusters/temp_cluster_ap2_07.txt
2018-05-20 16:28:37,328 - ST-Steiner - DEBUG - Intermediate files and folder are removed
2018-05-20 16:28:37,329 - ST-Steiner - DEBUG - ST-Steiner 2018-05-20 16:28:37.329135 with ID temp_cluster_ap2_07 completed.
2018-05-20 16:43:29,190 - ST-Steiner - DEBUG - Running ST-Steiner, 2018-05-20 16:43:29.190657 with ID temp_cluster_ap2_07
2018-05-20 16:43:29,191 - ST-Steiner - DEBUG - Read constraining file list from clusters/cluster_list.txt: 7 files
2018-05-20 16:43:29,191 - ST-Steiner - DEBUG - Files:
2018-05-20 16:43:29,191 - ST-Steiner - DEBUG - 	clusters/cluster_ap1_07.txt
2018-05-20 16:43:29,191 - ST-Steiner - DEBUG - 	clusters/cluster_bp1_07.txt
2018-05-20 16:43:29,191 - ST-Steiner - DEBUG - 	clusters/cluster_ap2_07.txt
2018-05-20 16:43:29,191 - ST-Steiner - DEBUG - 	clusters/cluster_bp2_07.txt
2018-05-20 16:43:29,191 - ST-Steiner - DEBUG - 	clusters/cluster_n1_05.txt
2018-05-20 16:43:29,191 - ST-Steiner - DEBUG - 	clusters/cluster_n2_05.txt
2018-05-20 16:43:29,191 - ST-Steiner - DEBUG - 	clusters/cluster_n3_05.txt
2018-05-20 16:43:29,192 - ST-Steiner - DEBUG - Loaded contraining set from clusters/cluster_ap1_07.txt: 5159 nodes
2018-05-20 16:43:29,209 - ST-Steiner - DEBUG - Loaded contraining set from clusters/cluster_bp1_07.txt: 5018 nodes
2018-05-20 16:43:29,214 - ST-Steiner - DEBUG - Loaded contraining set from clusters/cluster_ap2_07.txt: 3995 nodes
2018-05-20 16:43:29,218 - ST-Steiner - DEBUG - Loaded contraining set from clusters/cluster_bp2_07.txt: 4413 nodes
2018-05-20 16:43:29,222 - ST-Steiner - DEBUG - Loaded contraining set from clusters/cluster_n1_05.txt: 4123 nodes
2018-05-20 16:43:29,226 - ST-Steiner - DEBUG - Loaded contraining set from clusters/cluster_n2_05.txt: 4092 nodes
2018-05-20 16:43:29,229 - ST-Steiner - DEBUG - Loaded contraining set from clusters/cluster_n3_05.txt: 1270 nodes
2018-05-20 16:43:29,230 - ST-Steiner - DEBUG - Prizes read from data/tada_qval_rubeis14_iossifov14_2015_bspan_mapped.txt
2018-05-20 16:43:29,246 - ST-Steiner - DEBUG - Reading network from data/ap2_07.wnetwork
2018-05-20 16:43:29,392 - ST-Steiner - DEBUG - Network has 4,436 nodes, 16,646 edges.
2018-05-20 16:43:29,392 - ST-Steiner - DEBUG - Edge cost mode selected: 1-weightsqd
2018-05-20 16:43:29,392 - ST-Steiner - DEBUG - Computing edge costs
2018-05-20 16:43:29,438 - ST-Steiner - DEBUG - Scaling node prizes by 140.0
2018-05-20 16:43:29,445 - ST-Steiner - DEBUG - Begin computing new node prizes.
2018-05-20 16:43:29,445 - ST-Steiner - DEBUG -   Finding node frequencies in constraining networks
2018-05-20 16:43:29,452 - ST-Steiner - DEBUG -   Computing artifical prizes
2018-05-20 16:43:29,452 - ST-Steiner - DEBUG -     lambda = 1.0
2018-05-20 16:43:29,452 - ST-Steiner - DEBUG -     alpha  = 2.0
2018-05-20 16:43:29,452 - ST-Steiner - DEBUG -     mode   = positive
2018-05-20 16:43:29,453 - ST-Steiner - DEBUG -   Saving artificial prizes, to intermediate_files/temp_cluster_ap2_07.txt
2018-05-20 16:43:29,467 - ST-Steiner - DEBUG -   Updating the original prizes
2018-05-20 16:43:29,479 - ST-Steiner - DEBUG - New prizes computed.
2018-05-20 16:43:29,501 - ST-Steiner - DEBUG - Writing msgsteiner stp file to intermediate_files/temp_cluster_ap2_07.stp
2018-05-20 16:43:29,550 - ST-Steiner - DEBUG - Executing msgsteiner binary at ../msgsteiner-1.3/msgsteiner
2018-05-20 16:43:29,550 - ST-Steiner - DEBUG - Executing command: ../msgsteiner-1.3/msgsteiner -o -d 30 -r 0 -g 1e-3
2018-05-20 16:43:29,551 - ST-Steiner - DEBUG - (With inhandle intermediate_files/temp_cluster_ap2_07.stp)
2018-05-20 16:43:45,503 - ST-Steiner - DEBUG - Done. Duration: 15.953 seconds.
2018-05-20 16:43:45,504 - ST-Steiner - DEBUG - Root: FANCM
2018-05-20 16:43:45,515 - ST-Steiner - DEBUG - Tree found, 3995 nodes, 3994 edges
2018-05-20 16:43:45,515 - ST-Steiner - DEBUG - Nodes:
2018-05-20 16:43:45,515 - ST-Steiner - DEBUG - Finding Steiner tree is completed.
2018-05-20 16:43:45,517 - ST-Steiner - DEBUG - Saving to intermediate_files/temp_cluster_ap2_07.json
2018-05-20 16:43:45,553 - ST-Steiner - DEBUG - Saving to clusters/temp_cluster_ap2_07.txt
2018-05-20 16:43:45,562 - ST-Steiner - DEBUG - Intermediate files and folder are removed
2018-05-20 16:43:45,562 - ST-Steiner - DEBUG - ST-Steiner 2018-05-20 16:43:45.562640 with ID temp_cluster_ap2_07 completed.
2018-05-20 16:58:00,853 - ST-Steiner - DEBUG - Running ST-Steiner, 2018-05-20 16:58:00.853969 with ID temp_cluster_ap2_07
2018-05-20 16:58:00,854 - ST-Steiner - DEBUG - Read constraining file list from clusters/cluster_list.txt: 7 files
2018-05-20 16:58:00,854 - ST-Steiner - DEBUG - Files:
2018-05-20 16:58:00,854 - ST-Steiner - DEBUG - 	clusters/cluster_ap1_07.txt
2018-05-20 16:58:00,854 - ST-Steiner - DEBUG - 	clusters/cluster_bp1_07.txt
2018-05-20 16:58:00,854 - ST-Steiner - DEBUG - 	clusters/cluster_ap2_07.txt
2018-05-20 16:58:00,854 - ST-Steiner - DEBUG - 	clusters/cluster_bp2_07.txt
2018-05-20 16:58:00,854 - ST-Steiner - DEBUG - 	clusters/cluster_n1_05.txt
2018-05-20 16:58:00,854 - ST-Steiner - DEBUG - 	clusters/cluster_n2_05.txt
2018-05-20 16:58:00,854 - ST-Steiner - DEBUG - 	clusters/cluster_n3_05.txt
2018-05-20 16:58:00,856 - ST-Steiner - DEBUG - Loaded contraining set from clusters/cluster_ap1_07.txt: 5206 nodes
2018-05-20 16:58:00,873 - ST-Steiner - DEBUG - Loaded contraining set from clusters/cluster_bp1_07.txt: 5034 nodes
2018-05-20 16:58:00,877 - ST-Steiner - DEBUG - Loaded contraining set from clusters/cluster_ap2_07.txt: 3995 nodes
2018-05-20 16:58:00,881 - ST-Steiner - DEBUG - Loaded contraining set from clusters/cluster_bp2_07.txt: 4418 nodes
2018-05-20 16:58:00,885 - ST-Steiner - DEBUG - Loaded contraining set from clusters/cluster_n1_05.txt: 4123 nodes
2018-05-20 16:58:00,889 - ST-Steiner - DEBUG - Loaded contraining set from clusters/cluster_n2_05.txt: 4092 nodes
2018-05-20 16:58:00,892 - ST-Steiner - DEBUG - Loaded contraining set from clusters/cluster_n3_05.txt: 1270 nodes
2018-05-20 16:58:00,893 - ST-Steiner - DEBUG - Prizes read from data/tada_qval_rubeis14_iossifov14_2015_bspan_mapped.txt
2018-05-20 16:58:00,909 - ST-Steiner - DEBUG - Reading network from data/ap2_07.wnetwork
2018-05-20 16:58:01,051 - ST-Steiner - DEBUG - Network has 4,436 nodes, 16,646 edges.
2018-05-20 16:58:01,051 - ST-Steiner - DEBUG - Edge cost mode selected: 1-weightsqd
2018-05-20 16:58:01,051 - ST-Steiner - DEBUG - Computing edge costs
2018-05-20 16:58:01,108 - ST-Steiner - DEBUG - Scaling node prizes by 140.0
2018-05-20 16:58:01,116 - ST-Steiner - DEBUG - Begin computing new node prizes.
2018-05-20 16:58:01,117 - ST-Steiner - DEBUG -   Finding node frequencies in constraining networks
2018-05-20 16:58:01,128 - ST-Steiner - DEBUG -   Computing artifical prizes
2018-05-20 16:58:01,128 - ST-Steiner - DEBUG -     lambda = 2.0
2018-05-20 16:58:01,128 - ST-Steiner - DEBUG -     alpha  = 2.0
2018-05-20 16:58:01,128 - ST-Steiner - DEBUG -     mode   = positive
2018-05-20 16:58:01,130 - ST-Steiner - DEBUG -   Saving artificial prizes, to intermediate_files/temp_cluster_ap2_07.txt
2018-05-20 16:58:01,144 - ST-Steiner - DEBUG -   Updating the original prizes
2018-05-20 16:58:01,157 - ST-Steiner - DEBUG - New prizes computed.
2018-05-20 16:58:01,179 - ST-Steiner - DEBUG - Writing msgsteiner stp file to intermediate_files/temp_cluster_ap2_07.stp
2018-05-20 16:58:01,229 - ST-Steiner - DEBUG - Executing msgsteiner binary at ../msgsteiner-1.3/msgsteiner
2018-05-20 16:58:01,230 - ST-Steiner - DEBUG - Executing command: ../msgsteiner-1.3/msgsteiner -o -d 30 -r 0 -g 1e-3
2018-05-20 16:58:01,230 - ST-Steiner - DEBUG - (With inhandle intermediate_files/temp_cluster_ap2_07.stp)
2018-05-20 16:58:17,636 - ST-Steiner - DEBUG - Done. Duration: 16.407 seconds.
2018-05-20 16:58:17,637 - ST-Steiner - DEBUG - Root: FANCM
2018-05-20 16:58:17,648 - ST-Steiner - DEBUG - Tree found, 4011 nodes, 4010 edges
2018-05-20 16:58:17,648 - ST-Steiner - DEBUG - Nodes:
2018-05-20 16:58:17,648 - ST-Steiner - DEBUG - Finding Steiner tree is completed.
2018-05-20 16:58:17,650 - ST-Steiner - DEBUG - Saving to intermediate_files/temp_cluster_ap2_07.json
2018-05-20 16:58:17,685 - ST-Steiner - DEBUG - Saving to clusters/temp_cluster_ap2_07.txt
2018-05-20 16:58:17,694 - ST-Steiner - DEBUG - Intermediate files and folder are removed
2018-05-20 16:58:17,694 - ST-Steiner - DEBUG - ST-Steiner 2018-05-20 16:58:17.694296 with ID temp_cluster_ap2_07 completed.
2018-05-20 17:12:41,796 - ST-Steiner - DEBUG - Running ST-Steiner, 2018-05-20 17:12:41.796542 with ID temp_cluster_ap2_07
2018-05-20 17:12:41,797 - ST-Steiner - DEBUG - Read constraining file list from clusters/cluster_list.txt: 7 files
2018-05-20 17:12:41,797 - ST-Steiner - DEBUG - Files:
2018-05-20 17:12:41,797 - ST-Steiner - DEBUG - 	clusters/cluster_ap1_07.txt
2018-05-20 17:12:41,797 - ST-Steiner - DEBUG - 	clusters/cluster_bp1_07.txt
2018-05-20 17:12:41,797 - ST-Steiner - DEBUG - 	clusters/cluster_ap2_07.txt
2018-05-20 17:12:41,797 - ST-Steiner - DEBUG - 	clusters/cluster_bp2_07.txt
2018-05-20 17:12:41,797 - ST-Steiner - DEBUG - 	clusters/cluster_n1_05.txt
2018-05-20 17:12:41,797 - ST-Steiner - DEBUG - 	clusters/cluster_n2_05.txt
2018-05-20 17:12:41,797 - ST-Steiner - DEBUG - 	clusters/cluster_n3_05.txt
2018-05-20 17:12:41,798 - ST-Steiner - DEBUG - Loaded contraining set from clusters/cluster_ap1_07.txt: 5206 nodes
2018-05-20 17:12:41,816 - ST-Steiner - DEBUG - Loaded contraining set from clusters/cluster_bp1_07.txt: 5034 nodes
2018-05-20 17:12:41,820 - ST-Steiner - DEBUG - Loaded contraining set from clusters/cluster_ap2_07.txt: 4011 nodes
2018-05-20 17:12:41,824 - ST-Steiner - DEBUG - Loaded contraining set from clusters/cluster_bp2_07.txt: 4418 nodes
2018-05-20 17:12:41,828 - ST-Steiner - DEBUG - Loaded contraining set from clusters/cluster_n1_05.txt: 4123 nodes
2018-05-20 17:12:41,832 - ST-Steiner - DEBUG - Loaded contraining set from clusters/cluster_n2_05.txt: 4092 nodes
2018-05-20 17:12:41,836 - ST-Steiner - DEBUG - Loaded contraining set from clusters/cluster_n3_05.txt: 1270 nodes
2018-05-20 17:12:41,837 - ST-Steiner - DEBUG - Prizes read from data/tada_qval_rubeis14_iossifov14_2015_bspan_mapped.txt
2018-05-20 17:12:41,853 - ST-Steiner - DEBUG - Reading network from data/ap2_07.wnetwork
2018-05-20 17:12:41,997 - ST-Steiner - DEBUG - Network has 4,436 nodes, 16,646 edges.
2018-05-20 17:12:41,997 - ST-Steiner - DEBUG - Edge cost mode selected: 1-weightsqd
2018-05-20 17:12:41,998 - ST-Steiner - DEBUG - Computing edge costs
2018-05-20 17:12:42,047 - ST-Steiner - DEBUG - Scaling node prizes by 140.0
2018-05-20 17:12:42,053 - ST-Steiner - DEBUG - Begin computing new node prizes.
2018-05-20 17:12:42,053 - ST-Steiner - DEBUG -   Finding node frequencies in constraining networks
2018-05-20 17:12:42,063 - ST-Steiner - DEBUG -   Computing artifical prizes
2018-05-20 17:12:42,063 - ST-Steiner - DEBUG -     lambda = 1.0
2018-05-20 17:12:42,063 - ST-Steiner - DEBUG -     alpha  = 2.0
2018-05-20 17:12:42,063 - ST-Steiner - DEBUG -     mode   = positive
2018-05-20 17:12:42,065 - ST-Steiner - DEBUG -   Saving artificial prizes, to intermediate_files/temp_cluster_ap2_07.txt
2018-05-20 17:12:42,079 - ST-Steiner - DEBUG -   Updating the original prizes
2018-05-20 17:12:42,091 - ST-Steiner - DEBUG - New prizes computed.
2018-05-20 17:12:42,115 - ST-Steiner - DEBUG - Writing msgsteiner stp file to intermediate_files/temp_cluster_ap2_07.stp
2018-05-20 17:12:42,164 - ST-Steiner - DEBUG - Executing msgsteiner binary at ../msgsteiner-1.3/msgsteiner
2018-05-20 17:12:42,164 - ST-Steiner - DEBUG - Executing command: ../msgsteiner-1.3/msgsteiner -o -d 30 -r 0 -g 1e-3
2018-05-20 17:12:42,164 - ST-Steiner - DEBUG - (With inhandle intermediate_files/temp_cluster_ap2_07.stp)
2018-05-20 17:12:58,123 - ST-Steiner - DEBUG - Done. Duration: 15.958 seconds.
2018-05-20 17:12:58,123 - ST-Steiner - DEBUG - Root: FANCM
2018-05-20 17:12:58,135 - ST-Steiner - DEBUG - Tree found, 4008 nodes, 4007 edges
2018-05-20 17:12:58,135 - ST-Steiner - DEBUG - Nodes:
2018-05-20 17:12:58,135 - ST-Steiner - DEBUG - Finding Steiner tree is completed.
2018-05-20 17:12:58,138 - ST-Steiner - DEBUG - Saving to intermediate_files/temp_cluster_ap2_07.json
2018-05-20 17:12:58,174 - ST-Steiner - DEBUG - Saving to clusters/temp_cluster_ap2_07.txt
2018-05-20 17:12:58,182 - ST-Steiner - DEBUG - Intermediate files and folder are removed
2018-05-20 17:12:58,182 - ST-Steiner - DEBUG - ST-Steiner 2018-05-20 17:12:58.182904 with ID temp_cluster_ap2_07 completed.
2018-05-28 10:41:11,453 - ST-Steiner - DEBUG - Running ST-Steiner, 2018-05-28 10:41:11.453490 with ID temp_cluster_ap2_07
2018-05-28 10:41:11,453 - ST-Steiner - DEBUG - No constraint file list is provided.
2018-05-28 10:41:11,453 - ST-Steiner - DEBUG - Prizes read from data/tada_qval_rubeis14_iossifov14_2015_bspan_mapped.txt
2018-05-28 10:41:11,469 - ST-Steiner - DEBUG - Reading network from data/ap2_07.wnetwork
2018-05-28 10:41:11,622 - ST-Steiner - DEBUG - Network has 4,436 nodes, 16,646 edges.
2018-05-28 10:41:11,622 - ST-Steiner - DEBUG - Edge cost mode selected: 1-weightsqd
2018-05-28 10:41:11,622 - ST-Steiner - DEBUG - Computing edge costs
2018-05-28 10:41:11,670 - ST-Steiner - DEBUG - Scaling node prizes by 1.0
2018-05-28 10:41:11,680 - ST-Steiner - DEBUG - Begin computing new node prizes.
2018-05-28 10:41:11,680 - ST-Steiner - DEBUG -   Finding node frequencies in constraining networks
2018-05-28 10:41:11,680 - ST-Steiner - DEBUG -   Computing artifical prizes
2018-05-28 10:41:11,680 - ST-Steiner - DEBUG -     lambda = 0.0
2018-05-28 10:41:11,680 - ST-Steiner - DEBUG -     alpha  = 2.0
2018-05-28 10:41:11,680 - ST-Steiner - DEBUG -     mode   = positive
2018-05-28 10:41:11,680 - ST-Steiner - DEBUG -   Saving artificial prizes, to intermediate_files/temp_cluster_ap2_07.txt
2018-05-28 10:41:11,680 - ST-Steiner - DEBUG -   Updating the original prizes
2018-05-28 10:41:11,689 - ST-Steiner - DEBUG - New prizes computed.
2018-05-28 10:41:11,725 - ST-Steiner - DEBUG - Writing msgsteiner stp file to intermediate_files/temp_cluster_ap2_07.stp
2018-05-28 10:41:11,786 - ST-Steiner - DEBUG - Executing msgsteiner binary at ../msgsteiner-1.3/msgsteiner
2018-05-28 10:41:11,786 - ST-Steiner - DEBUG - Executing command: ../msgsteiner-1.3/msgsteiner -o -d 30 -r 0 -g 1e-3
2018-05-28 10:41:11,786 - ST-Steiner - DEBUG - (With inhandle intermediate_files/temp_cluster_ap2_07.stp)
2018-05-28 10:41:27,115 - ST-Steiner - DEBUG - Done. Duration: 15.329 seconds.
2018-05-28 10:41:27,116 - ST-Steiner - DEBUG - Root: SYNE1
2018-05-28 10:41:27,126 - ST-Steiner - DEBUG - Tree found, 3903 nodes, 3902 edges
2018-05-28 10:41:27,126 - ST-Steiner - DEBUG - Nodes:
2018-05-28 10:41:27,126 - ST-Steiner - DEBUG - Finding Steiner tree is completed.
2018-05-28 10:41:27,129 - ST-Steiner - DEBUG - Saving to intermediate_files/temp_cluster_ap2_07.json
2018-05-28 10:41:27,147 - ST-Steiner - DEBUG - Saving to clusters/temp_cluster_ap2_07.txt
2018-05-28 10:41:27,155 - ST-Steiner - DEBUG - Intermediate files and folder are removed
2018-05-28 10:41:27,155 - ST-Steiner - DEBUG - ST-Steiner 2018-05-28 10:41:27.155679 with ID temp_cluster_ap2_07 completed.
2018-05-28 10:41:27,642 - ST-Steiner - DEBUG - Running ST-Steiner, 2018-05-28 10:41:27.642255 with ID temp_cluster_ap2_07
2018-05-28 10:41:27,642 - ST-Steiner - DEBUG - No constraint file list is provided.
2018-05-28 10:41:27,642 - ST-Steiner - DEBUG - Prizes read from data/tada_qval_rubeis14_iossifov14_2015_bspan_mapped.txt
2018-05-28 10:41:27,658 - ST-Steiner - DEBUG - Reading network from data/ap2_07.wnetwork
2018-05-28 10:41:27,808 - ST-Steiner - DEBUG - Network has 4,436 nodes, 16,646 edges.
2018-05-28 10:41:27,808 - ST-Steiner - DEBUG - Edge cost mode selected: 1-weightsqd
2018-05-28 10:41:27,808 - ST-Steiner - DEBUG - Computing edge costs
2018-05-28 10:41:27,858 - ST-Steiner - DEBUG - Scaling node prizes by 1.1
2018-05-28 10:41:27,869 - ST-Steiner - DEBUG - Begin computing new node prizes.
2018-05-28 10:41:27,870 - ST-Steiner - DEBUG -   Finding node frequencies in constraining networks
2018-05-28 10:41:27,870 - ST-Steiner - DEBUG -   Computing artifical prizes
2018-05-28 10:41:27,870 - ST-Steiner - DEBUG -     lambda = 0.0
2018-05-28 10:41:27,870 - ST-Steiner - DEBUG -     alpha  = 2.0
2018-05-28 10:41:27,870 - ST-Steiner - DEBUG -     mode   = positive
2018-05-28 10:41:27,870 - ST-Steiner - DEBUG -   Saving artificial prizes, to intermediate_files/temp_cluster_ap2_07.txt
2018-05-28 10:41:27,870 - ST-Steiner - DEBUG -   Updating the original prizes
2018-05-28 10:41:27,878 - ST-Steiner - DEBUG - New prizes computed.
2018-05-28 10:41:27,905 - ST-Steiner - DEBUG - Writing msgsteiner stp file to intermediate_files/temp_cluster_ap2_07.stp
2018-05-28 10:41:27,965 - ST-Steiner - DEBUG - Executing msgsteiner binary at ../msgsteiner-1.3/msgsteiner
2018-05-28 10:41:27,966 - ST-Steiner - DEBUG - Executing command: ../msgsteiner-1.3/msgsteiner -o -d 30 -r 0 -g 1e-3
2018-05-28 10:41:27,966 - ST-Steiner - DEBUG - (With inhandle intermediate_files/temp_cluster_ap2_07.stp)
2018-05-28 10:41:43,435 - ST-Steiner - DEBUG - Done. Duration: 15.469 seconds.
2018-05-28 10:41:43,435 - ST-Steiner - DEBUG - Root: SYNE1
2018-05-28 10:41:43,446 - ST-Steiner - DEBUG - Tree found, 3914 nodes, 3913 edges
2018-05-28 10:41:43,446 - ST-Steiner - DEBUG - Nodes:
2018-05-28 10:41:43,446 - ST-Steiner - DEBUG - Finding Steiner tree is completed.
2018-05-28 10:41:43,448 - ST-Steiner - DEBUG - Saving to intermediate_files/temp_cluster_ap2_07.json
2018-05-28 10:41:43,466 - ST-Steiner - DEBUG - Saving to clusters/temp_cluster_ap2_07.txt
2018-05-28 10:41:43,474 - ST-Steiner - DEBUG - Intermediate files and folder are removed
2018-05-28 10:41:43,474 - ST-Steiner - DEBUG - ST-Steiner 2018-05-28 10:41:43.474168 with ID temp_cluster_ap2_07 completed.
2018-05-28 10:41:43,965 - ST-Steiner - DEBUG - Running ST-Steiner, 2018-05-28 10:41:43.965415 with ID temp_cluster_ap2_07
2018-05-28 10:41:43,965 - ST-Steiner - DEBUG - No constraint file list is provided.
2018-05-28 10:41:43,965 - ST-Steiner - DEBUG - Prizes read from data/tada_qval_rubeis14_iossifov14_2015_bspan_mapped.txt
2018-05-28 10:41:43,981 - ST-Steiner - DEBUG - Reading network from data/ap2_07.wnetwork
2018-05-28 10:41:44,134 - ST-Steiner - DEBUG - Network has 4,436 nodes, 16,646 edges.
2018-05-28 10:41:44,134 - ST-Steiner - DEBUG - Edge cost mode selected: 1-weightsqd
2018-05-28 10:41:44,135 - ST-Steiner - DEBUG - Computing edge costs
2018-05-28 10:41:44,182 - ST-Steiner - DEBUG - Scaling node prizes by 1.2000000000000002
2018-05-28 10:41:44,191 - ST-Steiner - DEBUG - Begin computing new node prizes.
2018-05-28 10:41:44,191 - ST-Steiner - DEBUG -   Finding node frequencies in constraining networks
2018-05-28 10:41:44,191 - ST-Steiner - DEBUG -   Computing artifical prizes
2018-05-28 10:41:44,191 - ST-Steiner - DEBUG -     lambda = 0.0
2018-05-28 10:41:44,191 - ST-Steiner - DEBUG -     alpha  = 2.0
2018-05-28 10:41:44,191 - ST-Steiner - DEBUG -     mode   = positive
2018-05-28 10:41:44,192 - ST-Steiner - DEBUG -   Saving artificial prizes, to intermediate_files/temp_cluster_ap2_07.txt
2018-05-28 10:41:44,192 - ST-Steiner - DEBUG -   Updating the original prizes
2018-05-28 10:41:44,199 - ST-Steiner - DEBUG - New prizes computed.
2018-05-28 10:41:44,228 - ST-Steiner - DEBUG - Writing msgsteiner stp file to intermediate_files/temp_cluster_ap2_07.stp
2018-05-28 10:41:44,285 - ST-Steiner - DEBUG - Executing msgsteiner binary at ../msgsteiner-1.3/msgsteiner
2018-05-28 10:41:44,286 - ST-Steiner - DEBUG - Executing command: ../msgsteiner-1.3/msgsteiner -o -d 30 -r 0 -g 1e-3
2018-05-28 10:41:44,286 - ST-Steiner - DEBUG - (With inhandle intermediate_files/temp_cluster_ap2_07.stp)
2018-05-28 10:42:00,053 - ST-Steiner - DEBUG - Done. Duration: 15.767 seconds.
2018-05-28 10:42:00,053 - ST-Steiner - DEBUG - Root: SYNE1
2018-05-28 10:42:00,065 - ST-Steiner - DEBUG - Tree found, 3925 nodes, 3924 edges
2018-05-28 10:42:00,065 - ST-Steiner - DEBUG - Nodes:
2018-05-28 10:42:00,065 - ST-Steiner - DEBUG - Finding Steiner tree is completed.
2018-05-28 10:42:00,067 - ST-Steiner - DEBUG - Saving to intermediate_files/temp_cluster_ap2_07.json
2018-05-28 10:42:00,087 - ST-Steiner - DEBUG - Saving to clusters/temp_cluster_ap2_07.txt
2018-05-28 10:42:00,099 - ST-Steiner - DEBUG - Intermediate files and folder are removed
2018-05-28 10:42:00,100 - ST-Steiner - DEBUG - ST-Steiner 2018-05-28 10:42:00.100002 with ID temp_cluster_ap2_07 completed.
2018-05-28 10:42:00,605 - ST-Steiner - DEBUG - Running ST-Steiner, 2018-05-28 10:42:00.605158 with ID temp_cluster_ap2_07
2018-05-28 10:42:00,605 - ST-Steiner - DEBUG - No constraint file list is provided.
2018-05-28 10:42:00,605 - ST-Steiner - DEBUG - Prizes read from data/tada_qval_rubeis14_iossifov14_2015_bspan_mapped.txt
2018-05-28 10:42:00,622 - ST-Steiner - DEBUG - Reading network from data/ap2_07.wnetwork
2018-05-28 10:42:00,784 - ST-Steiner - DEBUG - Network has 4,436 nodes, 16,646 edges.
2018-05-28 10:42:00,784 - ST-Steiner - DEBUG - Edge cost mode selected: 1-weightsqd
2018-05-28 10:42:00,784 - ST-Steiner - DEBUG - Computing edge costs
2018-05-28 10:42:00,835 - ST-Steiner - DEBUG - Scaling node prizes by 1.3000000000000003
2018-05-28 10:42:00,847 - ST-Steiner - DEBUG - Begin computing new node prizes.
2018-05-28 10:42:00,848 - ST-Steiner - DEBUG -   Finding node frequencies in constraining networks
2018-05-28 10:42:00,848 - ST-Steiner - DEBUG -   Computing artifical prizes
2018-05-28 10:42:00,848 - ST-Steiner - DEBUG -     lambda = 0.0
2018-05-28 10:42:00,848 - ST-Steiner - DEBUG -     alpha  = 2.0
2018-05-28 10:42:00,848 - ST-Steiner - DEBUG -     mode   = positive
2018-05-28 10:42:00,848 - ST-Steiner - DEBUG -   Saving artificial prizes, to intermediate_files/temp_cluster_ap2_07.txt
2018-05-28 10:42:00,848 - ST-Steiner - DEBUG -   Updating the original prizes
2018-05-28 10:42:00,855 - ST-Steiner - DEBUG - New prizes computed.
2018-05-28 10:42:00,890 - ST-Steiner - DEBUG - Writing msgsteiner stp file to intermediate_files/temp_cluster_ap2_07.stp
2018-05-28 10:42:00,951 - ST-Steiner - DEBUG - Executing msgsteiner binary at ../msgsteiner-1.3/msgsteiner
2018-05-28 10:42:00,952 - ST-Steiner - DEBUG - Executing command: ../msgsteiner-1.3/msgsteiner -o -d 30 -r 0 -g 1e-3
2018-05-28 10:42:00,952 - ST-Steiner - DEBUG - (With inhandle intermediate_files/temp_cluster_ap2_07.stp)
2018-05-28 10:42:15,752 - ST-Steiner - DEBUG - Done. Duration: 14.8 seconds.
2018-05-28 10:42:15,752 - ST-Steiner - DEBUG - Root: SYNE1
2018-05-28 10:42:15,763 - ST-Steiner - DEBUG - Tree found, 3934 nodes, 3933 edges
2018-05-28 10:42:15,763 - ST-Steiner - DEBUG - Nodes:
2018-05-28 10:42:15,763 - ST-Steiner - DEBUG - Finding Steiner tree is completed.
2018-05-28 10:42:15,766 - ST-Steiner - DEBUG - Saving to intermediate_files/temp_cluster_ap2_07.json
2018-05-28 10:42:15,783 - ST-Steiner - DEBUG - Saving to clusters/temp_cluster_ap2_07.txt
2018-05-28 10:42:15,791 - ST-Steiner - DEBUG - Intermediate files and folder are removed
2018-05-28 10:42:15,791 - ST-Steiner - DEBUG - ST-Steiner 2018-05-28 10:42:15.791403 with ID temp_cluster_ap2_07 completed.
2018-05-28 12:07:08,534 - ST-Steiner - DEBUG - Running ST-Steiner, 2018-05-28 12:07:08.534357 with ID temp_cluster_ap2_07
2018-05-28 12:07:08,534 - ST-Steiner - DEBUG - No constraint file list is provided.
2018-05-28 12:07:08,534 - ST-Steiner - DEBUG - Prizes read from data/tada_qval_rubeis14_iossifov14_2015_bspan_mapped.txt
2018-05-28 12:07:08,549 - ST-Steiner - DEBUG - Reading network from data/ap2_07.wnetwork
2018-05-28 12:07:08,700 - ST-Steiner - DEBUG - Network has 4,436 nodes, 16,646 edges.
2018-05-28 12:07:08,700 - ST-Steiner - DEBUG - Edge cost mode selected: 1-weightsqd
2018-05-28 12:07:08,700 - ST-Steiner - DEBUG - Computing edge costs
2018-05-28 12:07:08,746 - ST-Steiner - DEBUG - Scaling node prizes by 0.2
2018-05-28 12:07:08,755 - ST-Steiner - DEBUG - Begin computing new node prizes.
2018-05-28 12:07:08,755 - ST-Steiner - DEBUG -   Finding node frequencies in constraining networks
2018-05-28 12:07:08,755 - ST-Steiner - DEBUG -   Computing artifical prizes
2018-05-28 12:07:08,755 - ST-Steiner - DEBUG -     lambda = 0.0
2018-05-28 12:07:08,755 - ST-Steiner - DEBUG -     alpha  = 2.0
2018-05-28 12:07:08,755 - ST-Steiner - DEBUG -     mode   = positive
2018-05-28 12:07:08,755 - ST-Steiner - DEBUG -   Saving artificial prizes, to intermediate_files/temp_cluster_ap2_07.txt
2018-05-28 12:07:08,755 - ST-Steiner - DEBUG -   Updating the original prizes
2018-05-28 12:07:08,763 - ST-Steiner - DEBUG - New prizes computed.
2018-05-28 12:07:08,785 - ST-Steiner - DEBUG - Writing msgsteiner stp file to intermediate_files/temp_cluster_ap2_07.stp
2018-05-28 12:07:08,841 - ST-Steiner - DEBUG - Executing msgsteiner binary at ../msgsteiner-1.3/msgsteiner
2018-05-28 12:07:08,841 - ST-Steiner - DEBUG - Executing command: ../msgsteiner-1.3/msgsteiner -o -d 30 -r 0 -g 1e-3
2018-05-28 12:07:08,841 - ST-Steiner - DEBUG - (With inhandle intermediate_files/temp_cluster_ap2_07.stp)
2018-05-28 12:07:15,075 - ST-Steiner - DEBUG - Done. Duration: 6.234 seconds.
2018-05-28 12:07:15,075 - ST-Steiner - DEBUG - Root: SYNE1
2018-05-28 12:07:15,075 - ST-Steiner - DEBUG - Tree found, 0 nodes, 0 edges
2018-05-28 12:07:15,075 - ST-Steiner - DEBUG - Nodes:
2018-05-28 12:07:15,075 - ST-Steiner - DEBUG - Edges:
2018-05-28 12:07:15,075 - ST-Steiner - DEBUG - Finding Steiner tree is completed.
2018-05-28 12:07:15,076 - ST-Steiner - DEBUG - Saving to intermediate_files/temp_cluster_ap2_07.json
2018-05-28 12:07:15,076 - ST-Steiner - DEBUG - Saving to clusters/temp_cluster_ap2_07.txt
2018-05-28 12:07:15,077 - ST-Steiner - DEBUG - Intermediate files and folder are removed
2018-05-28 12:07:15,077 - ST-Steiner - DEBUG - ST-Steiner 2018-05-28 12:07:15.077795 with ID temp_cluster_ap2_07 completed.
2018-05-28 13:18:32,910 - ST-Steiner - DEBUG - Running ST-Steiner, 2018-05-28 13:18:32.910605 with ID temp_cluster_ap2_07
2018-05-28 13:18:32,910 - ST-Steiner - DEBUG - No constraint file list is provided.
2018-05-28 13:18:32,910 - ST-Steiner - DEBUG - Prizes read from data/tada_qval_rubeis14_iossifov14_2015_bspan_mapped.txt
2018-05-28 13:18:32,926 - ST-Steiner - DEBUG - Reading network from data/ap2_07.wnetwork
2018-05-28 13:18:33,075 - ST-Steiner - DEBUG - Network has 4,436 nodes, 16,646 edges.
2018-05-28 13:18:33,075 - ST-Steiner - DEBUG - Edge cost mode selected: 1-weightsqd
2018-05-28 13:18:33,075 - ST-Steiner - DEBUG - Computing edge costs
2018-05-28 13:18:33,121 - ST-Steiner - DEBUG - Scaling node prizes by 0.5
2018-05-28 13:18:33,131 - ST-Steiner - DEBUG - Begin computing new node prizes.
2018-05-28 13:18:33,131 - ST-Steiner - DEBUG -   Finding node frequencies in constraining networks
2018-05-28 13:18:33,131 - ST-Steiner - DEBUG -   Computing artifical prizes
2018-05-28 13:18:33,131 - ST-Steiner - DEBUG -     lambda = 0.0
2018-05-28 13:18:33,131 - ST-Steiner - DEBUG -     alpha  = 2.0
2018-05-28 13:18:33,131 - ST-Steiner - DEBUG -     mode   = positive
2018-05-28 13:18:33,131 - ST-Steiner - DEBUG -   Saving artificial prizes, to intermediate_files/temp_cluster_ap2_07.txt
2018-05-28 13:18:33,132 - ST-Steiner - DEBUG -   Updating the original prizes
2018-05-28 13:18:33,140 - ST-Steiner - DEBUG - New prizes computed.
2018-05-28 13:18:33,166 - ST-Steiner - DEBUG - Writing msgsteiner stp file to intermediate_files/temp_cluster_ap2_07.stp
2018-05-28 13:18:33,223 - ST-Steiner - DEBUG - Executing msgsteiner binary at ../msgsteiner-1.3/msgsteiner
2018-05-28 13:18:33,223 - ST-Steiner - DEBUG - Executing command: ../msgsteiner-1.3/msgsteiner -o -d 30 -r 0 -g 1e-3
2018-05-28 13:18:33,224 - ST-Steiner - DEBUG - (With inhandle intermediate_files/temp_cluster_ap2_07.stp)
2018-05-28 13:18:51,325 - ST-Steiner - DEBUG - Done. Duration: 18.101 seconds.
2018-05-28 13:18:51,325 - ST-Steiner - DEBUG - Root: SYNE1
2018-05-28 13:18:51,334 - ST-Steiner - DEBUG - Tree found, 3273 nodes, 3272 edges
2018-05-28 13:18:51,334 - ST-Steiner - DEBUG - Nodes:
2018-05-28 13:18:51,334 - ST-Steiner - DEBUG - Finding Steiner tree is completed.
2018-05-28 13:18:51,336 - ST-Steiner - DEBUG - Saving to intermediate_files/temp_cluster_ap2_07.json
2018-05-28 13:18:51,351 - ST-Steiner - DEBUG - Saving to clusters/temp_cluster_ap2_07.txt
2018-05-28 13:18:51,358 - ST-Steiner - DEBUG - Intermediate files and folder are removed
2018-05-28 13:18:51,358 - ST-Steiner - DEBUG - ST-Steiner 2018-05-28 13:18:51.358320 with ID temp_cluster_ap2_07 completed.
2018-05-28 13:18:51,835 - ST-Steiner - DEBUG - Running ST-Steiner, 2018-05-28 13:18:51.835870 with ID temp_cluster_ap2_07
2018-05-28 13:18:51,836 - ST-Steiner - DEBUG - No constraint file list is provided.
2018-05-28 13:18:51,836 - ST-Steiner - DEBUG - Prizes read from data/tada_qval_rubeis14_iossifov14_2015_bspan_mapped.txt
2018-05-28 13:18:51,851 - ST-Steiner - DEBUG - Reading network from data/ap2_07.wnetwork
2018-05-28 13:18:52,006 - ST-Steiner - DEBUG - Network has 4,436 nodes, 16,646 edges.
2018-05-28 13:18:52,006 - ST-Steiner - DEBUG - Edge cost mode selected: 1-weightsqd
2018-05-28 13:18:52,006 - ST-Steiner - DEBUG - Computing edge costs
2018-05-28 13:18:52,051 - ST-Steiner - DEBUG - Scaling node prizes by 0.48
2018-05-28 13:18:52,059 - ST-Steiner - DEBUG - Begin computing new node prizes.
2018-05-28 13:18:52,059 - ST-Steiner - DEBUG -   Finding node frequencies in constraining networks
2018-05-28 13:18:52,059 - ST-Steiner - DEBUG -   Computing artifical prizes
2018-05-28 13:18:52,060 - ST-Steiner - DEBUG -     lambda = 0.0
2018-05-28 13:18:52,060 - ST-Steiner - DEBUG -     alpha  = 2.0
2018-05-28 13:18:52,060 - ST-Steiner - DEBUG -     mode   = positive
2018-05-28 13:18:52,060 - ST-Steiner - DEBUG -   Saving artificial prizes, to intermediate_files/temp_cluster_ap2_07.txt
2018-05-28 13:18:52,060 - ST-Steiner - DEBUG -   Updating the original prizes
2018-05-28 13:18:52,068 - ST-Steiner - DEBUG - New prizes computed.
2018-05-28 13:18:52,094 - ST-Steiner - DEBUG - Writing msgsteiner stp file to intermediate_files/temp_cluster_ap2_07.stp
2018-05-28 13:18:52,157 - ST-Steiner - DEBUG - Executing msgsteiner binary at ../msgsteiner-1.3/msgsteiner
2018-05-28 13:18:52,157 - ST-Steiner - DEBUG - Executing command: ../msgsteiner-1.3/msgsteiner -o -d 30 -r 0 -g 1e-3
2018-05-28 13:18:52,157 - ST-Steiner - DEBUG - (With inhandle intermediate_files/temp_cluster_ap2_07.stp)
2018-05-28 13:19:10,055 - ST-Steiner - DEBUG - Done. Duration: 17.898 seconds.
2018-05-28 13:19:10,055 - ST-Steiner - DEBUG - Root: SYNE1
2018-05-28 13:19:10,063 - ST-Steiner - DEBUG - Tree found, 3060 nodes, 3059 edges
2018-05-28 13:19:10,063 - ST-Steiner - DEBUG - Nodes:
2018-05-28 13:19:10,064 - ST-Steiner - DEBUG - Finding Steiner tree is completed.
2018-05-28 13:19:10,065 - ST-Steiner - DEBUG - Saving to intermediate_files/temp_cluster_ap2_07.json
2018-05-28 13:19:10,079 - ST-Steiner - DEBUG - Saving to clusters/temp_cluster_ap2_07.txt
2018-05-28 13:19:10,086 - ST-Steiner - DEBUG - Intermediate files and folder are removed
2018-05-28 13:19:10,086 - ST-Steiner - DEBUG - ST-Steiner 2018-05-28 13:19:10.086569 with ID temp_cluster_ap2_07 completed.
2018-05-28 13:19:10,572 - ST-Steiner - DEBUG - Running ST-Steiner, 2018-05-28 13:19:10.572401 with ID temp_cluster_ap2_07
2018-05-28 13:19:10,572 - ST-Steiner - DEBUG - No constraint file list is provided.
2018-05-28 13:19:10,572 - ST-Steiner - DEBUG - Prizes read from data/tada_qval_rubeis14_iossifov14_2015_bspan_mapped.txt
2018-05-28 13:19:10,588 - ST-Steiner - DEBUG - Reading network from data/ap2_07.wnetwork
2018-05-28 13:19:10,752 - ST-Steiner - DEBUG - Network has 4,436 nodes, 16,646 edges.
2018-05-28 13:19:10,752 - ST-Steiner - DEBUG - Edge cost mode selected: 1-weightsqd
2018-05-28 13:19:10,752 - ST-Steiner - DEBUG - Computing edge costs
2018-05-28 13:19:10,798 - ST-Steiner - DEBUG - Scaling node prizes by 0.45999999999999996
2018-05-28 13:19:10,807 - ST-Steiner - DEBUG - Begin computing new node prizes.
2018-05-28 13:19:10,808 - ST-Steiner - DEBUG -   Finding node frequencies in constraining networks
2018-05-28 13:19:10,808 - ST-Steiner - DEBUG -   Computing artifical prizes
2018-05-28 13:19:10,808 - ST-Steiner - DEBUG -     lambda = 0.0
2018-05-28 13:19:10,808 - ST-Steiner - DEBUG -     alpha  = 2.0
2018-05-28 13:19:10,808 - ST-Steiner - DEBUG -     mode   = positive
2018-05-28 13:19:10,808 - ST-Steiner - DEBUG -   Saving artificial prizes, to intermediate_files/temp_cluster_ap2_07.txt
2018-05-28 13:19:10,808 - ST-Steiner - DEBUG -   Updating the original prizes
2018-05-28 13:19:10,816 - ST-Steiner - DEBUG - New prizes computed.
2018-05-28 13:19:10,842 - ST-Steiner - DEBUG - Writing msgsteiner stp file to intermediate_files/temp_cluster_ap2_07.stp
2018-05-28 13:19:10,898 - ST-Steiner - DEBUG - Executing msgsteiner binary at ../msgsteiner-1.3/msgsteiner
2018-05-28 13:19:10,898 - ST-Steiner - DEBUG - Executing command: ../msgsteiner-1.3/msgsteiner -o -d 30 -r 0 -g 1e-3
2018-05-28 13:19:10,899 - ST-Steiner - DEBUG - (With inhandle intermediate_files/temp_cluster_ap2_07.stp)
2018-05-28 13:19:26,194 - ST-Steiner - DEBUG - Done. Duration: 15.295 seconds.
2018-05-28 13:19:26,194 - ST-Steiner - DEBUG - Root: SYNE1
2018-05-28 13:19:26,202 - ST-Steiner - DEBUG - Tree found, 2817 nodes, 2816 edges
2018-05-28 13:19:26,203 - ST-Steiner - DEBUG - Nodes:
2018-05-28 13:19:26,203 - ST-Steiner - DEBUG - Finding Steiner tree is completed.
2018-05-28 13:19:26,204 - ST-Steiner - DEBUG - Saving to intermediate_files/temp_cluster_ap2_07.json
2018-05-28 13:19:26,221 - ST-Steiner - DEBUG - Saving to clusters/temp_cluster_ap2_07.txt
2018-05-28 13:19:26,227 - ST-Steiner - DEBUG - Intermediate files and folder are removed
2018-05-28 13:19:26,227 - ST-Steiner - DEBUG - ST-Steiner 2018-05-28 13:19:26.227828 with ID temp_cluster_ap2_07 completed.
